[0.088s] DEBUG:colcon:Command line arguments: ['/usr/bin/colcon', 'build']
[0.088s] DEBUG:colcon:Parsed command line arguments: Namespace(log_base=None, log_level=None, verb_name='build', build_base='build', install_base='install', merge_install=False, symlink_install=False, test_result_base=None, continue_on_error=False, executor='parallel', parallel_workers=16, event_handlers=None, ignore_user_meta=False, metas=['./colcon.meta'], base_paths=['.'], packages_ignore=None, packages_ignore_regex=None, paths=None, packages_up_to=None, packages_up_to_regex=None, packages_above=None, packages_above_and_dependencies=None, packages_above_depth=None, packages_select_by_dep=None, packages_skip_by_dep=None, packages_skip_up_to=None, packages_select_build_failed=False, packages_skip_build_finished=False, packages_select_test_failures=False, packages_skip_test_passed=False, packages_select=None, packages_skip=None, packages_select_regex=None, packages_skip_regex=None, packages_start=None, packages_end=None, allow_overriding=[], cmake_args=None, cmake_target=None, cmake_target_skip_unavailable=False, cmake_clean_cache=False, cmake_clean_first=False, cmake_force_configure=False, ament_cmake_args=None, catkin_cmake_args=None, catkin_skip_building_tests=False, mixin_files=None, mixin=None, verb_parser=<colcon_mixin.mixin.mixin_argument.MixinArgumentDecorator object at 0x7f25336c3fe0>, verb_extension=<colcon_core.verb.build.BuildVerb object at 0x7f2532887860>, main=<bound method BuildVerb.main of <colcon_core.verb.build.BuildVerb object at 0x7f2532887860>>, mixin_verb=('build',))
[0.121s] Level 1:colcon.colcon_core.package_discovery:discover_packages(colcon_meta) check parameters
[0.121s] Level 1:colcon.colcon_core.package_discovery:discover_packages(recursive) check parameters
[0.121s] Level 1:colcon.colcon_core.package_discovery:discover_packages(ignore) check parameters
[0.121s] Level 1:colcon.colcon_core.package_discovery:discover_packages(path) check parameters
[0.121s] Level 1:colcon.colcon_core.package_discovery:discover_packages(colcon_meta) discover
[0.121s] Level 1:colcon.colcon_core.package_discovery:discover_packages(recursive) discover
[0.121s] INFO:colcon.colcon_core.package_discovery:Crawling recursively for packages in '/home/yc/Documents/ROS2/ros_robot_controller-ros2'
[0.121s] Level 1:colcon.colcon_core.package_identification:_identify(.) by extensions ['ignore', 'ignore_ament_install']
[0.122s] Level 1:colcon.colcon_core.package_identification:_identify(.) by extension 'ignore'
[0.122s] Level 1:colcon.colcon_core.package_identification:_identify(.) by extension 'ignore_ament_install'
[0.122s] Level 1:colcon.colcon_core.package_identification:_identify(.) by extensions ['colcon_pkg']
[0.122s] Level 1:colcon.colcon_core.package_identification:_identify(.) by extension 'colcon_pkg'
[0.122s] Level 1:colcon.colcon_core.package_identification:_identify(.) by extensions ['colcon_meta']
[0.122s] Level 1:colcon.colcon_core.package_identification:_identify(.) by extension 'colcon_meta'
[0.122s] Level 1:colcon.colcon_core.package_identification:_identify(.) by extensions ['ros']
[0.122s] Level 1:colcon.colcon_core.package_identification:_identify(.) by extension 'ros'
[0.143s] Level 1:colcon.colcon_core.package_identification:_identify(.) by extensions ['cmake', 'python']
[0.143s] Level 1:colcon.colcon_core.package_identification:_identify(.) by extension 'cmake'
[0.143s] Level 1:colcon.colcon_core.package_identification:_identify(.) by extension 'python'
[0.144s] Level 1:colcon.colcon_core.package_identification:_identify(.) by extensions ['python_setup_py']
[0.144s] Level 1:colcon.colcon_core.package_identification:_identify(.) by extension 'python_setup_py'
[0.144s] Level 1:colcon.colcon_core.package_identification:_identify(build) by extensions ['ignore', 'ignore_ament_install']
[0.144s] Level 1:colcon.colcon_core.package_identification:_identify(build) by extension 'ignore'
[0.144s] Level 1:colcon.colcon_core.package_identification:_identify(build) ignored
[0.144s] Level 1:colcon.colcon_core.package_identification:_identify(config) by extensions ['ignore', 'ignore_ament_install']
[0.144s] Level 1:colcon.colcon_core.package_identification:_identify(config) by extension 'ignore'
[0.144s] Level 1:colcon.colcon_core.package_identification:_identify(config) by extension 'ignore_ament_install'
[0.144s] Level 1:colcon.colcon_core.package_identification:_identify(config) by extensions ['colcon_pkg']
[0.144s] Level 1:colcon.colcon_core.package_identification:_identify(config) by extension 'colcon_pkg'
[0.144s] Level 1:colcon.colcon_core.package_identification:_identify(config) by extensions ['colcon_meta']
[0.144s] Level 1:colcon.colcon_core.package_identification:_identify(config) by extension 'colcon_meta'
[0.144s] Level 1:colcon.colcon_core.package_identification:_identify(config) by extensions ['ros']
[0.144s] Level 1:colcon.colcon_core.package_identification:_identify(config) by extension 'ros'
[0.144s] Level 1:colcon.colcon_core.package_identification:_identify(config) by extensions ['cmake', 'python']
[0.144s] Level 1:colcon.colcon_core.package_identification:_identify(config) by extension 'cmake'
[0.144s] Level 1:colcon.colcon_core.package_identification:_identify(config) by extension 'python'
[0.144s] Level 1:colcon.colcon_core.package_identification:_identify(config) by extensions ['python_setup_py']
[0.144s] Level 1:colcon.colcon_core.package_identification:_identify(config) by extension 'python_setup_py'
[0.144s] Level 1:colcon.colcon_core.package_identification:_identify(install) by extensions ['ignore', 'ignore_ament_install']
[0.145s] Level 1:colcon.colcon_core.package_identification:_identify(install) by extension 'ignore'
[0.145s] Level 1:colcon.colcon_core.package_identification:_identify(install) ignored
[0.145s] Level 1:colcon.colcon_core.package_identification:_identify(log) by extensions ['ignore', 'ignore_ament_install']
[0.145s] Level 1:colcon.colcon_core.package_identification:_identify(log) by extension 'ignore'
[0.145s] Level 1:colcon.colcon_core.package_identification:_identify(log) ignored
[0.145s] Level 1:colcon.colcon_core.package_identification:_identify(src) by extensions ['ignore', 'ignore_ament_install']
[0.145s] Level 1:colcon.colcon_core.package_identification:_identify(src) by extension 'ignore'
[0.145s] Level 1:colcon.colcon_core.package_identification:_identify(src) by extension 'ignore_ament_install'
[0.145s] Level 1:colcon.colcon_core.package_identification:_identify(src) by extensions ['colcon_pkg']
[0.145s] Level 1:colcon.colcon_core.package_identification:_identify(src) by extension 'colcon_pkg'
[0.145s] Level 1:colcon.colcon_core.package_identification:_identify(src) by extensions ['colcon_meta']
[0.145s] Level 1:colcon.colcon_core.package_identification:_identify(src) by extension 'colcon_meta'
[0.145s] Level 1:colcon.colcon_core.package_identification:_identify(src) by extensions ['ros']
[0.145s] Level 1:colcon.colcon_core.package_identification:_identify(src) by extension 'ros'
[0.145s] Level 1:colcon.colcon_core.package_identification:_identify(src) by extensions ['cmake', 'python']
[0.145s] Level 1:colcon.colcon_core.package_identification:_identify(src) by extension 'cmake'
[0.145s] Level 1:colcon.colcon_core.package_identification:_identify(src) by extension 'python'
[0.145s] Level 1:colcon.colcon_core.package_identification:_identify(src) by extensions ['python_setup_py']
[0.145s] Level 1:colcon.colcon_core.package_identification:_identify(src) by extension 'python_setup_py'
[0.145s] Level 1:colcon.colcon_core.package_identification:_identify(src/ros_control_station) by extensions ['ignore', 'ignore_ament_install']
[0.146s] Level 1:colcon.colcon_core.package_identification:_identify(src/ros_control_station) by extension 'ignore'
[0.146s] Level 1:colcon.colcon_core.package_identification:_identify(src/ros_control_station) by extension 'ignore_ament_install'
[0.146s] Level 1:colcon.colcon_core.package_identification:_identify(src/ros_control_station) by extensions ['colcon_pkg']
[0.146s] Level 1:colcon.colcon_core.package_identification:_identify(src/ros_control_station) by extension 'colcon_pkg'
[0.146s] Level 1:colcon.colcon_core.package_identification:_identify(src/ros_control_station) by extensions ['colcon_meta']
[0.146s] Level 1:colcon.colcon_core.package_identification:_identify(src/ros_control_station) by extension 'colcon_meta'
[0.146s] Level 1:colcon.colcon_core.package_identification:_identify(src/ros_control_station) by extensions ['ros']
[0.146s] Level 1:colcon.colcon_core.package_identification:_identify(src/ros_control_station) by extension 'ros'
[0.148s] DEBUG:colcon.colcon_core.package_identification:Package 'src/ros_control_station' with type 'ros.ament_python' and name 'ros_control_station'
[0.148s] Level 1:colcon.colcon_core.package_identification:_identify(src/ros_robot_controller) by extensions ['ignore', 'ignore_ament_install']
[0.148s] Level 1:colcon.colcon_core.package_identification:_identify(src/ros_robot_controller) by extension 'ignore'
[0.148s] Level 1:colcon.colcon_core.package_identification:_identify(src/ros_robot_controller) by extension 'ignore_ament_install'
[0.148s] Level 1:colcon.colcon_core.package_identification:_identify(src/ros_robot_controller) by extensions ['colcon_pkg']
[0.148s] Level 1:colcon.colcon_core.package_identification:_identify(src/ros_robot_controller) by extension 'colcon_pkg'
[0.148s] Level 1:colcon.colcon_core.package_identification:_identify(src/ros_robot_controller) by extensions ['colcon_meta']
[0.148s] Level 1:colcon.colcon_core.package_identification:_identify(src/ros_robot_controller) by extension 'colcon_meta'
[0.148s] Level 1:colcon.colcon_core.package_identification:_identify(src/ros_robot_controller) by extensions ['ros']
[0.148s] Level 1:colcon.colcon_core.package_identification:_identify(src/ros_robot_controller) by extension 'ros'
[0.149s] DEBUG:colcon.colcon_core.package_identification:Package 'src/ros_robot_controller' with type 'ros.ament_python' and name 'ros_robot_controller'
[0.149s] Level 1:colcon.colcon_core.package_identification:_identify(src/ros_robot_controller_msgs) by extensions ['ignore', 'ignore_ament_install']
[0.149s] Level 1:colcon.colcon_core.package_identification:_identify(src/ros_robot_controller_msgs) by extension 'ignore'
[0.149s] Level 1:colcon.colcon_core.package_identification:_identify(src/ros_robot_controller_msgs) by extension 'ignore_ament_install'
[0.149s] Level 1:colcon.colcon_core.package_identification:_identify(src/ros_robot_controller_msgs) by extensions ['colcon_pkg']
[0.149s] Level 1:colcon.colcon_core.package_identification:_identify(src/ros_robot_controller_msgs) by extension 'colcon_pkg'
[0.149s] Level 1:colcon.colcon_core.package_identification:_identify(src/ros_robot_controller_msgs) by extensions ['colcon_meta']
[0.149s] Level 1:colcon.colcon_core.package_identification:_identify(src/ros_robot_controller_msgs) by extension 'colcon_meta'
[0.149s] Level 1:colcon.colcon_core.package_identification:_identify(src/ros_robot_controller_msgs) by extensions ['ros']
[0.149s] Level 1:colcon.colcon_core.package_identification:_identify(src/ros_robot_controller_msgs) by extension 'ros'
[0.150s] DEBUG:colcon.colcon_core.package_identification:Package 'src/ros_robot_controller_msgs' with type 'ros.ament_cmake' and name 'ros_robot_controller_msgs'
[0.150s] Level 1:colcon.colcon_core.package_discovery:discover_packages(recursive) using defaults
[0.150s] Level 1:colcon.colcon_core.package_discovery:discover_packages(ignore) discover
[0.150s] Level 1:colcon.colcon_core.package_discovery:discover_packages(ignore) using defaults
[0.150s] Level 1:colcon.colcon_core.package_discovery:discover_packages(path) discover
[0.150s] Level 1:colcon.colcon_core.package_discovery:discover_packages(path) using defaults
[0.164s] Level 1:colcon.colcon_core.package_discovery:discover_packages(prefix_path) check parameters
[0.164s] Level 1:colcon.colcon_core.package_discovery:discover_packages(prefix_path) discover
[0.166s] DEBUG:colcon.colcon_installed_package_information.package_discovery:Found 3 installed packages in /home/yc/Documents/ROS2/ros_robot_controller-ros2/install
[0.167s] DEBUG:colcon.colcon_installed_package_information.package_discovery:Found 285 installed packages in /opt/ros/jazzy
[0.169s] Level 1:colcon.colcon_core.package_discovery:discover_packages(prefix_path) using defaults
[0.203s] Level 5:colcon.colcon_core.verb:set package 'ros_robot_controller_msgs' build argument 'cmake_args' from command line to 'None'
[0.203s] Level 5:colcon.colcon_core.verb:set package 'ros_robot_controller_msgs' build argument 'cmake_target' from command line to 'None'
[0.203s] Level 5:colcon.colcon_core.verb:set package 'ros_robot_controller_msgs' build argument 'cmake_target_skip_unavailable' from command line to 'False'
[0.203s] Level 5:colcon.colcon_core.verb:set package 'ros_robot_controller_msgs' build argument 'cmake_clean_cache' from command line to 'False'
[0.203s] Level 5:colcon.colcon_core.verb:set package 'ros_robot_controller_msgs' build argument 'cmake_clean_first' from command line to 'False'
[0.204s] Level 5:colcon.colcon_core.verb:set package 'ros_robot_controller_msgs' build argument 'cmake_force_configure' from command line to 'False'
[0.204s] Level 5:colcon.colcon_core.verb:set package 'ros_robot_controller_msgs' build argument 'ament_cmake_args' from command line to 'None'
[0.204s] Level 5:colcon.colcon_core.verb:set package 'ros_robot_controller_msgs' build argument 'catkin_cmake_args' from command line to 'None'
[0.204s] Level 5:colcon.colcon_core.verb:set package 'ros_robot_controller_msgs' build argument 'catkin_skip_building_tests' from command line to 'False'
[0.204s] DEBUG:colcon.colcon_core.verb:Building package 'ros_robot_controller_msgs' with the following arguments: {'ament_cmake_args': None, 'build_base': '/home/yc/Documents/ROS2/ros_robot_controller-ros2/build/ros_robot_controller_msgs', 'catkin_cmake_args': None, 'catkin_skip_building_tests': False, 'cmake_args': None, 'cmake_clean_cache': False, 'cmake_clean_first': False, 'cmake_force_configure': False, 'cmake_target': None, 'cmake_target_skip_unavailable': False, 'install_base': '/home/yc/Documents/ROS2/ros_robot_controller-ros2/install/ros_robot_controller_msgs', 'merge_install': False, 'path': '/home/yc/Documents/ROS2/ros_robot_controller-ros2/src/ros_robot_controller_msgs', 'symlink_install': False, 'test_result_base': None}
[0.204s] Level 5:colcon.colcon_core.verb:set package 'ros_control_station' build argument 'cmake_args' from command line to 'None'
[0.204s] Level 5:colcon.colcon_core.verb:set package 'ros_control_station' build argument 'cmake_target' from command line to 'None'
[0.204s] Level 5:colcon.colcon_core.verb:set package 'ros_control_station' build argument 'cmake_target_skip_unavailable' from command line to 'False'
[0.204s] Level 5:colcon.colcon_core.verb:set package 'ros_control_station' build argument 'cmake_clean_cache' from command line to 'False'
[0.204s] Level 5:colcon.colcon_core.verb:set package 'ros_control_station' build argument 'cmake_clean_first' from command line to 'False'
[0.204s] Level 5:colcon.colcon_core.verb:set package 'ros_control_station' build argument 'cmake_force_configure' from command line to 'False'
[0.204s] Level 5:colcon.colcon_core.verb:set package 'ros_control_station' build argument 'ament_cmake_args' from command line to 'None'
[0.204s] Level 5:colcon.colcon_core.verb:set package 'ros_control_station' build argument 'catkin_cmake_args' from command line to 'None'
[0.204s] Level 5:colcon.colcon_core.verb:set package 'ros_control_station' build argument 'catkin_skip_building_tests' from command line to 'False'
[0.204s] DEBUG:colcon.colcon_core.verb:Building package 'ros_control_station' with the following arguments: {'ament_cmake_args': None, 'build_base': '/home/yc/Documents/ROS2/ros_robot_controller-ros2/build/ros_control_station', 'catkin_cmake_args': None, 'catkin_skip_building_tests': False, 'cmake_args': None, 'cmake_clean_cache': False, 'cmake_clean_first': False, 'cmake_force_configure': False, 'cmake_target': None, 'cmake_target_skip_unavailable': False, 'install_base': '/home/yc/Documents/ROS2/ros_robot_controller-ros2/install/ros_control_station', 'merge_install': False, 'path': '/home/yc/Documents/ROS2/ros_robot_controller-ros2/src/ros_control_station', 'symlink_install': False, 'test_result_base': None}
[0.204s] Level 5:colcon.colcon_core.verb:set package 'ros_robot_controller' build argument 'cmake_args' from command line to 'None'
[0.204s] Level 5:colcon.colcon_core.verb:set package 'ros_robot_controller' build argument 'cmake_target' from command line to 'None'
[0.204s] Level 5:colcon.colcon_core.verb:set package 'ros_robot_controller' build argument 'cmake_target_skip_unavailable' from command line to 'False'
[0.204s] Level 5:colcon.colcon_core.verb:set package 'ros_robot_controller' build argument 'cmake_clean_cache' from command line to 'False'
[0.204s] Level 5:colcon.colcon_core.verb:set package 'ros_robot_controller' build argument 'cmake_clean_first' from command line to 'False'
[0.204s] Level 5:colcon.colcon_core.verb:set package 'ros_robot_controller' build argument 'cmake_force_configure' from command line to 'False'
[0.204s] Level 5:colcon.colcon_core.verb:set package 'ros_robot_controller' build argument 'ament_cmake_args' from command line to 'None'
[0.204s] Level 5:colcon.colcon_core.verb:set package 'ros_robot_controller' build argument 'catkin_cmake_args' from command line to 'None'
[0.204s] Level 5:colcon.colcon_core.verb:set package 'ros_robot_controller' build argument 'catkin_skip_building_tests' from command line to 'False'
[0.204s] DEBUG:colcon.colcon_core.verb:Building package 'ros_robot_controller' with the following arguments: {'ament_cmake_args': None, 'build_base': '/home/yc/Documents/ROS2/ros_robot_controller-ros2/build/ros_robot_controller', 'catkin_cmake_args': None, 'catkin_skip_building_tests': False, 'cmake_args': None, 'cmake_clean_cache': False, 'cmake_clean_first': False, 'cmake_force_configure': False, 'cmake_target': None, 'cmake_target_skip_unavailable': False, 'install_base': '/home/yc/Documents/ROS2/ros_robot_controller-ros2/install/ros_robot_controller', 'merge_install': False, 'path': '/home/yc/Documents/ROS2/ros_robot_controller-ros2/src/ros_robot_controller', 'symlink_install': False, 'test_result_base': None}
[0.204s] INFO:colcon.colcon_core.executor:Executing jobs using 'parallel' executor
[0.205s] DEBUG:colcon.colcon_parallel_executor.executor.parallel:run_until_complete
[0.206s] INFO:colcon.colcon_ros.task.ament_cmake.build:Building ROS package in '/home/yc/Documents/ROS2/ros_robot_controller-ros2/src/ros_robot_controller_msgs' with build type 'ament_cmake'
[0.206s] INFO:colcon.colcon_cmake.task.cmake.build:Building CMake package in '/home/yc/Documents/ROS2/ros_robot_controller-ros2/src/ros_robot_controller_msgs'
[0.207s] INFO:colcon.colcon_core.plugin_system:Skipping extension 'colcon_core.shell.bat': Not used on non-Windows systems
[0.207s] INFO:colcon.colcon_core.shell:Skip shell extension 'powershell' for command environment: Not usable outside of PowerShell
[0.207s] DEBUG:colcon.colcon_core.shell:Skip shell extension 'dsv' for command environment
[0.216s] DEBUG:colcon.colcon_core.event_handler.log_command:Invoking command in '/home/yc/Documents/ROS2/ros_robot_controller-ros2/build/ros_robot_controller_msgs': CMAKE_PREFIX_PATH=${CMAKE_PREFIX_PATH}:/home/yc/Documents/ROS2/ros_robot_controller-ros2/install/ros_robot_controller:/home/yc/Documents/ROS2/ros_robot_controller-ros2/install/ros_control_station:/opt/ros/jazzy DEBUGINFOD_URLS=https://debuginfod.ubuntu.com /usr/bin/cmake --build /home/yc/Documents/ROS2/ros_robot_controller-ros2/build/ros_robot_controller_msgs -- -j16 -l16
[0.645s] DEBUG:colcon.colcon_core.event_handler.log_command:Invoked command in '/home/yc/Documents/ROS2/ros_robot_controller-ros2/build/ros_robot_controller_msgs' returned '0': CMAKE_PREFIX_PATH=${CMAKE_PREFIX_PATH}:/home/yc/Documents/ROS2/ros_robot_controller-ros2/install/ros_robot_controller:/home/yc/Documents/ROS2/ros_robot_controller-ros2/install/ros_control_station:/opt/ros/jazzy DEBUGINFOD_URLS=https://debuginfod.ubuntu.com /usr/bin/cmake --build /home/yc/Documents/ROS2/ros_robot_controller-ros2/build/ros_robot_controller_msgs -- -j16 -l16
[0.665s] DEBUG:colcon.colcon_core.event_handler.log_command:Invoking command in '/home/yc/Documents/ROS2/ros_robot_controller-ros2/build/ros_robot_controller_msgs': CMAKE_PREFIX_PATH=${CMAKE_PREFIX_PATH}:/home/yc/Documents/ROS2/ros_robot_controller-ros2/install/ros_robot_controller:/home/yc/Documents/ROS2/ros_robot_controller-ros2/install/ros_control_station:/opt/ros/jazzy DEBUGINFOD_URLS=https://debuginfod.ubuntu.com /usr/bin/cmake --install /home/yc/Documents/ROS2/ros_robot_controller-ros2/build/ros_robot_controller_msgs
[0.752s] Level 1:colcon.colcon_core.environment:create_environment_scripts_only(ros_robot_controller_msgs)
[0.755s] Level 1:colcon.colcon_core.environment:checking '/home/yc/Documents/ROS2/ros_robot_controller-ros2/install/ros_robot_controller_msgs' for CMake module files
[0.757s] Level 1:colcon.colcon_core.environment:checking '/home/yc/Documents/ROS2/ros_robot_controller-ros2/install/ros_robot_controller_msgs' for CMake config files
[0.758s] Level 1:colcon.colcon_core.shell:create_environment_hook('ros_robot_controller_msgs', 'cmake_prefix_path')
[0.758s] INFO:colcon.colcon_core.shell:Creating environment hook '/home/yc/Documents/ROS2/ros_robot_controller-ros2/install/ros_robot_controller_msgs/share/ros_robot_controller_msgs/hook/cmake_prefix_path.ps1'
[0.759s] INFO:colcon.colcon_core.shell:Creating environment descriptor '/home/yc/Documents/ROS2/ros_robot_controller-ros2/install/ros_robot_controller_msgs/share/ros_robot_controller_msgs/hook/cmake_prefix_path.dsv'
[0.760s] INFO:colcon.colcon_core.shell:Creating environment hook '/home/yc/Documents/ROS2/ros_robot_controller-ros2/install/ros_robot_controller_msgs/share/ros_robot_controller_msgs/hook/cmake_prefix_path.sh'
[0.762s] Level 1:colcon.colcon_core.environment:checking '/home/yc/Documents/ROS2/ros_robot_controller-ros2/install/ros_robot_controller_msgs/lib'
[0.763s] DEBUG:colcon.colcon_core.event_handler.log_command:Invoked command in '/home/yc/Documents/ROS2/ros_robot_controller-ros2/build/ros_robot_controller_msgs' returned '0': CMAKE_PREFIX_PATH=${CMAKE_PREFIX_PATH}:/home/yc/Documents/ROS2/ros_robot_controller-ros2/install/ros_robot_controller:/home/yc/Documents/ROS2/ros_robot_controller-ros2/install/ros_control_station:/opt/ros/jazzy DEBUGINFOD_URLS=https://debuginfod.ubuntu.com /usr/bin/cmake --install /home/yc/Documents/ROS2/ros_robot_controller-ros2/build/ros_robot_controller_msgs
[0.763s] Level 1:colcon.colcon_core.shell:create_environment_hook('ros_robot_controller_msgs', 'ld_library_path_lib')
[0.763s] INFO:colcon.colcon_core.shell:Creating environment hook '/home/yc/Documents/ROS2/ros_robot_controller-ros2/install/ros_robot_controller_msgs/share/ros_robot_controller_msgs/hook/ld_library_path_lib.ps1'
[0.764s] INFO:colcon.colcon_core.shell:Creating environment descriptor '/home/yc/Documents/ROS2/ros_robot_controller-ros2/install/ros_robot_controller_msgs/share/ros_robot_controller_msgs/hook/ld_library_path_lib.dsv'
[0.764s] INFO:colcon.colcon_core.shell:Creating environment hook '/home/yc/Documents/ROS2/ros_robot_controller-ros2/install/ros_robot_controller_msgs/share/ros_robot_controller_msgs/hook/ld_library_path_lib.sh'
[0.765s] Level 1:colcon.colcon_core.environment:checking '/home/yc/Documents/ROS2/ros_robot_controller-ros2/install/ros_robot_controller_msgs/bin'
[0.765s] Level 1:colcon.colcon_core.environment:checking '/home/yc/Documents/ROS2/ros_robot_controller-ros2/install/ros_robot_controller_msgs/lib/pkgconfig/ros_robot_controller_msgs.pc'
[0.765s] Level 1:colcon.colcon_core.environment:checking '/home/yc/Documents/ROS2/ros_robot_controller-ros2/install/ros_robot_controller_msgs/lib/python3.12/site-packages'
[0.766s] Level 1:colcon.colcon_core.shell:create_environment_hook('ros_robot_controller_msgs', 'pythonpath')
[0.766s] INFO:colcon.colcon_core.shell:Creating environment hook '/home/yc/Documents/ROS2/ros_robot_controller-ros2/install/ros_robot_controller_msgs/share/ros_robot_controller_msgs/hook/pythonpath.ps1'
[0.767s] INFO:colcon.colcon_core.shell:Creating environment descriptor '/home/yc/Documents/ROS2/ros_robot_controller-ros2/install/ros_robot_controller_msgs/share/ros_robot_controller_msgs/hook/pythonpath.dsv'
[0.767s] INFO:colcon.colcon_core.shell:Creating environment hook '/home/yc/Documents/ROS2/ros_robot_controller-ros2/install/ros_robot_controller_msgs/share/ros_robot_controller_msgs/hook/pythonpath.sh'
[0.768s] Level 1:colcon.colcon_core.environment:checking '/home/yc/Documents/ROS2/ros_robot_controller-ros2/install/ros_robot_controller_msgs/bin'
[0.768s] INFO:colcon.colcon_core.shell:Creating package script '/home/yc/Documents/ROS2/ros_robot_controller-ros2/install/ros_robot_controller_msgs/share/ros_robot_controller_msgs/package.ps1'
[0.770s] INFO:colcon.colcon_core.shell:Creating package descriptor '/home/yc/Documents/ROS2/ros_robot_controller-ros2/install/ros_robot_controller_msgs/share/ros_robot_controller_msgs/package.dsv'
[0.771s] INFO:colcon.colcon_core.shell:Creating package script '/home/yc/Documents/ROS2/ros_robot_controller-ros2/install/ros_robot_controller_msgs/share/ros_robot_controller_msgs/package.sh'
[0.772s] INFO:colcon.colcon_core.shell:Creating package script '/home/yc/Documents/ROS2/ros_robot_controller-ros2/install/ros_robot_controller_msgs/share/ros_robot_controller_msgs/package.bash'
[0.773s] INFO:colcon.colcon_core.shell:Creating package script '/home/yc/Documents/ROS2/ros_robot_controller-ros2/install/ros_robot_controller_msgs/share/ros_robot_controller_msgs/package.zsh'
[0.774s] Level 1:colcon.colcon_core.environment:create_file_with_runtime_dependencies(/home/yc/Documents/ROS2/ros_robot_controller-ros2/install/ros_robot_controller_msgs/share/colcon-core/packages/ros_robot_controller_msgs)
[0.775s] Level 1:colcon.colcon_core.environment:create_environment_scripts_only(ros_robot_controller_msgs)
[0.775s] Level 1:colcon.colcon_core.environment:checking '/home/yc/Documents/ROS2/ros_robot_controller-ros2/install/ros_robot_controller_msgs' for CMake module files
[0.776s] Level 1:colcon.colcon_core.environment:checking '/home/yc/Documents/ROS2/ros_robot_controller-ros2/install/ros_robot_controller_msgs' for CMake config files
[0.777s] Level 1:colcon.colcon_core.shell:create_environment_hook('ros_robot_controller_msgs', 'cmake_prefix_path')
[0.777s] INFO:colcon.colcon_core.shell:Creating environment hook '/home/yc/Documents/ROS2/ros_robot_controller-ros2/install/ros_robot_controller_msgs/share/ros_robot_controller_msgs/hook/cmake_prefix_path.ps1'
[0.778s] INFO:colcon.colcon_core.shell:Creating environment descriptor '/home/yc/Documents/ROS2/ros_robot_controller-ros2/install/ros_robot_controller_msgs/share/ros_robot_controller_msgs/hook/cmake_prefix_path.dsv'
[0.778s] INFO:colcon.colcon_core.shell:Creating environment hook '/home/yc/Documents/ROS2/ros_robot_controller-ros2/install/ros_robot_controller_msgs/share/ros_robot_controller_msgs/hook/cmake_prefix_path.sh'
[0.779s] Level 1:colcon.colcon_core.environment:checking '/home/yc/Documents/ROS2/ros_robot_controller-ros2/install/ros_robot_controller_msgs/lib'
[0.779s] Level 1:colcon.colcon_core.shell:create_environment_hook('ros_robot_controller_msgs', 'ld_library_path_lib')
[0.779s] INFO:colcon.colcon_core.shell:Creating environment hook '/home/yc/Documents/ROS2/ros_robot_controller-ros2/install/ros_robot_controller_msgs/share/ros_robot_controller_msgs/hook/ld_library_path_lib.ps1'
[0.780s] INFO:colcon.colcon_core.shell:Creating environment descriptor '/home/yc/Documents/ROS2/ros_robot_controller-ros2/install/ros_robot_controller_msgs/share/ros_robot_controller_msgs/hook/ld_library_path_lib.dsv'
[0.781s] INFO:colcon.colcon_core.shell:Creating environment hook '/home/yc/Documents/ROS2/ros_robot_controller-ros2/install/ros_robot_controller_msgs/share/ros_robot_controller_msgs/hook/ld_library_path_lib.sh'
[0.781s] Level 1:colcon.colcon_core.environment:checking '/home/yc/Documents/ROS2/ros_robot_controller-ros2/install/ros_robot_controller_msgs/bin'
[0.781s] Level 1:colcon.colcon_core.environment:checking '/home/yc/Documents/ROS2/ros_robot_controller-ros2/install/ros_robot_controller_msgs/lib/pkgconfig/ros_robot_controller_msgs.pc'
[0.782s] Level 1:colcon.colcon_core.environment:checking '/home/yc/Documents/ROS2/ros_robot_controller-ros2/install/ros_robot_controller_msgs/lib/python3.12/site-packages'
[0.782s] Level 1:colcon.colcon_core.shell:create_environment_hook('ros_robot_controller_msgs', 'pythonpath')
[0.782s] INFO:colcon.colcon_core.shell:Creating environment hook '/home/yc/Documents/ROS2/ros_robot_controller-ros2/install/ros_robot_controller_msgs/share/ros_robot_controller_msgs/hook/pythonpath.ps1'
[0.783s] INFO:colcon.colcon_core.shell:Creating environment descriptor '/home/yc/Documents/ROS2/ros_robot_controller-ros2/install/ros_robot_controller_msgs/share/ros_robot_controller_msgs/hook/pythonpath.dsv'
[0.783s] INFO:colcon.colcon_core.shell:Creating environment hook '/home/yc/Documents/ROS2/ros_robot_controller-ros2/install/ros_robot_controller_msgs/share/ros_robot_controller_msgs/hook/pythonpath.sh'
[0.784s] Level 1:colcon.colcon_core.environment:checking '/home/yc/Documents/ROS2/ros_robot_controller-ros2/install/ros_robot_controller_msgs/bin'
[0.785s] INFO:colcon.colcon_core.shell:Creating package script '/home/yc/Documents/ROS2/ros_robot_controller-ros2/install/ros_robot_controller_msgs/share/ros_robot_controller_msgs/package.ps1'
[0.785s] INFO:colcon.colcon_core.shell:Creating package descriptor '/home/yc/Documents/ROS2/ros_robot_controller-ros2/install/ros_robot_controller_msgs/share/ros_robot_controller_msgs/package.dsv'
[0.786s] INFO:colcon.colcon_core.shell:Creating package script '/home/yc/Documents/ROS2/ros_robot_controller-ros2/install/ros_robot_controller_msgs/share/ros_robot_controller_msgs/package.sh'
[0.787s] INFO:colcon.colcon_core.shell:Creating package script '/home/yc/Documents/ROS2/ros_robot_controller-ros2/install/ros_robot_controller_msgs/share/ros_robot_controller_msgs/package.bash'
[0.788s] INFO:colcon.colcon_core.shell:Creating package script '/home/yc/Documents/ROS2/ros_robot_controller-ros2/install/ros_robot_controller_msgs/share/ros_robot_controller_msgs/package.zsh'
[0.788s] Level 1:colcon.colcon_core.environment:create_file_with_runtime_dependencies(/home/yc/Documents/ROS2/ros_robot_controller-ros2/install/ros_robot_controller_msgs/share/colcon-core/packages/ros_robot_controller_msgs)
[0.789s] INFO:colcon.colcon_ros.task.ament_python.build:Building ROS package in '/home/yc/Documents/ROS2/ros_robot_controller-ros2/src/ros_control_station' with build type 'ament_python'
[0.789s] Level 1:colcon.colcon_core.shell:create_environment_hook('ros_control_station', 'ament_prefix_path')
[0.789s] INFO:colcon.colcon_core.shell:Creating environment hook '/home/yc/Documents/ROS2/ros_robot_controller-ros2/install/ros_control_station/share/ros_control_station/hook/ament_prefix_path.ps1'
[0.790s] INFO:colcon.colcon_core.shell:Creating environment descriptor '/home/yc/Documents/ROS2/ros_robot_controller-ros2/install/ros_control_station/share/ros_control_station/hook/ament_prefix_path.dsv'
[0.791s] INFO:colcon.colcon_core.shell:Creating environment hook '/home/yc/Documents/ROS2/ros_robot_controller-ros2/install/ros_control_station/share/ros_control_station/hook/ament_prefix_path.sh'
[0.792s] INFO:colcon.colcon_core.shell:Skip shell extension 'powershell' for command environment: Not usable outside of PowerShell
[0.792s] DEBUG:colcon.colcon_core.shell:Skip shell extension 'dsv' for command environment
[0.798s] INFO:colcon.colcon_ros.task.ament_python.build:Building ROS package in '/home/yc/Documents/ROS2/ros_robot_controller-ros2/src/ros_robot_controller' with build type 'ament_python'
[0.798s] Level 1:colcon.colcon_core.shell:create_environment_hook('ros_robot_controller', 'ament_prefix_path')
[0.799s] INFO:colcon.colcon_core.shell:Creating environment hook '/home/yc/Documents/ROS2/ros_robot_controller-ros2/install/ros_robot_controller/share/ros_robot_controller/hook/ament_prefix_path.ps1'
[0.799s] INFO:colcon.colcon_core.shell:Creating environment descriptor '/home/yc/Documents/ROS2/ros_robot_controller-ros2/install/ros_robot_controller/share/ros_robot_controller/hook/ament_prefix_path.dsv'
[0.800s] INFO:colcon.colcon_core.shell:Creating environment hook '/home/yc/Documents/ROS2/ros_robot_controller-ros2/install/ros_robot_controller/share/ros_robot_controller/hook/ament_prefix_path.sh'
[0.800s] INFO:colcon.colcon_core.shell:Skip shell extension 'powershell' for command environment: Not usable outside of PowerShell
[0.800s] DEBUG:colcon.colcon_core.shell:Skip shell extension 'dsv' for command environment
[1.000s] INFO:colcon.colcon_core.task.python.build:Building Python package in '/home/yc/Documents/ROS2/ros_robot_controller-ros2/src/ros_control_station'
[1.000s] INFO:colcon.colcon_core.shell:Skip shell extension 'powershell' for command environment: Not usable outside of PowerShell
[1.000s] DEBUG:colcon.colcon_core.shell:Skip shell extension 'dsv' for command environment
[1.196s] INFO:colcon.colcon_core.task.python.build:Building Python package in '/home/yc/Documents/ROS2/ros_robot_controller-ros2/src/ros_robot_controller'
[1.197s] INFO:colcon.colcon_core.shell:Skip shell extension 'powershell' for command environment: Not usable outside of PowerShell
[1.197s] DEBUG:colcon.colcon_core.shell:Skip shell extension 'dsv' for command environment
[1.691s] DEBUG:colcon.colcon_core.event_handler.log_command:Invoking command in '/home/yc/Documents/ROS2/ros_robot_controller-ros2/src/ros_control_station': DEBUGINFOD_URLS=https://debuginfod.ubuntu.com PYTHONPATH=/home/yc/Documents/ROS2/ros_robot_controller-ros2/build/ros_control_station/prefix_override:/usr/lib/python3/dist-packages/colcon_core/task/python/colcon_distutils_commands:/home/yc/Documents/ROS2/ros_robot_controller-ros2/install/ros_control_station/lib/python3.12/site-packages:/home/yc/Documents/ROS2/ros_robot_controller-ros2/install/ros_robot_controller_msgs/lib/python3.12/site-packages:/home/yc/Documents/ROS2/ros_robot_controller-ros2/install/ros_robot_controller/lib/python3.12/site-packages:/home/yc/Documents/ROS2/ros_robot_controller-ros2/install/ros_control_station/lib/python3.12/site-packages:/opt/ros/jazzy/lib/python3.12/site-packages /usr/bin/python3 -W ignore:setup.py install is deprecated -W ignore:easy_install command is deprecated setup.py egg_info --egg-base ../../build/ros_control_station build --build-base /home/yc/Documents/ROS2/ros_robot_controller-ros2/build/ros_control_station/build install --record /home/yc/Documents/ROS2/ros_robot_controller-ros2/build/ros_control_station/install.log --single-version-externally-managed install_data
[1.716s] DEBUG:colcon.colcon_core.event_handler.log_command:Invoking command in '/home/yc/Documents/ROS2/ros_robot_controller-ros2/src/ros_robot_controller': DEBUGINFOD_URLS=https://debuginfod.ubuntu.com PYTHONPATH=/home/yc/Documents/ROS2/ros_robot_controller-ros2/build/ros_robot_controller/prefix_override:/usr/lib/python3/dist-packages/colcon_core/task/python/colcon_distutils_commands:/home/yc/Documents/ROS2/ros_robot_controller-ros2/install/ros_robot_controller/lib/python3.12/site-packages:/home/yc/Documents/ROS2/ros_robot_controller-ros2/install/ros_robot_controller_msgs/lib/python3.12/site-packages:/home/yc/Documents/ROS2/ros_robot_controller-ros2/install/ros_robot_controller/lib/python3.12/site-packages:/home/yc/Documents/ROS2/ros_robot_controller-ros2/install/ros_control_station/lib/python3.12/site-packages:/opt/ros/jazzy/lib/python3.12/site-packages /usr/bin/python3 -W ignore:setup.py install is deprecated -W ignore:easy_install command is deprecated setup.py egg_info --egg-base ../../build/ros_robot_controller build --build-base /home/yc/Documents/ROS2/ros_robot_controller-ros2/build/ros_robot_controller/build install --record /home/yc/Documents/ROS2/ros_robot_controller-ros2/build/ros_robot_controller/install.log --single-version-externally-managed install_data
[2.155s] Level 1:colcon.colcon_core.environment:checking '/home/yc/Documents/ROS2/ros_robot_controller-ros2/install/ros_control_station' for CMake module files
[2.156s] DEBUG:colcon.colcon_core.event_handler.log_command:Invoked command in '/home/yc/Documents/ROS2/ros_robot_controller-ros2/src/ros_control_station' returned '0': DEBUGINFOD_URLS=https://debuginfod.ubuntu.com PYTHONPATH=/home/yc/Documents/ROS2/ros_robot_controller-ros2/build/ros_control_station/prefix_override:/usr/lib/python3/dist-packages/colcon_core/task/python/colcon_distutils_commands:/home/yc/Documents/ROS2/ros_robot_controller-ros2/install/ros_control_station/lib/python3.12/site-packages:/home/yc/Documents/ROS2/ros_robot_controller-ros2/install/ros_robot_controller_msgs/lib/python3.12/site-packages:/home/yc/Documents/ROS2/ros_robot_controller-ros2/install/ros_robot_controller/lib/python3.12/site-packages:/home/yc/Documents/ROS2/ros_robot_controller-ros2/install/ros_control_station/lib/python3.12/site-packages:/opt/ros/jazzy/lib/python3.12/site-packages /usr/bin/python3 -W ignore:setup.py install is deprecated -W ignore:easy_install command is deprecated setup.py egg_info --egg-base ../../build/ros_control_station build --build-base /home/yc/Documents/ROS2/ros_robot_controller-ros2/build/ros_control_station/build install --record /home/yc/Documents/ROS2/ros_robot_controller-ros2/build/ros_control_station/install.log --single-version-externally-managed install_data
[2.156s] Level 1:colcon.colcon_core.environment:checking '/home/yc/Documents/ROS2/ros_robot_controller-ros2/install/ros_control_station' for CMake config files
[2.157s] Level 1:colcon.colcon_core.environment:checking '/home/yc/Documents/ROS2/ros_robot_controller-ros2/install/ros_control_station/lib'
[2.157s] Level 1:colcon.colcon_core.environment:checking '/home/yc/Documents/ROS2/ros_robot_controller-ros2/install/ros_control_station/bin'
[2.158s] Level 1:colcon.colcon_core.environment:checking '/home/yc/Documents/ROS2/ros_robot_controller-ros2/install/ros_control_station/lib/pkgconfig/ros_control_station.pc'
[2.158s] Level 1:colcon.colcon_core.environment:checking '/home/yc/Documents/ROS2/ros_robot_controller-ros2/install/ros_control_station/lib/python3.12/site-packages'
[2.158s] Level 1:colcon.colcon_core.shell:create_environment_hook('ros_control_station', 'pythonpath')
[2.159s] INFO:colcon.colcon_core.shell:Creating environment hook '/home/yc/Documents/ROS2/ros_robot_controller-ros2/install/ros_control_station/share/ros_control_station/hook/pythonpath.ps1'
[2.160s] INFO:colcon.colcon_core.shell:Creating environment descriptor '/home/yc/Documents/ROS2/ros_robot_controller-ros2/install/ros_control_station/share/ros_control_station/hook/pythonpath.dsv'
[2.161s] INFO:colcon.colcon_core.shell:Creating environment hook '/home/yc/Documents/ROS2/ros_robot_controller-ros2/install/ros_control_station/share/ros_control_station/hook/pythonpath.sh'
[2.162s] Level 1:colcon.colcon_core.environment:checking '/home/yc/Documents/ROS2/ros_robot_controller-ros2/install/ros_control_station/bin'
[2.162s] Level 1:colcon.colcon_core.environment:create_environment_scripts_only(ros_control_station)
[2.163s] INFO:colcon.colcon_core.shell:Creating package script '/home/yc/Documents/ROS2/ros_robot_controller-ros2/install/ros_control_station/share/ros_control_station/package.ps1'
[2.164s] INFO:colcon.colcon_core.shell:Creating package descriptor '/home/yc/Documents/ROS2/ros_robot_controller-ros2/install/ros_control_station/share/ros_control_station/package.dsv'
[2.165s] INFO:colcon.colcon_core.shell:Creating package script '/home/yc/Documents/ROS2/ros_robot_controller-ros2/install/ros_control_station/share/ros_control_station/package.sh'
[2.165s] INFO:colcon.colcon_core.shell:Creating package script '/home/yc/Documents/ROS2/ros_robot_controller-ros2/install/ros_control_station/share/ros_control_station/package.bash'
[2.166s] INFO:colcon.colcon_core.shell:Creating package script '/home/yc/Documents/ROS2/ros_robot_controller-ros2/install/ros_control_station/share/ros_control_station/package.zsh'
[2.167s] Level 1:colcon.colcon_core.environment:create_file_with_runtime_dependencies(/home/yc/Documents/ROS2/ros_robot_controller-ros2/install/ros_control_station/share/colcon-core/packages/ros_control_station)
[2.189s] Level 1:colcon.colcon_core.environment:checking '/home/yc/Documents/ROS2/ros_robot_controller-ros2/install/ros_robot_controller' for CMake module files
[2.190s] DEBUG:colcon.colcon_core.event_handler.log_command:Invoked command in '/home/yc/Documents/ROS2/ros_robot_controller-ros2/src/ros_robot_controller' returned '0': DEBUGINFOD_URLS=https://debuginfod.ubuntu.com PYTHONPATH=/home/yc/Documents/ROS2/ros_robot_controller-ros2/build/ros_robot_controller/prefix_override:/usr/lib/python3/dist-packages/colcon_core/task/python/colcon_distutils_commands:/home/yc/Documents/ROS2/ros_robot_controller-ros2/install/ros_robot_controller/lib/python3.12/site-packages:/home/yc/Documents/ROS2/ros_robot_controller-ros2/install/ros_robot_controller_msgs/lib/python3.12/site-packages:/home/yc/Documents/ROS2/ros_robot_controller-ros2/install/ros_robot_controller/lib/python3.12/site-packages:/home/yc/Documents/ROS2/ros_robot_controller-ros2/install/ros_control_station/lib/python3.12/site-packages:/opt/ros/jazzy/lib/python3.12/site-packages /usr/bin/python3 -W ignore:setup.py install is deprecated -W ignore:easy_install command is deprecated setup.py egg_info --egg-base ../../build/ros_robot_controller build --build-base /home/yc/Documents/ROS2/ros_robot_controller-ros2/build/ros_robot_controller/build install --record /home/yc/Documents/ROS2/ros_robot_controller-ros2/build/ros_robot_controller/install.log --single-version-externally-managed install_data
[2.191s] Level 1:colcon.colcon_core.environment:checking '/home/yc/Documents/ROS2/ros_robot_controller-ros2/install/ros_robot_controller' for CMake config files
[2.193s] Level 1:colcon.colcon_core.environment:checking '/home/yc/Documents/ROS2/ros_robot_controller-ros2/install/ros_robot_controller/lib'
[2.193s] Level 1:colcon.colcon_core.environment:checking '/home/yc/Documents/ROS2/ros_robot_controller-ros2/install/ros_robot_controller/bin'
[2.193s] Level 1:colcon.colcon_core.environment:checking '/home/yc/Documents/ROS2/ros_robot_controller-ros2/install/ros_robot_controller/lib/pkgconfig/ros_robot_controller.pc'
[2.194s] Level 1:colcon.colcon_core.environment:checking '/home/yc/Documents/ROS2/ros_robot_controller-ros2/install/ros_robot_controller/lib/python3.12/site-packages'
[2.194s] Level 1:colcon.colcon_core.shell:create_environment_hook('ros_robot_controller', 'pythonpath')
[2.194s] INFO:colcon.colcon_core.shell:Creating environment hook '/home/yc/Documents/ROS2/ros_robot_controller-ros2/install/ros_robot_controller/share/ros_robot_controller/hook/pythonpath.ps1'
[2.195s] INFO:colcon.colcon_core.shell:Creating environment descriptor '/home/yc/Documents/ROS2/ros_robot_controller-ros2/install/ros_robot_controller/share/ros_robot_controller/hook/pythonpath.dsv'
[2.196s] INFO:colcon.colcon_core.shell:Creating environment hook '/home/yc/Documents/ROS2/ros_robot_controller-ros2/install/ros_robot_controller/share/ros_robot_controller/hook/pythonpath.sh'
[2.198s] Level 1:colcon.colcon_core.environment:checking '/home/yc/Documents/ROS2/ros_robot_controller-ros2/install/ros_robot_controller/bin'
[2.198s] Level 1:colcon.colcon_core.environment:create_environment_scripts_only(ros_robot_controller)
[2.198s] INFO:colcon.colcon_core.shell:Creating package script '/home/yc/Documents/ROS2/ros_robot_controller-ros2/install/ros_robot_controller/share/ros_robot_controller/package.ps1'
[2.200s] INFO:colcon.colcon_core.shell:Creating package descriptor '/home/yc/Documents/ROS2/ros_robot_controller-ros2/install/ros_robot_controller/share/ros_robot_controller/package.dsv'
[2.201s] INFO:colcon.colcon_core.shell:Creating package script '/home/yc/Documents/ROS2/ros_robot_controller-ros2/install/ros_robot_controller/share/ros_robot_controller/package.sh'
[2.202s] INFO:colcon.colcon_core.shell:Creating package script '/home/yc/Documents/ROS2/ros_robot_controller-ros2/install/ros_robot_controller/share/ros_robot_controller/package.bash'
[2.203s] INFO:colcon.colcon_core.shell:Creating package script '/home/yc/Documents/ROS2/ros_robot_controller-ros2/install/ros_robot_controller/share/ros_robot_controller/package.zsh'
[2.204s] Level 1:colcon.colcon_core.environment:create_file_with_runtime_dependencies(/home/yc/Documents/ROS2/ros_robot_controller-ros2/install/ros_robot_controller/share/colcon-core/packages/ros_robot_controller)
[2.204s] DEBUG:colcon.colcon_parallel_executor.executor.parallel:closing loop
[2.205s] DEBUG:colcon.colcon_parallel_executor.executor.parallel:loop closed
[2.205s] DEBUG:colcon.colcon_parallel_executor.executor.parallel:run_until_complete finished with '0'
[2.205s] DEBUG:colcon.colcon_core.event_reactor:joining thread
[2.217s] INFO:colcon.colcon_core.plugin_system:Skipping extension 'colcon_notification.desktop_notification.terminal_notifier': Not used on non-Darwin systems
[2.217s] INFO:colcon.colcon_core.plugin_system:Skipping extension 'colcon_notification.desktop_notification.win32': Not used on non-Windows systems
[2.217s] INFO:colcon.colcon_notification.desktop_notification:Sending desktop notification using 'notify2'
[2.247s] DEBUG:colcon.colcon_core.event_reactor:joined thread
[2.248s] INFO:colcon.colcon_core.shell:Creating prefix script '/home/yc/Documents/ROS2/ros_robot_controller-ros2/install/local_setup.ps1'
[2.250s] INFO:colcon.colcon_core.shell:Creating prefix util module '/home/yc/Documents/ROS2/ros_robot_controller-ros2/install/_local_setup_util_ps1.py'
[2.255s] INFO:colcon.colcon_core.shell:Creating prefix chain script '/home/yc/Documents/ROS2/ros_robot_controller-ros2/install/setup.ps1'
[2.258s] INFO:colcon.colcon_core.shell:Creating prefix script '/home/yc/Documents/ROS2/ros_robot_controller-ros2/install/local_setup.sh'
[2.260s] INFO:colcon.colcon_core.shell:Creating prefix util module '/home/yc/Documents/ROS2/ros_robot_controller-ros2/install/_local_setup_util_sh.py'
[2.262s] INFO:colcon.colcon_core.shell:Creating prefix chain script '/home/yc/Documents/ROS2/ros_robot_controller-ros2/install/setup.sh'
[2.265s] INFO:colcon.colcon_core.shell:Creating prefix script '/home/yc/Documents/ROS2/ros_robot_controller-ros2/install/local_setup.bash'
[2.266s] INFO:colcon.colcon_core.shell:Creating prefix chain script '/home/yc/Documents/ROS2/ros_robot_controller-ros2/install/setup.bash'
[2.267s] INFO:colcon.colcon_core.shell:Creating prefix script '/home/yc/Documents/ROS2/ros_robot_controller-ros2/install/local_setup.zsh'
[2.267s] INFO:colcon.colcon_core.shell:Creating prefix chain script '/home/yc/Documents/ROS2/ros_robot_controller-ros2/install/setup.zsh'
