running egg_info
writing ../../build/ros_robot_controller/ros_robot_controller.egg-info/PKG-INFO
writing dependency_links to ../../build/ros_robot_controller/ros_robot_controller.egg-info/dependency_links.txt
writing entry points to ../../build/ros_robot_controller/ros_robot_controller.egg-info/entry_points.txt
writing requirements to ../../build/ros_robot_controller/ros_robot_controller.egg-info/requires.txt
writing top-level names to ../../build/ros_robot_controller/ros_robot_controller.egg-info/top_level.txt
reading manifest file '../../build/ros_robot_controller/ros_robot_controller.egg-info/SOURCES.txt'
writing manifest file '../../build/ros_robot_controller/ros_robot_controller.egg-info/SOURCES.txt'
running build
running build_py
copying ros_robot_controller/manual_control_node.py -> /home/yc/Documents/ROS2/ros_robot_controller-ros2/build/ros_robot_controller/build/lib/ros_robot_controller
copying ros_robot_controller/ros_robot_controller_node.py -> /home/yc/Documents/ROS2/ros_robot_controller-ros2/build/ros_robot_controller/build/lib/ros_robot_controller
running install
running install_lib
copying /home/yc/Documents/ROS2/ros_robot_controller-ros2/build/ros_robot_controller/build/lib/ros_robot_controller/manual_control_node.py -> /home/yc/Documents/ROS2/ros_robot_controller-ros2/install/ros_robot_controller/lib/python3.12/site-packages/ros_robot_controller
copying /home/yc/Documents/ROS2/ros_robot_controller-ros2/build/ros_robot_controller/build/lib/ros_robot_controller/ros_robot_controller_node.py -> /home/yc/Documents/ROS2/ros_robot_controller-ros2/install/ros_robot_controller/lib/python3.12/site-packages/ros_robot_controller
byte-compiling /home/yc/Documents/ROS2/ros_robot_controller-ros2/install/ros_robot_controller/lib/python3.12/site-packages/ros_robot_controller/manual_control_node.py to manual_control_node.cpython-312.pyc
byte-compiling /home/yc/Documents/ROS2/ros_robot_controller-ros2/install/ros_robot_controller/lib/python3.12/site-packages/ros_robot_controller/ros_robot_controller_node.py to ros_robot_controller_node.cpython-312.pyc
/home/yc/Documents/ROS2/ros_robot_controller-ros2/install/ros_robot_controller/lib/python3.12/site-packages/ros_robot_controller/ros_robot_controller_node.py:54: SyntaxWarning: invalid escape sequence '\s'
  self.create_subscription(String,'manual_control\selection',self.set_manaul_control,10)
/home/yc/Documents/ROS2/ros_robot_controller-ros2/install/ros_robot_controller/lib/python3.12/site-packages/ros_robot_controller/ros_robot_controller_node.py:55: SyntaxWarning: invalid escape sequence '\s'
  self.create_subscription(MotorsState,'manual_control\set_motor', self.set_manual_motor_state, 1)
/home/yc/Documents/ROS2/ros_robot_controller-ros2/install/ros_robot_controller/lib/python3.12/site-packages/ros_robot_controller/ros_robot_controller_node.py:56: SyntaxWarning: invalid escape sequence '\p'
  self.create_subscription(SetPWMServoState,'manual_control\pwn_servo_set_state', self.set_manual_pwn_servo_state, 1)
running install_data
running install_egg_info
removing '/home/yc/Documents/ROS2/ros_robot_controller-ros2/install/ros_robot_controller/lib/python3.12/site-packages/ros_robot_controller-0.0.0-py3.12.egg-info' (and everything under it)
Copying ../../build/ros_robot_controller/ros_robot_controller.egg-info to /home/yc/Documents/ROS2/ros_robot_controller-ros2/install/ros_robot_controller/lib/python3.12/site-packages/ros_robot_controller-0.0.0-py3.12.egg-info
running install_scripts
Installing motor_publisher script to /home/yc/Documents/ROS2/ros_robot_controller-ros2/install/ros_robot_controller/lib/ros_robot_controller
Installing ros_robot_controller script to /home/yc/Documents/ROS2/ros_robot_controller-ros2/install/ros_robot_controller/lib/ros_robot_controller
writing list of installed files to '/home/yc/Documents/ROS2/ros_robot_controller-ros2/build/ros_robot_controller/install.log'
