[1.005s] Invoking command in '/home/yc/Documents/ROS2/ros_robot_controller-ros2/src/ros_robot_controller': AMENT_PREFIX_PATH=/home/yc/Documents/ROS2/ros_robot_controller-ros2/install/ros_robot_controller_msgs:${AMENT_PREFIX_PATH} CMAKE_PREFIX_PATH=/home/yc/Documents/ROS2/ros_robot_controller-ros2/install/ros_robot_controller_msgs:${CMAKE_PREFIX_PATH} DEBUGINFOD_URLS=https://debuginfod.ubuntu.com LD_LIBRARY_PATH=/home/yc/Documents/ROS2/ros_robot_controller-ros2/install/ros_robot_controller_msgs/lib:${LD_LIBRARY_PATH} PYTHONPATH=/home/yc/Documents/ROS2/ros_robot_controller-ros2/build/ros_robot_controller/prefix_override:/usr/lib/python3/dist-packages/colcon_core/task/python/colcon_distutils_commands:/home/yc/Documents/ROS2/ros_robot_controller-ros2/install/ros_robot_controller/lib/python3.12/site-packages:/home/yc/Documents/ROS2/ros_robot_controller-ros2/install/ros_robot_controller_msgs/lib/python3.12/site-packages:${PYTHONPATH} /usr/bin/python3 -W ignore:setup.py install is deprecated -W ignore:easy_install command is deprecated setup.py egg_info --egg-base ../../build/ros_robot_controller build --build-base /home/yc/Documents/ROS2/ros_robot_controller-ros2/build/ros_robot_controller/build install --record /home/yc/Documents/ROS2/ros_robot_controller-ros2/build/ros_robot_controller/install.log --single-version-externally-managed install_data
[1.234s] running egg_info
[1.251s] writing ../../build/ros_robot_controller/ros_robot_controller.egg-info/PKG-INFO
[1.251s] writing dependency_links to ../../build/ros_robot_controller/ros_robot_controller.egg-info/dependency_links.txt
[1.252s] writing entry points to ../../build/ros_robot_controller/ros_robot_controller.egg-info/entry_points.txt
[1.252s] writing requirements to ../../build/ros_robot_controller/ros_robot_controller.egg-info/requires.txt
[1.252s] writing top-level names to ../../build/ros_robot_controller/ros_robot_controller.egg-info/top_level.txt
[1.287s] reading manifest file '../../build/ros_robot_controller/ros_robot_controller.egg-info/SOURCES.txt'
[1.288s] writing manifest file '../../build/ros_robot_controller/ros_robot_controller.egg-info/SOURCES.txt'
[1.289s] running build
[1.289s] running build_py
[1.289s] copying ros_robot_controller/manual_control_node.py -> /home/yc/Documents/ROS2/ros_robot_controller-ros2/build/ros_robot_controller/build/lib/ros_robot_controller
[1.289s] copying ros_robot_controller/ros_robot_controller_node.py -> /home/yc/Documents/ROS2/ros_robot_controller-ros2/build/ros_robot_controller/build/lib/ros_robot_controller
[1.289s] running install
[1.295s] running install_lib
[1.311s] copying /home/yc/Documents/ROS2/ros_robot_controller-ros2/build/ros_robot_controller/build/lib/ros_robot_controller/manual_control_node.py -> /home/yc/Documents/ROS2/ros_robot_controller-ros2/install/ros_robot_controller/lib/python3.12/site-packages/ros_robot_controller
[1.311s] copying /home/yc/Documents/ROS2/ros_robot_controller-ros2/build/ros_robot_controller/build/lib/ros_robot_controller/ros_robot_controller_node.py -> /home/yc/Documents/ROS2/ros_robot_controller-ros2/install/ros_robot_controller/lib/python3.12/site-packages/ros_robot_controller
[1.312s] byte-compiling /home/yc/Documents/ROS2/ros_robot_controller-ros2/install/ros_robot_controller/lib/python3.12/site-packages/ros_robot_controller/manual_control_node.py to manual_control_node.cpython-312.pyc
[1.312s] byte-compiling /home/yc/Documents/ROS2/ros_robot_controller-ros2/install/ros_robot_controller/lib/python3.12/site-packages/ros_robot_controller/ros_robot_controller_node.py to ros_robot_controller_node.cpython-312.pyc
[1.313s] /home/yc/Documents/ROS2/ros_robot_controller-ros2/install/ros_robot_controller/lib/python3.12/site-packages/ros_robot_controller/ros_robot_controller_node.py:54: SyntaxWarning: invalid escape sequence '\s'
[1.313s]   self.create_subscription(String,'manual_control\selection',self.set_manaul_control,10)
[1.313s] /home/yc/Documents/ROS2/ros_robot_controller-ros2/install/ros_robot_controller/lib/python3.12/site-packages/ros_robot_controller/ros_robot_controller_node.py:55: SyntaxWarning: invalid escape sequence '\s'
[1.313s]   self.create_subscription(MotorsState,'manual_control\set_motor', self.set_manual_motor_state, 1)
[1.313s] /home/yc/Documents/ROS2/ros_robot_controller-ros2/install/ros_robot_controller/lib/python3.12/site-packages/ros_robot_controller/ros_robot_controller_node.py:56: SyntaxWarning: invalid escape sequence '\p'
[1.313s]   self.create_subscription(SetPWMServoState,'manual_control\pwn_servo_set_state', self.set_manual_pwn_servo_state, 1)
[1.315s] running install_data
[1.315s] running install_egg_info
[1.333s] removing '/home/yc/Documents/ROS2/ros_robot_controller-ros2/install/ros_robot_controller/lib/python3.12/site-packages/ros_robot_controller-0.0.0-py3.12.egg-info' (and everything under it)
[1.333s] Copying ../../build/ros_robot_controller/ros_robot_controller.egg-info to /home/yc/Documents/ROS2/ros_robot_controller-ros2/install/ros_robot_controller/lib/python3.12/site-packages/ros_robot_controller-0.0.0-py3.12.egg-info
[1.334s] running install_scripts
[1.450s] Installing motor_publisher script to /home/yc/Documents/ROS2/ros_robot_controller-ros2/install/ros_robot_controller/lib/ros_robot_controller
[1.450s] Installing ros_robot_controller script to /home/yc/Documents/ROS2/ros_robot_controller-ros2/install/ros_robot_controller/lib/ros_robot_controller
[1.450s] writing list of installed files to '/home/yc/Documents/ROS2/ros_robot_controller-ros2/build/ros_robot_controller/install.log'
[1.491s] Invoked command in '/home/yc/Documents/ROS2/ros_robot_controller-ros2/src/ros_robot_controller' returned '0': AMENT_PREFIX_PATH=/home/yc/Documents/ROS2/ros_robot_controller-ros2/install/ros_robot_controller_msgs:${AMENT_PREFIX_PATH} CMAKE_PREFIX_PATH=/home/yc/Documents/ROS2/ros_robot_controller-ros2/install/ros_robot_controller_msgs:${CMAKE_PREFIX_PATH} DEBUGINFOD_URLS=https://debuginfod.ubuntu.com LD_LIBRARY_PATH=/home/yc/Documents/ROS2/ros_robot_controller-ros2/install/ros_robot_controller_msgs/lib:${LD_LIBRARY_PATH} PYTHONPATH=/home/yc/Documents/ROS2/ros_robot_controller-ros2/build/ros_robot_controller/prefix_override:/usr/lib/python3/dist-packages/colcon_core/task/python/colcon_distutils_commands:/home/yc/Documents/ROS2/ros_robot_controller-ros2/install/ros_robot_controller/lib/python3.12/site-packages:/home/yc/Documents/ROS2/ros_robot_controller-ros2/install/ros_robot_controller_msgs/lib/python3.12/site-packages:${PYTHONPATH} /usr/bin/python3 -W ignore:setup.py install is deprecated -W ignore:easy_install command is deprecated setup.py egg_info --egg-base ../../build/ros_robot_controller build --build-base /home/yc/Documents/ROS2/ros_robot_controller-ros2/build/ros_robot_controller/build install --record /home/yc/Documents/ROS2/ros_robot_controller-ros2/build/ros_robot_controller/install.log --single-version-externally-managed install_data
