running egg_info
writing ../../build/ros_control_station/ros_control_station.egg-info/PKG-INFO
writing dependency_links to ../../build/ros_control_station/ros_control_station.egg-info/dependency_links.txt
writing entry points to ../../build/ros_control_station/ros_control_station.egg-info/entry_points.txt
writing requirements to ../../build/ros_control_station/ros_control_station.egg-info/requires.txt
writing top-level names to ../../build/ros_control_station/ros_control_station.egg-info/top_level.txt
reading manifest file '../../build/ros_control_station/ros_control_station.egg-info/SOURCES.txt'
writing manifest file '../../build/ros_control_station/ros_control_station.egg-info/SOURCES.txt'
running build
running build_py
copying ros_control_station/xbox_controller_node.py -> /home/yc/Documents/ROS2/ros_robot_controller-ros2/build/ros_control_station/build/lib/ros_control_station
copying ros_control_station/vehicle_selection_node.py -> /home/yc/Documents/ROS2/ros_robot_controller-ros2/build/ros_control_station/build/lib/ros_control_station
running install
running install_lib
copying /home/yc/Documents/ROS2/ros_robot_controller-ros2/build/ros_control_station/build/lib/ros_control_station/xbox_controller_node.py -> /home/yc/Documents/ROS2/ros_robot_controller-ros2/install/ros_control_station/lib/python3.12/site-packages/ros_control_station
copying /home/yc/Documents/ROS2/ros_robot_controller-ros2/build/ros_control_station/build/lib/ros_control_station/vehicle_selection_node.py -> /home/yc/Documents/ROS2/ros_robot_controller-ros2/install/ros_control_station/lib/python3.12/site-packages/ros_control_station
byte-compiling /home/yc/Documents/ROS2/ros_robot_controller-ros2/install/ros_control_station/lib/python3.12/site-packages/ros_control_station/xbox_controller_node.py to xbox_controller_node.cpython-312.pyc
/home/yc/Documents/ROS2/ros_robot_controller-ros2/install/ros_control_station/lib/python3.12/site-packages/ros_control_station/xbox_controller_node.py:39: SyntaxWarning: invalid escape sequence '\s'
  'manual_control\set_motor',
/home/yc/Documents/ROS2/ros_robot_controller-ros2/install/ros_control_station/lib/python3.12/site-packages/ros_control_station/xbox_controller_node.py:45: SyntaxWarning: invalid escape sequence '\p'
  'manual_control\pwn_servo_set_state',
byte-compiling /home/yc/Documents/ROS2/ros_robot_controller-ros2/install/ros_control_station/lib/python3.12/site-packages/ros_control_station/vehicle_selection_node.py to vehicle_selection_node.cpython-312.pyc
running install_data
copying launch/ros_control_station.launch.py -> /home/yc/Documents/ROS2/ros_robot_controller-ros2/install/ros_control_station/share/ros_control_station/launch
running install_egg_info
removing '/home/yc/Documents/ROS2/ros_robot_controller-ros2/install/ros_control_station/lib/python3.12/site-packages/ros_control_station-0.0.1-py3.12.egg-info' (and everything under it)
Copying ../../build/ros_control_station/ros_control_station.egg-info to /home/yc/Documents/ROS2/ros_robot_controller-ros2/install/ros_control_station/lib/python3.12/site-packages/ros_control_station-0.0.1-py3.12.egg-info
running install_scripts
Installing vehicle_control_station script to /home/yc/Documents/ROS2/ros_robot_controller-ros2/install/ros_control_station/lib/ros_control_station
Installing xbox_controller script to /home/yc/Documents/ROS2/ros_robot_controller-ros2/install/ros_control_station/lib/ros_control_station
writing list of installed files to '/home/yc/Documents/ROS2/ros_robot_controller-ros2/build/ros_control_station/install.log'
