[0.905s] Invoking command in '/home/yc/Documents/ROS2/ros_robot_controller-ros2/src/ros_robot_controller': DEBUGINFOD_URLS=https://debuginfod.ubuntu.com PYTHONPATH=/home/yc/Documents/ROS2/ros_robot_controller-ros2/build/ros_robot_controller/prefix_override:/usr/lib/python3/dist-packages/colcon_core/task/python/colcon_distutils_commands:/home/yc/Documents/ROS2/ros_robot_controller-ros2/install/ros_robot_controller/lib/python3.12/site-packages:/home/yc/Documents/ROS2/ros_robot_controller-ros2/install/ros_robot_controller_msgs/lib/python3.12/site-packages:/home/yc/Documents/ROS2/ros_robot_controller-ros2/install/ros_robot_controller/lib/python3.12/site-packages:/home/yc/Documents/ROS2/ros_robot_controller-ros2/install/ros_control_station/lib/python3.12/site-packages:/opt/ros/jazzy/lib/python3.12/site-packages /usr/bin/python3 -W ignore:setup.py install is deprecated -W ignore:easy_install command is deprecated setup.py egg_info --egg-base ../../build/ros_robot_controller build --build-base /home/yc/Documents/ROS2/ros_robot_controller-ros2/build/ros_robot_controller/build install --record /home/yc/Documents/ROS2/ros_robot_controller-ros2/build/ros_robot_controller/install.log --single-version-externally-managed install_data
[1.138s] running egg_info
[1.154s] writing ../../build/ros_robot_controller/ros_robot_controller.egg-info/PKG-INFO
[1.154s] writing dependency_links to ../../build/ros_robot_controller/ros_robot_controller.egg-info/dependency_links.txt
[1.155s] writing entry points to ../../build/ros_robot_controller/ros_robot_controller.egg-info/entry_points.txt
[1.155s] writing requirements to ../../build/ros_robot_controller/ros_robot_controller.egg-info/requires.txt
[1.155s] writing top-level names to ../../build/ros_robot_controller/ros_robot_controller.egg-info/top_level.txt
[1.188s] reading manifest file '../../build/ros_robot_controller/ros_robot_controller.egg-info/SOURCES.txt'
[1.189s] writing manifest file '../../build/ros_robot_controller/ros_robot_controller.egg-info/SOURCES.txt'
[1.189s] running build
[1.189s] running build_py
[1.189s] running install
[1.194s] running install_lib
[1.212s] running install_data
[1.212s] running install_egg_info
[1.230s] removing '/home/yc/Documents/ROS2/ros_robot_controller-ros2/install/ros_robot_controller/lib/python3.12/site-packages/ros_robot_controller-0.0.0-py3.12.egg-info' (and everything under it)
[1.230s] Copying ../../build/ros_robot_controller/ros_robot_controller.egg-info to /home/yc/Documents/ROS2/ros_robot_controller-ros2/install/ros_robot_controller/lib/python3.12/site-packages/ros_robot_controller-0.0.0-py3.12.egg-info
[1.231s] running install_scripts
[1.342s] Installing motor_publisher script to /home/yc/Documents/ROS2/ros_robot_controller-ros2/install/ros_robot_controller/lib/ros_robot_controller
[1.342s] Installing ros_robot_controller script to /home/yc/Documents/ROS2/ros_robot_controller-ros2/install/ros_robot_controller/lib/ros_robot_controller
[1.342s] writing list of installed files to '/home/yc/Documents/ROS2/ros_robot_controller-ros2/build/ros_robot_controller/install.log'
[1.381s] Invoked command in '/home/yc/Documents/ROS2/ros_robot_controller-ros2/src/ros_robot_controller' returned '0': DEBUGINFOD_URLS=https://debuginfod.ubuntu.com PYTHONPATH=/home/yc/Documents/ROS2/ros_robot_controller-ros2/build/ros_robot_controller/prefix_override:/usr/lib/python3/dist-packages/colcon_core/task/python/colcon_distutils_commands:/home/yc/Documents/ROS2/ros_robot_controller-ros2/install/ros_robot_controller/lib/python3.12/site-packages:/home/yc/Documents/ROS2/ros_robot_controller-ros2/install/ros_robot_controller_msgs/lib/python3.12/site-packages:/home/yc/Documents/ROS2/ros_robot_controller-ros2/install/ros_robot_controller/lib/python3.12/site-packages:/home/yc/Documents/ROS2/ros_robot_controller-ros2/install/ros_control_station/lib/python3.12/site-packages:/opt/ros/jazzy/lib/python3.12/site-packages /usr/bin/python3 -W ignore:setup.py install is deprecated -W ignore:easy_install command is deprecated setup.py egg_info --egg-base ../../build/ros_robot_controller build --build-base /home/yc/Documents/ROS2/ros_robot_controller-ros2/build/ros_robot_controller/build install --record /home/yc/Documents/ROS2/ros_robot_controller-ros2/build/ros_robot_controller/install.log --single-version-externally-managed install_data
