[  0%] Built target ros_robot_controller_msgs__rosidl_generator_type_description
[  0%] Built target ament_cmake_python_copy_ros_robot_controller_msgs
[  0%] Built target ros_robot_controller_msgs__cpp
[ 27%] Built target ros_robot_controller_msgs__rosidl_generator_c
[ 47%] Built target ros_robot_controller_msgs__rosidl_typesupport_c
[ 47%] Built target ros_robot_controller_msgs__rosidl_typesupport_introspection_c
[ 57%] Built target ros_robot_controller_msgs__rosidl_typesupport_cpp
[ 67%] Built target ros_robot_controller_msgs__rosidl_typesupport_fastrtps_c
[ 77%] Built target ros_robot_controller_msgs__rosidl_typesupport_introspection_cpp
[ 86%] Built target ros_robot_controller_msgs__rosidl_typesupport_fastrtps_cpp
[ 86%] Built target ros_robot_controller_msgs
[ 87%] Built target ros_robot_controller_msgs__py
[ 96%] Built target ros_robot_controller_msgs__rosidl_generator_py
[ 98%] Built target ros_robot_controller_msgs_s__rosidl_typesupport_introspection_c
[ 99%] Built target ros_robot_controller_msgs_s__rosidl_typesupport_fastrtps_c
[100%] Built target ros_robot_controller_msgs_s__rosidl_typesupport_c
running egg_info
writing ros_robot_controller_msgs.egg-info/PKG-INFO
writing dependency_links to ros_robot_controller_msgs.egg-info/dependency_links.txt
writing top-level names to ros_robot_controller_msgs.egg-info/top_level.txt
reading manifest file 'ros_robot_controller_msgs.egg-info/SOURCES.txt'
writing manifest file 'ros_robot_controller_msgs.egg-info/SOURCES.txt'
[100%] Built target ament_cmake_python_build_ros_robot_controller_msgs_egg
-- Install configuration: ""
-- Up-to-date: /home/yc/Documents/ROS2/ros_robot_controller-ros2/install/ros_robot_controller_msgs/share/ament_index/resource_index/rosidl_interfaces/ros_robot_controller_msgs
-- Up-to-date: /home/yc/Documents/ROS2/ros_robot_controller-ros2/install/ros_robot_controller_msgs/share/ros_robot_controller_msgs/msg/BusServoState.json
-- Up-to-date: /home/yc/Documents/ROS2/ros_robot_controller-ros2/install/ros_robot_controller_msgs/share/ros_robot_controller_msgs/msg/ButtonState.json
-- Up-to-date: /home/yc/Documents/ROS2/ros_robot_controller-ros2/install/ros_robot_controller_msgs/share/ros_robot_controller_msgs/msg/BuzzerState.json
-- Up-to-date: /home/yc/Documents/ROS2/ros_robot_controller-ros2/install/ros_robot_controller_msgs/share/ros_robot_controller_msgs/msg/LedState.json
-- Up-to-date: /home/yc/Documents/ROS2/ros_robot_controller-ros2/install/ros_robot_controller_msgs/share/ros_robot_controller_msgs/msg/MotorState.json
-- Up-to-date: /home/yc/Documents/ROS2/ros_robot_controller-ros2/install/ros_robot_controller_msgs/share/ros_robot_controller_msgs/msg/MotorsState.json
-- Up-to-date: /home/yc/Documents/ROS2/ros_robot_controller-ros2/install/ros_robot_controller_msgs/share/ros_robot_controller_msgs/msg/PWMServoState.json
-- Up-to-date: /home/yc/Documents/ROS2/ros_robot_controller-ros2/install/ros_robot_controller_msgs/share/ros_robot_controller_msgs/msg/Sbus.json
-- Up-to-date: /home/yc/Documents/ROS2/ros_robot_controller-ros2/install/ros_robot_controller_msgs/share/ros_robot_controller_msgs/msg/SetBusServoState.json
-- Up-to-date: /home/yc/Documents/ROS2/ros_robot_controller-ros2/install/ros_robot_controller_msgs/share/ros_robot_controller_msgs/msg/SetPWMServoState.json
-- Up-to-date: /home/yc/Documents/ROS2/ros_robot_controller-ros2/install/ros_robot_controller_msgs/share/ros_robot_controller_msgs/msg/GetBusServoCmd.json
-- Up-to-date: /home/yc/Documents/ROS2/ros_robot_controller-ros2/install/ros_robot_controller_msgs/share/ros_robot_controller_msgs/msg/GetPWMServoCmd.json
-- Up-to-date: /home/yc/Documents/ROS2/ros_robot_controller-ros2/install/ros_robot_controller_msgs/share/ros_robot_controller_msgs/srv/GetBusServoState.json
-- Up-to-date: /home/yc/Documents/ROS2/ros_robot_controller-ros2/install/ros_robot_controller_msgs/share/ros_robot_controller_msgs/srv/GetPWMServoState.json
-- Up-to-date: /home/yc/Documents/ROS2/ros_robot_controller-ros2/install/ros_robot_controller_msgs/include/ros_robot_controller_msgs/ros_robot_controller_msgs
-- Up-to-date: /home/yc/Documents/ROS2/ros_robot_controller-ros2/install/ros_robot_controller_msgs/include/ros_robot_controller_msgs/ros_robot_controller_msgs/msg
-- Up-to-date: /home/yc/Documents/ROS2/ros_robot_controller-ros2/install/ros_robot_controller_msgs/include/ros_robot_controller_msgs/ros_robot_controller_msgs/msg/set_bus_servo_state.h
-- Up-to-date: /home/yc/Documents/ROS2/ros_robot_controller-ros2/install/ros_robot_controller_msgs/include/ros_robot_controller_msgs/ros_robot_controller_msgs/msg/get_bus_servo_cmd.h
-- Up-to-date: /home/yc/Documents/ROS2/ros_robot_controller-ros2/install/ros_robot_controller_msgs/include/ros_robot_controller_msgs/ros_robot_controller_msgs/msg/rosidl_generator_c__visibility_control.h
-- Up-to-date: /home/yc/Documents/ROS2/ros_robot_controller-ros2/install/ros_robot_controller_msgs/include/ros_robot_controller_msgs/ros_robot_controller_msgs/msg/motors_state.h
-- Up-to-date: /home/yc/Documents/ROS2/ros_robot_controller-ros2/install/ros_robot_controller_msgs/include/ros_robot_controller_msgs/ros_robot_controller_msgs/msg/bus_servo_state.h
-- Up-to-date: /home/yc/Documents/ROS2/ros_robot_controller-ros2/install/ros_robot_controller_msgs/include/ros_robot_controller_msgs/ros_robot_controller_msgs/msg/sbus.h
-- Up-to-date: /home/yc/Documents/ROS2/ros_robot_controller-ros2/install/ros_robot_controller_msgs/include/ros_robot_controller_msgs/ros_robot_controller_msgs/msg/buzzer_state.h
-- Up-to-date: /home/yc/Documents/ROS2/ros_robot_controller-ros2/install/ros_robot_controller_msgs/include/ros_robot_controller_msgs/ros_robot_controller_msgs/msg/detail
-- Up-to-date: /home/yc/Documents/ROS2/ros_robot_controller-ros2/install/ros_robot_controller_msgs/include/ros_robot_controller_msgs/ros_robot_controller_msgs/msg/detail/buzzer_state__functions.h
-- Up-to-date: /home/yc/Documents/ROS2/ros_robot_controller-ros2/install/ros_robot_controller_msgs/include/ros_robot_controller_msgs/ros_robot_controller_msgs/msg/detail/buzzer_state__description.c
-- Up-to-date: /home/yc/Documents/ROS2/ros_robot_controller-ros2/install/ros_robot_controller_msgs/include/ros_robot_controller_msgs/ros_robot_controller_msgs/msg/detail/led_state__type_support.h
-- Up-to-date: /home/yc/Documents/ROS2/ros_robot_controller-ros2/install/ros_robot_controller_msgs/include/ros_robot_controller_msgs/ros_robot_controller_msgs/msg/detail/button_state__struct.h
-- Up-to-date: /home/yc/Documents/ROS2/ros_robot_controller-ros2/install/ros_robot_controller_msgs/include/ros_robot_controller_msgs/ros_robot_controller_msgs/msg/detail/motors_state__description.c
-- Up-to-date: /home/yc/Documents/ROS2/ros_robot_controller-ros2/install/ros_robot_controller_msgs/include/ros_robot_controller_msgs/ros_robot_controller_msgs/msg/detail/set_bus_servo_state__functions.h
-- Up-to-date: /home/yc/Documents/ROS2/ros_robot_controller-ros2/install/ros_robot_controller_msgs/include/ros_robot_controller_msgs/ros_robot_controller_msgs/msg/detail/motors_state__struct.h
-- Up-to-date: /home/yc/Documents/ROS2/ros_robot_controller-ros2/install/ros_robot_controller_msgs/include/ros_robot_controller_msgs/ros_robot_controller_msgs/msg/detail/set_pwm_servo_state__struct.h
-- Up-to-date: /home/yc/Documents/ROS2/ros_robot_controller-ros2/install/ros_robot_controller_msgs/include/ros_robot_controller_msgs/ros_robot_controller_msgs/msg/detail/led_state__type_support.c
-- Up-to-date: /home/yc/Documents/ROS2/ros_robot_controller-ros2/install/ros_robot_controller_msgs/include/ros_robot_controller_msgs/ros_robot_controller_msgs/msg/detail/set_pwm_servo_state__type_support.h
-- Up-to-date: /home/yc/Documents/ROS2/ros_robot_controller-ros2/install/ros_robot_controller_msgs/include/ros_robot_controller_msgs/ros_robot_controller_msgs/msg/detail/led_state__struct.h
-- Up-to-date: /home/yc/Documents/ROS2/ros_robot_controller-ros2/install/ros_robot_controller_msgs/include/ros_robot_controller_msgs/ros_robot_controller_msgs/msg/detail/button_state__functions.h
-- Up-to-date: /home/yc/Documents/ROS2/ros_robot_controller-ros2/install/ros_robot_controller_msgs/include/ros_robot_controller_msgs/ros_robot_controller_msgs/msg/detail/buzzer_state__type_support.h
-- Up-to-date: /home/yc/Documents/ROS2/ros_robot_controller-ros2/install/ros_robot_controller_msgs/include/ros_robot_controller_msgs/ros_robot_controller_msgs/msg/detail/bus_servo_state__struct.h
-- Up-to-date: /home/yc/Documents/ROS2/ros_robot_controller-ros2/install/ros_robot_controller_msgs/include/ros_robot_controller_msgs/ros_robot_controller_msgs/msg/detail/sbus__description.c
-- Up-to-date: /home/yc/Documents/ROS2/ros_robot_controller-ros2/install/ros_robot_controller_msgs/include/ros_robot_controller_msgs/ros_robot_controller_msgs/msg/detail/bus_servo_state__type_support.c
-- Up-to-date: /home/yc/Documents/ROS2/ros_robot_controller-ros2/install/ros_robot_controller_msgs/include/ros_robot_controller_msgs/ros_robot_controller_msgs/msg/detail/sbus__functions.c
-- Up-to-date: /home/yc/Documents/ROS2/ros_robot_controller-ros2/install/ros_robot_controller_msgs/include/ros_robot_controller_msgs/ros_robot_controller_msgs/msg/detail/buzzer_state__struct.h
-- Up-to-date: /home/yc/Documents/ROS2/ros_robot_controller-ros2/install/ros_robot_controller_msgs/include/ros_robot_controller_msgs/ros_robot_controller_msgs/msg/detail/motor_state__type_support.h
-- Up-to-date: /home/yc/Documents/ROS2/ros_robot_controller-ros2/install/ros_robot_controller_msgs/include/ros_robot_controller_msgs/ros_robot_controller_msgs/msg/detail/pwm_servo_state__type_support.c
-- Up-to-date: /home/yc/Documents/ROS2/ros_robot_controller-ros2/install/ros_robot_controller_msgs/include/ros_robot_controller_msgs/ros_robot_controller_msgs/msg/detail/button_state__description.c
-- Up-to-date: /home/yc/Documents/ROS2/ros_robot_controller-ros2/install/ros_robot_controller_msgs/include/ros_robot_controller_msgs/ros_robot_controller_msgs/msg/detail/motors_state__functions.c
-- Up-to-date: /home/yc/Documents/ROS2/ros_robot_controller-ros2/install/ros_robot_controller_msgs/include/ros_robot_controller_msgs/ros_robot_controller_msgs/msg/detail/led_state__functions.c
-- Up-to-date: /home/yc/Documents/ROS2/ros_robot_controller-ros2/install/ros_robot_controller_msgs/include/ros_robot_controller_msgs/ros_robot_controller_msgs/msg/detail/sbus__struct.h
-- Up-to-date: /home/yc/Documents/ROS2/ros_robot_controller-ros2/install/ros_robot_controller_msgs/include/ros_robot_controller_msgs/ros_robot_controller_msgs/msg/detail/set_pwm_servo_state__type_support.c
-- Up-to-date: /home/yc/Documents/ROS2/ros_robot_controller-ros2/install/ros_robot_controller_msgs/include/ros_robot_controller_msgs/ros_robot_controller_msgs/msg/detail/set_pwm_servo_state__functions.c
-- Up-to-date: /home/yc/Documents/ROS2/ros_robot_controller-ros2/install/ros_robot_controller_msgs/include/ros_robot_controller_msgs/ros_robot_controller_msgs/msg/detail/pwm_servo_state__struct.h
-- Up-to-date: /home/yc/Documents/ROS2/ros_robot_controller-ros2/install/ros_robot_controller_msgs/include/ros_robot_controller_msgs/ros_robot_controller_msgs/msg/detail/sbus__functions.h
-- Up-to-date: /home/yc/Documents/ROS2/ros_robot_controller-ros2/install/ros_robot_controller_msgs/include/ros_robot_controller_msgs/ros_robot_controller_msgs/msg/detail/get_pwm_servo_cmd__description.c
-- Up-to-date: /home/yc/Documents/ROS2/ros_robot_controller-ros2/install/ros_robot_controller_msgs/include/ros_robot_controller_msgs/ros_robot_controller_msgs/msg/detail/motors_state__functions.h
-- Up-to-date: /home/yc/Documents/ROS2/ros_robot_controller-ros2/install/ros_robot_controller_msgs/include/ros_robot_controller_msgs/ros_robot_controller_msgs/msg/detail/buzzer_state__functions.c
-- Up-to-date: /home/yc/Documents/ROS2/ros_robot_controller-ros2/install/ros_robot_controller_msgs/include/ros_robot_controller_msgs/ros_robot_controller_msgs/msg/detail/pwm_servo_state__description.c
-- Up-to-date: /home/yc/Documents/ROS2/ros_robot_controller-ros2/install/ros_robot_controller_msgs/include/ros_robot_controller_msgs/ros_robot_controller_msgs/msg/detail/led_state__functions.h
-- Up-to-date: /home/yc/Documents/ROS2/ros_robot_controller-ros2/install/ros_robot_controller_msgs/include/ros_robot_controller_msgs/ros_robot_controller_msgs/msg/detail/set_bus_servo_state__description.c
-- Up-to-date: /home/yc/Documents/ROS2/ros_robot_controller-ros2/install/ros_robot_controller_msgs/include/ros_robot_controller_msgs/ros_robot_controller_msgs/msg/detail/motors_state__type_support.c
-- Up-to-date: /home/yc/Documents/ROS2/ros_robot_controller-ros2/install/ros_robot_controller_msgs/include/ros_robot_controller_msgs/ros_robot_controller_msgs/msg/detail/set_pwm_servo_state__description.c
-- Up-to-date: /home/yc/Documents/ROS2/ros_robot_controller-ros2/install/ros_robot_controller_msgs/include/ros_robot_controller_msgs/ros_robot_controller_msgs/msg/detail/set_bus_servo_state__functions.c
-- Up-to-date: /home/yc/Documents/ROS2/ros_robot_controller-ros2/install/ros_robot_controller_msgs/include/ros_robot_controller_msgs/ros_robot_controller_msgs/msg/detail/get_bus_servo_cmd__struct.h
-- Up-to-date: /home/yc/Documents/ROS2/ros_robot_controller-ros2/install/ros_robot_controller_msgs/include/ros_robot_controller_msgs/ros_robot_controller_msgs/msg/detail/set_pwm_servo_state__functions.h
-- Up-to-date: /home/yc/Documents/ROS2/ros_robot_controller-ros2/install/ros_robot_controller_msgs/include/ros_robot_controller_msgs/ros_robot_controller_msgs/msg/detail/bus_servo_state__type_support.h
-- Up-to-date: /home/yc/Documents/ROS2/ros_robot_controller-ros2/install/ros_robot_controller_msgs/include/ros_robot_controller_msgs/ros_robot_controller_msgs/msg/detail/get_pwm_servo_cmd__functions.h
-- Up-to-date: /home/yc/Documents/ROS2/ros_robot_controller-ros2/install/ros_robot_controller_msgs/include/ros_robot_controller_msgs/ros_robot_controller_msgs/msg/detail/set_bus_servo_state__type_support.h
-- Up-to-date: /home/yc/Documents/ROS2/ros_robot_controller-ros2/install/ros_robot_controller_msgs/include/ros_robot_controller_msgs/ros_robot_controller_msgs/msg/detail/button_state__type_support.c
-- Up-to-date: /home/yc/Documents/ROS2/ros_robot_controller-ros2/install/ros_robot_controller_msgs/include/ros_robot_controller_msgs/ros_robot_controller_msgs/msg/detail/motor_state__description.c
-- Up-to-date: /home/yc/Documents/ROS2/ros_robot_controller-ros2/install/ros_robot_controller_msgs/include/ros_robot_controller_msgs/ros_robot_controller_msgs/msg/detail/bus_servo_state__description.c
-- Up-to-date: /home/yc/Documents/ROS2/ros_robot_controller-ros2/install/ros_robot_controller_msgs/include/ros_robot_controller_msgs/ros_robot_controller_msgs/msg/detail/buzzer_state__type_support.c
-- Up-to-date: /home/yc/Documents/ROS2/ros_robot_controller-ros2/install/ros_robot_controller_msgs/include/ros_robot_controller_msgs/ros_robot_controller_msgs/msg/detail/get_pwm_servo_cmd__struct.h
-- Up-to-date: /home/yc/Documents/ROS2/ros_robot_controller-ros2/install/ros_robot_controller_msgs/include/ros_robot_controller_msgs/ros_robot_controller_msgs/msg/detail/sbus__type_support.h
-- Up-to-date: /home/yc/Documents/ROS2/ros_robot_controller-ros2/install/ros_robot_controller_msgs/include/ros_robot_controller_msgs/ros_robot_controller_msgs/msg/detail/motor_state__functions.c
-- Up-to-date: /home/yc/Documents/ROS2/ros_robot_controller-ros2/install/ros_robot_controller_msgs/include/ros_robot_controller_msgs/ros_robot_controller_msgs/msg/detail/motor_state__type_support.c
-- Up-to-date: /home/yc/Documents/ROS2/ros_robot_controller-ros2/install/ros_robot_controller_msgs/include/ros_robot_controller_msgs/ros_robot_controller_msgs/msg/detail/get_bus_servo_cmd__functions.h
-- Up-to-date: /home/yc/Documents/ROS2/ros_robot_controller-ros2/install/ros_robot_controller_msgs/include/ros_robot_controller_msgs/ros_robot_controller_msgs/msg/detail/motor_state__struct.h
-- Up-to-date: /home/yc/Documents/ROS2/ros_robot_controller-ros2/install/ros_robot_controller_msgs/include/ros_robot_controller_msgs/ros_robot_controller_msgs/msg/detail/sbus__type_support.c
-- Up-to-date: /home/yc/Documents/ROS2/ros_robot_controller-ros2/install/ros_robot_controller_msgs/include/ros_robot_controller_msgs/ros_robot_controller_msgs/msg/detail/motor_state__functions.h
-- Up-to-date: /home/yc/Documents/ROS2/ros_robot_controller-ros2/install/ros_robot_controller_msgs/include/ros_robot_controller_msgs/ros_robot_controller_msgs/msg/detail/button_state__type_support.h
-- Up-to-date: /home/yc/Documents/ROS2/ros_robot_controller-ros2/install/ros_robot_controller_msgs/include/ros_robot_controller_msgs/ros_robot_controller_msgs/msg/detail/get_pwm_servo_cmd__type_support.h
-- Up-to-date: /home/yc/Documents/ROS2/ros_robot_controller-ros2/install/ros_robot_controller_msgs/include/ros_robot_controller_msgs/ros_robot_controller_msgs/msg/detail/get_bus_servo_cmd__description.c
-- Up-to-date: /home/yc/Documents/ROS2/ros_robot_controller-ros2/install/ros_robot_controller_msgs/include/ros_robot_controller_msgs/ros_robot_controller_msgs/msg/detail/led_state__description.c
-- Up-to-date: /home/yc/Documents/ROS2/ros_robot_controller-ros2/install/ros_robot_controller_msgs/include/ros_robot_controller_msgs/ros_robot_controller_msgs/msg/detail/pwm_servo_state__type_support.h
-- Up-to-date: /home/yc/Documents/ROS2/ros_robot_controller-ros2/install/ros_robot_controller_msgs/include/ros_robot_controller_msgs/ros_robot_controller_msgs/msg/detail/button_state__functions.c
-- Up-to-date: /home/yc/Documents/ROS2/ros_robot_controller-ros2/install/ros_robot_controller_msgs/include/ros_robot_controller_msgs/ros_robot_controller_msgs/msg/detail/get_bus_servo_cmd__functions.c
-- Up-to-date: /home/yc/Documents/ROS2/ros_robot_controller-ros2/install/ros_robot_controller_msgs/include/ros_robot_controller_msgs/ros_robot_controller_msgs/msg/detail/get_pwm_servo_cmd__functions.c
-- Up-to-date: /home/yc/Documents/ROS2/ros_robot_controller-ros2/install/ros_robot_controller_msgs/include/ros_robot_controller_msgs/ros_robot_controller_msgs/msg/detail/pwm_servo_state__functions.h
-- Up-to-date: /home/yc/Documents/ROS2/ros_robot_controller-ros2/install/ros_robot_controller_msgs/include/ros_robot_controller_msgs/ros_robot_controller_msgs/msg/detail/bus_servo_state__functions.h
-- Up-to-date: /home/yc/Documents/ROS2/ros_robot_controller-ros2/install/ros_robot_controller_msgs/include/ros_robot_controller_msgs/ros_robot_controller_msgs/msg/detail/set_bus_servo_state__type_support.c
-- Up-to-date: /home/yc/Documents/ROS2/ros_robot_controller-ros2/install/ros_robot_controller_msgs/include/ros_robot_controller_msgs/ros_robot_controller_msgs/msg/detail/get_bus_servo_cmd__type_support.h
-- Up-to-date: /home/yc/Documents/ROS2/ros_robot_controller-ros2/install/ros_robot_controller_msgs/include/ros_robot_controller_msgs/ros_robot_controller_msgs/msg/detail/pwm_servo_state__functions.c
-- Up-to-date: /home/yc/Documents/ROS2/ros_robot_controller-ros2/install/ros_robot_controller_msgs/include/ros_robot_controller_msgs/ros_robot_controller_msgs/msg/detail/bus_servo_state__functions.c
-- Up-to-date: /home/yc/Documents/ROS2/ros_robot_controller-ros2/install/ros_robot_controller_msgs/include/ros_robot_controller_msgs/ros_robot_controller_msgs/msg/detail/get_bus_servo_cmd__type_support.c
-- Up-to-date: /home/yc/Documents/ROS2/ros_robot_controller-ros2/install/ros_robot_controller_msgs/include/ros_robot_controller_msgs/ros_robot_controller_msgs/msg/detail/motors_state__type_support.h
-- Up-to-date: /home/yc/Documents/ROS2/ros_robot_controller-ros2/install/ros_robot_controller_msgs/include/ros_robot_controller_msgs/ros_robot_controller_msgs/msg/detail/set_bus_servo_state__struct.h
-- Up-to-date: /home/yc/Documents/ROS2/ros_robot_controller-ros2/install/ros_robot_controller_msgs/include/ros_robot_controller_msgs/ros_robot_controller_msgs/msg/detail/get_pwm_servo_cmd__type_support.c
-- Up-to-date: /home/yc/Documents/ROS2/ros_robot_controller-ros2/install/ros_robot_controller_msgs/include/ros_robot_controller_msgs/ros_robot_controller_msgs/msg/pwm_servo_state.h
-- Up-to-date: /home/yc/Documents/ROS2/ros_robot_controller-ros2/install/ros_robot_controller_msgs/include/ros_robot_controller_msgs/ros_robot_controller_msgs/msg/motor_state.h
-- Up-to-date: /home/yc/Documents/ROS2/ros_robot_controller-ros2/install/ros_robot_controller_msgs/include/ros_robot_controller_msgs/ros_robot_controller_msgs/msg/get_pwm_servo_cmd.h
-- Up-to-date: /home/yc/Documents/ROS2/ros_robot_controller-ros2/install/ros_robot_controller_msgs/include/ros_robot_controller_msgs/ros_robot_controller_msgs/msg/button_state.h
-- Up-to-date: /home/yc/Documents/ROS2/ros_robot_controller-ros2/install/ros_robot_controller_msgs/include/ros_robot_controller_msgs/ros_robot_controller_msgs/msg/led_state.h
-- Up-to-date: /home/yc/Documents/ROS2/ros_robot_controller-ros2/install/ros_robot_controller_msgs/include/ros_robot_controller_msgs/ros_robot_controller_msgs/msg/set_pwm_servo_state.h
-- Up-to-date: /home/yc/Documents/ROS2/ros_robot_controller-ros2/install/ros_robot_controller_msgs/include/ros_robot_controller_msgs/ros_robot_controller_msgs/srv
-- Up-to-date: /home/yc/Documents/ROS2/ros_robot_controller-ros2/install/ros_robot_controller_msgs/include/ros_robot_controller_msgs/ros_robot_controller_msgs/srv/get_bus_servo_state.h
-- Up-to-date: /home/yc/Documents/ROS2/ros_robot_controller-ros2/install/ros_robot_controller_msgs/include/ros_robot_controller_msgs/ros_robot_controller_msgs/srv/get_pwm_servo_state.h
-- Up-to-date: /home/yc/Documents/ROS2/ros_robot_controller-ros2/install/ros_robot_controller_msgs/include/ros_robot_controller_msgs/ros_robot_controller_msgs/srv/detail
-- Up-to-date: /home/yc/Documents/ROS2/ros_robot_controller-ros2/install/ros_robot_controller_msgs/include/ros_robot_controller_msgs/ros_robot_controller_msgs/srv/detail/get_pwm_servo_state__struct.h
-- Up-to-date: /home/yc/Documents/ROS2/ros_robot_controller-ros2/install/ros_robot_controller_msgs/include/ros_robot_controller_msgs/ros_robot_controller_msgs/srv/detail/get_bus_servo_state__type_support.h
-- Up-to-date: /home/yc/Documents/ROS2/ros_robot_controller-ros2/install/ros_robot_controller_msgs/include/ros_robot_controller_msgs/ros_robot_controller_msgs/srv/detail/get_bus_servo_state__functions.c
-- Up-to-date: /home/yc/Documents/ROS2/ros_robot_controller-ros2/install/ros_robot_controller_msgs/include/ros_robot_controller_msgs/ros_robot_controller_msgs/srv/detail/get_bus_servo_state__struct.h
-- Up-to-date: /home/yc/Documents/ROS2/ros_robot_controller-ros2/install/ros_robot_controller_msgs/include/ros_robot_controller_msgs/ros_robot_controller_msgs/srv/detail/get_pwm_servo_state__description.c
-- Up-to-date: /home/yc/Documents/ROS2/ros_robot_controller-ros2/install/ros_robot_controller_msgs/include/ros_robot_controller_msgs/ros_robot_controller_msgs/srv/detail/get_bus_servo_state__type_support.c
-- Up-to-date: /home/yc/Documents/ROS2/ros_robot_controller-ros2/install/ros_robot_controller_msgs/include/ros_robot_controller_msgs/ros_robot_controller_msgs/srv/detail/get_pwm_servo_state__type_support.h
-- Up-to-date: /home/yc/Documents/ROS2/ros_robot_controller-ros2/install/ros_robot_controller_msgs/include/ros_robot_controller_msgs/ros_robot_controller_msgs/srv/detail/get_pwm_servo_state__type_support.c
-- Up-to-date: /home/yc/Documents/ROS2/ros_robot_controller-ros2/install/ros_robot_controller_msgs/include/ros_robot_controller_msgs/ros_robot_controller_msgs/srv/detail/get_pwm_servo_state__functions.h
-- Up-to-date: /home/yc/Documents/ROS2/ros_robot_controller-ros2/install/ros_robot_controller_msgs/include/ros_robot_controller_msgs/ros_robot_controller_msgs/srv/detail/get_bus_servo_state__description.c
-- Up-to-date: /home/yc/Documents/ROS2/ros_robot_controller-ros2/install/ros_robot_controller_msgs/include/ros_robot_controller_msgs/ros_robot_controller_msgs/srv/detail/get_pwm_servo_state__functions.c
-- Up-to-date: /home/yc/Documents/ROS2/ros_robot_controller-ros2/install/ros_robot_controller_msgs/include/ros_robot_controller_msgs/ros_robot_controller_msgs/srv/detail/get_bus_servo_state__functions.h
-- Up-to-date: /home/yc/Documents/ROS2/ros_robot_controller-ros2/install/ros_robot_controller_msgs/share/ros_robot_controller_msgs/environment/library_path.sh
-- Up-to-date: /home/yc/Documents/ROS2/ros_robot_controller-ros2/install/ros_robot_controller_msgs/share/ros_robot_controller_msgs/environment/library_path.dsv
-- Up-to-date: /home/yc/Documents/ROS2/ros_robot_controller-ros2/install/ros_robot_controller_msgs/lib/libros_robot_controller_msgs__rosidl_generator_c.so
-- Up-to-date: /home/yc/Documents/ROS2/ros_robot_controller-ros2/install/ros_robot_controller_msgs/include/ros_robot_controller_msgs/ros_robot_controller_msgs
-- Up-to-date: /home/yc/Documents/ROS2/ros_robot_controller-ros2/install/ros_robot_controller_msgs/include/ros_robot_controller_msgs/ros_robot_controller_msgs/msg
-- Up-to-date: /home/yc/Documents/ROS2/ros_robot_controller-ros2/install/ros_robot_controller_msgs/include/ros_robot_controller_msgs/ros_robot_controller_msgs/msg/rosidl_typesupport_fastrtps_c__visibility_control.h
-- Up-to-date: /home/yc/Documents/ROS2/ros_robot_controller-ros2/install/ros_robot_controller_msgs/include/ros_robot_controller_msgs/ros_robot_controller_msgs/msg/detail
-- Up-to-date: /home/yc/Documents/ROS2/ros_robot_controller-ros2/install/ros_robot_controller_msgs/include/ros_robot_controller_msgs/ros_robot_controller_msgs/msg/detail/button_state__rosidl_typesupport_fastrtps_c.h
-- Up-to-date: /home/yc/Documents/ROS2/ros_robot_controller-ros2/install/ros_robot_controller_msgs/include/ros_robot_controller_msgs/ros_robot_controller_msgs/msg/detail/pwm_servo_state__rosidl_typesupport_fastrtps_c.h
-- Up-to-date: /home/yc/Documents/ROS2/ros_robot_controller-ros2/install/ros_robot_controller_msgs/include/ros_robot_controller_msgs/ros_robot_controller_msgs/msg/detail/set_pwm_servo_state__rosidl_typesupport_fastrtps_c.h
-- Up-to-date: /home/yc/Documents/ROS2/ros_robot_controller-ros2/install/ros_robot_controller_msgs/include/ros_robot_controller_msgs/ros_robot_controller_msgs/msg/detail/get_bus_servo_cmd__rosidl_typesupport_fastrtps_c.h
-- Up-to-date: /home/yc/Documents/ROS2/ros_robot_controller-ros2/install/ros_robot_controller_msgs/include/ros_robot_controller_msgs/ros_robot_controller_msgs/msg/detail/sbus__rosidl_typesupport_fastrtps_c.h
-- Up-to-date: /home/yc/Documents/ROS2/ros_robot_controller-ros2/install/ros_robot_controller_msgs/include/ros_robot_controller_msgs/ros_robot_controller_msgs/msg/detail/motor_state__rosidl_typesupport_fastrtps_c.h
-- Up-to-date: /home/yc/Documents/ROS2/ros_robot_controller-ros2/install/ros_robot_controller_msgs/include/ros_robot_controller_msgs/ros_robot_controller_msgs/msg/detail/led_state__rosidl_typesupport_fastrtps_c.h
-- Up-to-date: /home/yc/Documents/ROS2/ros_robot_controller-ros2/install/ros_robot_controller_msgs/include/ros_robot_controller_msgs/ros_robot_controller_msgs/msg/detail/bus_servo_state__rosidl_typesupport_fastrtps_c.h
-- Up-to-date: /home/yc/Documents/ROS2/ros_robot_controller-ros2/install/ros_robot_controller_msgs/include/ros_robot_controller_msgs/ros_robot_controller_msgs/msg/detail/set_bus_servo_state__rosidl_typesupport_fastrtps_c.h
-- Up-to-date: /home/yc/Documents/ROS2/ros_robot_controller-ros2/install/ros_robot_controller_msgs/include/ros_robot_controller_msgs/ros_robot_controller_msgs/msg/detail/buzzer_state__rosidl_typesupport_fastrtps_c.h
-- Up-to-date: /home/yc/Documents/ROS2/ros_robot_controller-ros2/install/ros_robot_controller_msgs/include/ros_robot_controller_msgs/ros_robot_controller_msgs/msg/detail/motors_state__rosidl_typesupport_fastrtps_c.h
-- Up-to-date: /home/yc/Documents/ROS2/ros_robot_controller-ros2/install/ros_robot_controller_msgs/include/ros_robot_controller_msgs/ros_robot_controller_msgs/msg/detail/get_pwm_servo_cmd__rosidl_typesupport_fastrtps_c.h
-- Up-to-date: /home/yc/Documents/ROS2/ros_robot_controller-ros2/install/ros_robot_controller_msgs/include/ros_robot_controller_msgs/ros_robot_controller_msgs/srv
-- Up-to-date: /home/yc/Documents/ROS2/ros_robot_controller-ros2/install/ros_robot_controller_msgs/include/ros_robot_controller_msgs/ros_robot_controller_msgs/srv/detail
-- Up-to-date: /home/yc/Documents/ROS2/ros_robot_controller-ros2/install/ros_robot_controller_msgs/include/ros_robot_controller_msgs/ros_robot_controller_msgs/srv/detail/get_pwm_servo_state__rosidl_typesupport_fastrtps_c.h
-- Up-to-date: /home/yc/Documents/ROS2/ros_robot_controller-ros2/install/ros_robot_controller_msgs/include/ros_robot_controller_msgs/ros_robot_controller_msgs/srv/detail/get_bus_servo_state__rosidl_typesupport_fastrtps_c.h
-- Up-to-date: /home/yc/Documents/ROS2/ros_robot_controller-ros2/install/ros_robot_controller_msgs/lib/libros_robot_controller_msgs__rosidl_typesupport_fastrtps_c.so
-- Up-to-date: /home/yc/Documents/ROS2/ros_robot_controller-ros2/install/ros_robot_controller_msgs/include/ros_robot_controller_msgs/ros_robot_controller_msgs
-- Up-to-date: /home/yc/Documents/ROS2/ros_robot_controller-ros2/install/ros_robot_controller_msgs/include/ros_robot_controller_msgs/ros_robot_controller_msgs/msg
-- Up-to-date: /home/yc/Documents/ROS2/ros_robot_controller-ros2/install/ros_robot_controller_msgs/include/ros_robot_controller_msgs/ros_robot_controller_msgs/msg/sbus.hpp
-- Up-to-date: /home/yc/Documents/ROS2/ros_robot_controller-ros2/install/ros_robot_controller_msgs/include/ros_robot_controller_msgs/ros_robot_controller_msgs/msg/led_state.hpp
-- Up-to-date: /home/yc/Documents/ROS2/ros_robot_controller-ros2/install/ros_robot_controller_msgs/include/ros_robot_controller_msgs/ros_robot_controller_msgs/msg/button_state.hpp
-- Up-to-date: /home/yc/Documents/ROS2/ros_robot_controller-ros2/install/ros_robot_controller_msgs/include/ros_robot_controller_msgs/ros_robot_controller_msgs/msg/motor_state.hpp
-- Up-to-date: /home/yc/Documents/ROS2/ros_robot_controller-ros2/install/ros_robot_controller_msgs/include/ros_robot_controller_msgs/ros_robot_controller_msgs/msg/pwm_servo_state.hpp
-- Up-to-date: /home/yc/Documents/ROS2/ros_robot_controller-ros2/install/ros_robot_controller_msgs/include/ros_robot_controller_msgs/ros_robot_controller_msgs/msg/buzzer_state.hpp
-- Up-to-date: /home/yc/Documents/ROS2/ros_robot_controller-ros2/install/ros_robot_controller_msgs/include/ros_robot_controller_msgs/ros_robot_controller_msgs/msg/motors_state.hpp
-- Up-to-date: /home/yc/Documents/ROS2/ros_robot_controller-ros2/install/ros_robot_controller_msgs/include/ros_robot_controller_msgs/ros_robot_controller_msgs/msg/set_bus_servo_state.hpp
-- Up-to-date: /home/yc/Documents/ROS2/ros_robot_controller-ros2/install/ros_robot_controller_msgs/include/ros_robot_controller_msgs/ros_robot_controller_msgs/msg/get_pwm_servo_cmd.hpp
-- Up-to-date: /home/yc/Documents/ROS2/ros_robot_controller-ros2/install/ros_robot_controller_msgs/include/ros_robot_controller_msgs/ros_robot_controller_msgs/msg/rosidl_generator_cpp__visibility_control.hpp
-- Up-to-date: /home/yc/Documents/ROS2/ros_robot_controller-ros2/install/ros_robot_controller_msgs/include/ros_robot_controller_msgs/ros_robot_controller_msgs/msg/detail
-- Up-to-date: /home/yc/Documents/ROS2/ros_robot_controller-ros2/install/ros_robot_controller_msgs/include/ros_robot_controller_msgs/ros_robot_controller_msgs/msg/detail/get_bus_servo_cmd__type_support.hpp
-- Up-to-date: /home/yc/Documents/ROS2/ros_robot_controller-ros2/install/ros_robot_controller_msgs/include/ros_robot_controller_msgs/ros_robot_controller_msgs/msg/detail/set_bus_servo_state__traits.hpp
-- Up-to-date: /home/yc/Documents/ROS2/ros_robot_controller-ros2/install/ros_robot_controller_msgs/include/ros_robot_controller_msgs/ros_robot_controller_msgs/msg/detail/pwm_servo_state__traits.hpp
-- Up-to-date: /home/yc/Documents/ROS2/ros_robot_controller-ros2/install/ros_robot_controller_msgs/include/ros_robot_controller_msgs/ros_robot_controller_msgs/msg/detail/led_state__builder.hpp
-- Up-to-date: /home/yc/Documents/ROS2/ros_robot_controller-ros2/install/ros_robot_controller_msgs/include/ros_robot_controller_msgs/ros_robot_controller_msgs/msg/detail/buzzer_state__builder.hpp
-- Up-to-date: /home/yc/Documents/ROS2/ros_robot_controller-ros2/install/ros_robot_controller_msgs/include/ros_robot_controller_msgs/ros_robot_controller_msgs/msg/detail/sbus__builder.hpp
-- Up-to-date: /home/yc/Documents/ROS2/ros_robot_controller-ros2/install/ros_robot_controller_msgs/include/ros_robot_controller_msgs/ros_robot_controller_msgs/msg/detail/buzzer_state__type_support.hpp
-- Up-to-date: /home/yc/Documents/ROS2/ros_robot_controller-ros2/install/ros_robot_controller_msgs/include/ros_robot_controller_msgs/ros_robot_controller_msgs/msg/detail/motor_state__type_support.hpp
-- Up-to-date: /home/yc/Documents/ROS2/ros_robot_controller-ros2/install/ros_robot_controller_msgs/include/ros_robot_controller_msgs/ros_robot_controller_msgs/msg/detail/set_bus_servo_state__type_support.hpp
-- Up-to-date: /home/yc/Documents/ROS2/ros_robot_controller-ros2/install/ros_robot_controller_msgs/include/ros_robot_controller_msgs/ros_robot_controller_msgs/msg/detail/sbus__traits.hpp
-- Up-to-date: /home/yc/Documents/ROS2/ros_robot_controller-ros2/install/ros_robot_controller_msgs/include/ros_robot_controller_msgs/ros_robot_controller_msgs/msg/detail/motor_state__struct.hpp
-- Up-to-date: /home/yc/Documents/ROS2/ros_robot_controller-ros2/install/ros_robot_controller_msgs/include/ros_robot_controller_msgs/ros_robot_controller_msgs/msg/detail/pwm_servo_state__type_support.hpp
-- Up-to-date: /home/yc/Documents/ROS2/ros_robot_controller-ros2/install/ros_robot_controller_msgs/include/ros_robot_controller_msgs/ros_robot_controller_msgs/msg/detail/led_state__traits.hpp
-- Up-to-date: /home/yc/Documents/ROS2/ros_robot_controller-ros2/install/ros_robot_controller_msgs/include/ros_robot_controller_msgs/ros_robot_controller_msgs/msg/detail/button_state__traits.hpp
-- Up-to-date: /home/yc/Documents/ROS2/ros_robot_controller-ros2/install/ros_robot_controller_msgs/include/ros_robot_controller_msgs/ros_robot_controller_msgs/msg/detail/pwm_servo_state__struct.hpp
-- Up-to-date: /home/yc/Documents/ROS2/ros_robot_controller-ros2/install/ros_robot_controller_msgs/include/ros_robot_controller_msgs/ros_robot_controller_msgs/msg/detail/motor_state__builder.hpp
-- Up-to-date: /home/yc/Documents/ROS2/ros_robot_controller-ros2/install/ros_robot_controller_msgs/include/ros_robot_controller_msgs/ros_robot_controller_msgs/msg/detail/get_bus_servo_cmd__builder.hpp
-- Up-to-date: /home/yc/Documents/ROS2/ros_robot_controller-ros2/install/ros_robot_controller_msgs/include/ros_robot_controller_msgs/ros_robot_controller_msgs/msg/detail/set_pwm_servo_state__struct.hpp
-- Up-to-date: /home/yc/Documents/ROS2/ros_robot_controller-ros2/install/ros_robot_controller_msgs/include/ros_robot_controller_msgs/ros_robot_controller_msgs/msg/detail/set_pwm_servo_state__traits.hpp
-- Up-to-date: /home/yc/Documents/ROS2/ros_robot_controller-ros2/install/ros_robot_controller_msgs/include/ros_robot_controller_msgs/ros_robot_controller_msgs/msg/detail/motors_state__struct.hpp
-- Up-to-date: /home/yc/Documents/ROS2/ros_robot_controller-ros2/install/ros_robot_controller_msgs/include/ros_robot_controller_msgs/ros_robot_controller_msgs/msg/detail/bus_servo_state__traits.hpp
-- Up-to-date: /home/yc/Documents/ROS2/ros_robot_controller-ros2/install/ros_robot_controller_msgs/include/ros_robot_controller_msgs/ros_robot_controller_msgs/msg/detail/set_pwm_servo_state__type_support.hpp
-- Up-to-date: /home/yc/Documents/ROS2/ros_robot_controller-ros2/install/ros_robot_controller_msgs/include/ros_robot_controller_msgs/ros_robot_controller_msgs/msg/detail/motor_state__traits.hpp
-- Up-to-date: /home/yc/Documents/ROS2/ros_robot_controller-ros2/install/ros_robot_controller_msgs/include/ros_robot_controller_msgs/ros_robot_controller_msgs/msg/detail/set_pwm_servo_state__builder.hpp
-- Up-to-date: /home/yc/Documents/ROS2/ros_robot_controller-ros2/install/ros_robot_controller_msgs/include/ros_robot_controller_msgs/ros_robot_controller_msgs/msg/detail/get_pwm_servo_cmd__struct.hpp
-- Up-to-date: /home/yc/Documents/ROS2/ros_robot_controller-ros2/install/ros_robot_controller_msgs/include/ros_robot_controller_msgs/ros_robot_controller_msgs/msg/detail/led_state__type_support.hpp
-- Up-to-date: /home/yc/Documents/ROS2/ros_robot_controller-ros2/install/ros_robot_controller_msgs/include/ros_robot_controller_msgs/ros_robot_controller_msgs/msg/detail/button_state__struct.hpp
-- Up-to-date: /home/yc/Documents/ROS2/ros_robot_controller-ros2/install/ros_robot_controller_msgs/include/ros_robot_controller_msgs/ros_robot_controller_msgs/msg/detail/motors_state__type_support.hpp
-- Up-to-date: /home/yc/Documents/ROS2/ros_robot_controller-ros2/install/ros_robot_controller_msgs/include/ros_robot_controller_msgs/ros_robot_controller_msgs/msg/detail/motors_state__traits.hpp
-- Up-to-date: /home/yc/Documents/ROS2/ros_robot_controller-ros2/install/ros_robot_controller_msgs/include/ros_robot_controller_msgs/ros_robot_controller_msgs/msg/detail/get_bus_servo_cmd__struct.hpp
-- Up-to-date: /home/yc/Documents/ROS2/ros_robot_controller-ros2/install/ros_robot_controller_msgs/include/ros_robot_controller_msgs/ros_robot_controller_msgs/msg/detail/button_state__builder.hpp
-- Up-to-date: /home/yc/Documents/ROS2/ros_robot_controller-ros2/install/ros_robot_controller_msgs/include/ros_robot_controller_msgs/ros_robot_controller_msgs/msg/detail/bus_servo_state__builder.hpp
-- Up-to-date: /home/yc/Documents/ROS2/ros_robot_controller-ros2/install/ros_robot_controller_msgs/include/ros_robot_controller_msgs/ros_robot_controller_msgs/msg/detail/pwm_servo_state__builder.hpp
-- Up-to-date: /home/yc/Documents/ROS2/ros_robot_controller-ros2/install/ros_robot_controller_msgs/include/ros_robot_controller_msgs/ros_robot_controller_msgs/msg/detail/button_state__type_support.hpp
-- Up-to-date: /home/yc/Documents/ROS2/ros_robot_controller-ros2/install/ros_robot_controller_msgs/include/ros_robot_controller_msgs/ros_robot_controller_msgs/msg/detail/get_pwm_servo_cmd__builder.hpp
-- Up-to-date: /home/yc/Documents/ROS2/ros_robot_controller-ros2/install/ros_robot_controller_msgs/include/ros_robot_controller_msgs/ros_robot_controller_msgs/msg/detail/set_bus_servo_state__struct.hpp
-- Up-to-date: /home/yc/Documents/ROS2/ros_robot_controller-ros2/install/ros_robot_controller_msgs/include/ros_robot_controller_msgs/ros_robot_controller_msgs/msg/detail/set_bus_servo_state__builder.hpp
-- Up-to-date: /home/yc/Documents/ROS2/ros_robot_controller-ros2/install/ros_robot_controller_msgs/include/ros_robot_controller_msgs/ros_robot_controller_msgs/msg/detail/bus_servo_state__struct.hpp
-- Up-to-date: /home/yc/Documents/ROS2/ros_robot_controller-ros2/install/ros_robot_controller_msgs/include/ros_robot_controller_msgs/ros_robot_controller_msgs/msg/detail/get_pwm_servo_cmd__traits.hpp
-- Up-to-date: /home/yc/Documents/ROS2/ros_robot_controller-ros2/install/ros_robot_controller_msgs/include/ros_robot_controller_msgs/ros_robot_controller_msgs/msg/detail/bus_servo_state__type_support.hpp
-- Up-to-date: /home/yc/Documents/ROS2/ros_robot_controller-ros2/install/ros_robot_controller_msgs/include/ros_robot_controller_msgs/ros_robot_controller_msgs/msg/detail/get_bus_servo_cmd__traits.hpp
-- Up-to-date: /home/yc/Documents/ROS2/ros_robot_controller-ros2/install/ros_robot_controller_msgs/include/ros_robot_controller_msgs/ros_robot_controller_msgs/msg/detail/sbus__type_support.hpp
-- Up-to-date: /home/yc/Documents/ROS2/ros_robot_controller-ros2/install/ros_robot_controller_msgs/include/ros_robot_controller_msgs/ros_robot_controller_msgs/msg/detail/led_state__struct.hpp
-- Up-to-date: /home/yc/Documents/ROS2/ros_robot_controller-ros2/install/ros_robot_controller_msgs/include/ros_robot_controller_msgs/ros_robot_controller_msgs/msg/detail/get_pwm_servo_cmd__type_support.hpp
-- Up-to-date: /home/yc/Documents/ROS2/ros_robot_controller-ros2/install/ros_robot_controller_msgs/include/ros_robot_controller_msgs/ros_robot_controller_msgs/msg/detail/sbus__struct.hpp
-- Up-to-date: /home/yc/Documents/ROS2/ros_robot_controller-ros2/install/ros_robot_controller_msgs/include/ros_robot_controller_msgs/ros_robot_controller_msgs/msg/detail/motors_state__builder.hpp
-- Up-to-date: /home/yc/Documents/ROS2/ros_robot_controller-ros2/install/ros_robot_controller_msgs/include/ros_robot_controller_msgs/ros_robot_controller_msgs/msg/detail/buzzer_state__traits.hpp
-- Up-to-date: /home/yc/Documents/ROS2/ros_robot_controller-ros2/install/ros_robot_controller_msgs/include/ros_robot_controller_msgs/ros_robot_controller_msgs/msg/detail/buzzer_state__struct.hpp
-- Up-to-date: /home/yc/Documents/ROS2/ros_robot_controller-ros2/install/ros_robot_controller_msgs/include/ros_robot_controller_msgs/ros_robot_controller_msgs/msg/get_bus_servo_cmd.hpp
-- Up-to-date: /home/yc/Documents/ROS2/ros_robot_controller-ros2/install/ros_robot_controller_msgs/include/ros_robot_controller_msgs/ros_robot_controller_msgs/msg/set_pwm_servo_state.hpp
-- Up-to-date: /home/yc/Documents/ROS2/ros_robot_controller-ros2/install/ros_robot_controller_msgs/include/ros_robot_controller_msgs/ros_robot_controller_msgs/msg/bus_servo_state.hpp
-- Up-to-date: /home/yc/Documents/ROS2/ros_robot_controller-ros2/install/ros_robot_controller_msgs/include/ros_robot_controller_msgs/ros_robot_controller_msgs/srv
-- Up-to-date: /home/yc/Documents/ROS2/ros_robot_controller-ros2/install/ros_robot_controller_msgs/include/ros_robot_controller_msgs/ros_robot_controller_msgs/srv/get_pwm_servo_state.hpp
-- Up-to-date: /home/yc/Documents/ROS2/ros_robot_controller-ros2/install/ros_robot_controller_msgs/include/ros_robot_controller_msgs/ros_robot_controller_msgs/srv/get_bus_servo_state.hpp
-- Up-to-date: /home/yc/Documents/ROS2/ros_robot_controller-ros2/install/ros_robot_controller_msgs/include/ros_robot_controller_msgs/ros_robot_controller_msgs/srv/detail
-- Up-to-date: /home/yc/Documents/ROS2/ros_robot_controller-ros2/install/ros_robot_controller_msgs/include/ros_robot_controller_msgs/ros_robot_controller_msgs/srv/detail/get_bus_servo_state__type_support.hpp
-- Up-to-date: /home/yc/Documents/ROS2/ros_robot_controller-ros2/install/ros_robot_controller_msgs/include/ros_robot_controller_msgs/ros_robot_controller_msgs/srv/detail/get_pwm_servo_state__type_support.hpp
-- Up-to-date: /home/yc/Documents/ROS2/ros_robot_controller-ros2/install/ros_robot_controller_msgs/include/ros_robot_controller_msgs/ros_robot_controller_msgs/srv/detail/get_bus_servo_state__traits.hpp
-- Up-to-date: /home/yc/Documents/ROS2/ros_robot_controller-ros2/install/ros_robot_controller_msgs/include/ros_robot_controller_msgs/ros_robot_controller_msgs/srv/detail/get_pwm_servo_state__struct.hpp
-- Up-to-date: /home/yc/Documents/ROS2/ros_robot_controller-ros2/install/ros_robot_controller_msgs/include/ros_robot_controller_msgs/ros_robot_controller_msgs/srv/detail/get_bus_servo_state__struct.hpp
-- Up-to-date: /home/yc/Documents/ROS2/ros_robot_controller-ros2/install/ros_robot_controller_msgs/include/ros_robot_controller_msgs/ros_robot_controller_msgs/srv/detail/get_pwm_servo_state__builder.hpp
-- Up-to-date: /home/yc/Documents/ROS2/ros_robot_controller-ros2/install/ros_robot_controller_msgs/include/ros_robot_controller_msgs/ros_robot_controller_msgs/srv/detail/get_bus_servo_state__builder.hpp
-- Up-to-date: /home/yc/Documents/ROS2/ros_robot_controller-ros2/install/ros_robot_controller_msgs/include/ros_robot_controller_msgs/ros_robot_controller_msgs/srv/detail/get_pwm_servo_state__traits.hpp
-- Up-to-date: /home/yc/Documents/ROS2/ros_robot_controller-ros2/install/ros_robot_controller_msgs/include/ros_robot_controller_msgs/ros_robot_controller_msgs
-- Up-to-date: /home/yc/Documents/ROS2/ros_robot_controller-ros2/install/ros_robot_controller_msgs/include/ros_robot_controller_msgs/ros_robot_controller_msgs/msg
-- Up-to-date: /home/yc/Documents/ROS2/ros_robot_controller-ros2/install/ros_robot_controller_msgs/include/ros_robot_controller_msgs/ros_robot_controller_msgs/msg/rosidl_typesupport_fastrtps_cpp__visibility_control.h
-- Up-to-date: /home/yc/Documents/ROS2/ros_robot_controller-ros2/install/ros_robot_controller_msgs/include/ros_robot_controller_msgs/ros_robot_controller_msgs/msg/detail
-- Up-to-date: /home/yc/Documents/ROS2/ros_robot_controller-ros2/install/ros_robot_controller_msgs/include/ros_robot_controller_msgs/ros_robot_controller_msgs/msg/detail/motor_state__rosidl_typesupport_fastrtps_cpp.hpp
-- Up-to-date: /home/yc/Documents/ROS2/ros_robot_controller-ros2/install/ros_robot_controller_msgs/include/ros_robot_controller_msgs/ros_robot_controller_msgs/msg/detail/set_bus_servo_state__rosidl_typesupport_fastrtps_cpp.hpp
-- Up-to-date: /home/yc/Documents/ROS2/ros_robot_controller-ros2/install/ros_robot_controller_msgs/include/ros_robot_controller_msgs/ros_robot_controller_msgs/msg/detail/set_pwm_servo_state__rosidl_typesupport_fastrtps_cpp.hpp
-- Up-to-date: /home/yc/Documents/ROS2/ros_robot_controller-ros2/install/ros_robot_controller_msgs/include/ros_robot_controller_msgs/ros_robot_controller_msgs/msg/detail/led_state__rosidl_typesupport_fastrtps_cpp.hpp
-- Up-to-date: /home/yc/Documents/ROS2/ros_robot_controller-ros2/install/ros_robot_controller_msgs/include/ros_robot_controller_msgs/ros_robot_controller_msgs/msg/detail/get_bus_servo_cmd__rosidl_typesupport_fastrtps_cpp.hpp
-- Up-to-date: /home/yc/Documents/ROS2/ros_robot_controller-ros2/install/ros_robot_controller_msgs/include/ros_robot_controller_msgs/ros_robot_controller_msgs/msg/detail/button_state__rosidl_typesupport_fastrtps_cpp.hpp
-- Up-to-date: /home/yc/Documents/ROS2/ros_robot_controller-ros2/install/ros_robot_controller_msgs/include/ros_robot_controller_msgs/ros_robot_controller_msgs/msg/detail/get_pwm_servo_cmd__rosidl_typesupport_fastrtps_cpp.hpp
-- Up-to-date: /home/yc/Documents/ROS2/ros_robot_controller-ros2/install/ros_robot_controller_msgs/include/ros_robot_controller_msgs/ros_robot_controller_msgs/msg/detail/sbus__rosidl_typesupport_fastrtps_cpp.hpp
-- Up-to-date: /home/yc/Documents/ROS2/ros_robot_controller-ros2/install/ros_robot_controller_msgs/include/ros_robot_controller_msgs/ros_robot_controller_msgs/msg/detail/pwm_servo_state__rosidl_typesupport_fastrtps_cpp.hpp
-- Up-to-date: /home/yc/Documents/ROS2/ros_robot_controller-ros2/install/ros_robot_controller_msgs/include/ros_robot_controller_msgs/ros_robot_controller_msgs/msg/detail/buzzer_state__rosidl_typesupport_fastrtps_cpp.hpp
-- Up-to-date: /home/yc/Documents/ROS2/ros_robot_controller-ros2/install/ros_robot_controller_msgs/include/ros_robot_controller_msgs/ros_robot_controller_msgs/msg/detail/dds_fastrtps
-- Up-to-date: /home/yc/Documents/ROS2/ros_robot_controller-ros2/install/ros_robot_controller_msgs/include/ros_robot_controller_msgs/ros_robot_controller_msgs/msg/detail/motors_state__rosidl_typesupport_fastrtps_cpp.hpp
-- Up-to-date: /home/yc/Documents/ROS2/ros_robot_controller-ros2/install/ros_robot_controller_msgs/include/ros_robot_controller_msgs/ros_robot_controller_msgs/msg/detail/bus_servo_state__rosidl_typesupport_fastrtps_cpp.hpp
-- Up-to-date: /home/yc/Documents/ROS2/ros_robot_controller-ros2/install/ros_robot_controller_msgs/include/ros_robot_controller_msgs/ros_robot_controller_msgs/srv
-- Up-to-date: /home/yc/Documents/ROS2/ros_robot_controller-ros2/install/ros_robot_controller_msgs/include/ros_robot_controller_msgs/ros_robot_controller_msgs/srv/detail
-- Up-to-date: /home/yc/Documents/ROS2/ros_robot_controller-ros2/install/ros_robot_controller_msgs/include/ros_robot_controller_msgs/ros_robot_controller_msgs/srv/detail/get_bus_servo_state__rosidl_typesupport_fastrtps_cpp.hpp
-- Up-to-date: /home/yc/Documents/ROS2/ros_robot_controller-ros2/install/ros_robot_controller_msgs/include/ros_robot_controller_msgs/ros_robot_controller_msgs/srv/detail/get_pwm_servo_state__rosidl_typesupport_fastrtps_cpp.hpp
-- Up-to-date: /home/yc/Documents/ROS2/ros_robot_controller-ros2/install/ros_robot_controller_msgs/include/ros_robot_controller_msgs/ros_robot_controller_msgs/srv/detail/dds_fastrtps
-- Up-to-date: /home/yc/Documents/ROS2/ros_robot_controller-ros2/install/ros_robot_controller_msgs/lib/libros_robot_controller_msgs__rosidl_typesupport_fastrtps_cpp.so
-- Up-to-date: /home/yc/Documents/ROS2/ros_robot_controller-ros2/install/ros_robot_controller_msgs/include/ros_robot_controller_msgs/ros_robot_controller_msgs
-- Up-to-date: /home/yc/Documents/ROS2/ros_robot_controller-ros2/install/ros_robot_controller_msgs/include/ros_robot_controller_msgs/ros_robot_controller_msgs/msg
-- Up-to-date: /home/yc/Documents/ROS2/ros_robot_controller-ros2/install/ros_robot_controller_msgs/include/ros_robot_controller_msgs/ros_robot_controller_msgs/msg/rosidl_typesupport_introspection_c__visibility_control.h
-- Up-to-date: /home/yc/Documents/ROS2/ros_robot_controller-ros2/install/ros_robot_controller_msgs/include/ros_robot_controller_msgs/ros_robot_controller_msgs/msg/detail
-- Up-to-date: /home/yc/Documents/ROS2/ros_robot_controller-ros2/install/ros_robot_controller_msgs/include/ros_robot_controller_msgs/ros_robot_controller_msgs/msg/detail/bus_servo_state__rosidl_typesupport_introspection_c.h
-- Up-to-date: /home/yc/Documents/ROS2/ros_robot_controller-ros2/install/ros_robot_controller_msgs/include/ros_robot_controller_msgs/ros_robot_controller_msgs/msg/detail/get_bus_servo_cmd__rosidl_typesupport_introspection_c.h
-- Up-to-date: /home/yc/Documents/ROS2/ros_robot_controller-ros2/install/ros_robot_controller_msgs/include/ros_robot_controller_msgs/ros_robot_controller_msgs/msg/detail/led_state__type_support.c
-- Up-to-date: /home/yc/Documents/ROS2/ros_robot_controller-ros2/install/ros_robot_controller_msgs/include/ros_robot_controller_msgs/ros_robot_controller_msgs/msg/detail/get_pwm_servo_cmd__rosidl_typesupport_introspection_c.h
-- Up-to-date: /home/yc/Documents/ROS2/ros_robot_controller-ros2/install/ros_robot_controller_msgs/include/ros_robot_controller_msgs/ros_robot_controller_msgs/msg/detail/led_state__rosidl_typesupport_introspection_c.h
-- Up-to-date: /home/yc/Documents/ROS2/ros_robot_controller-ros2/install/ros_robot_controller_msgs/include/ros_robot_controller_msgs/ros_robot_controller_msgs/msg/detail/bus_servo_state__type_support.c
-- Up-to-date: /home/yc/Documents/ROS2/ros_robot_controller-ros2/install/ros_robot_controller_msgs/include/ros_robot_controller_msgs/ros_robot_controller_msgs/msg/detail/pwm_servo_state__rosidl_typesupport_introspection_c.h
-- Up-to-date: /home/yc/Documents/ROS2/ros_robot_controller-ros2/install/ros_robot_controller_msgs/include/ros_robot_controller_msgs/ros_robot_controller_msgs/msg/detail/pwm_servo_state__type_support.c
-- Up-to-date: /home/yc/Documents/ROS2/ros_robot_controller-ros2/install/ros_robot_controller_msgs/include/ros_robot_controller_msgs/ros_robot_controller_msgs/msg/detail/set_pwm_servo_state__rosidl_typesupport_introspection_c.h
-- Up-to-date: /home/yc/Documents/ROS2/ros_robot_controller-ros2/install/ros_robot_controller_msgs/include/ros_robot_controller_msgs/ros_robot_controller_msgs/msg/detail/set_pwm_servo_state__type_support.c
-- Up-to-date: /home/yc/Documents/ROS2/ros_robot_controller-ros2/install/ros_robot_controller_msgs/include/ros_robot_controller_msgs/ros_robot_controller_msgs/msg/detail/button_state__rosidl_typesupport_introspection_c.h
-- Up-to-date: /home/yc/Documents/ROS2/ros_robot_controller-ros2/install/ros_robot_controller_msgs/include/ros_robot_controller_msgs/ros_robot_controller_msgs/msg/detail/set_bus_servo_state__rosidl_typesupport_introspection_c.h
-- Up-to-date: /home/yc/Documents/ROS2/ros_robot_controller-ros2/install/ros_robot_controller_msgs/include/ros_robot_controller_msgs/ros_robot_controller_msgs/msg/detail/buzzer_state__rosidl_typesupport_introspection_c.h
-- Up-to-date: /home/yc/Documents/ROS2/ros_robot_controller-ros2/install/ros_robot_controller_msgs/include/ros_robot_controller_msgs/ros_robot_controller_msgs/msg/detail/motors_state__type_support.c
-- Up-to-date: /home/yc/Documents/ROS2/ros_robot_controller-ros2/install/ros_robot_controller_msgs/include/ros_robot_controller_msgs/ros_robot_controller_msgs/msg/detail/button_state__type_support.c
-- Up-to-date: /home/yc/Documents/ROS2/ros_robot_controller-ros2/install/ros_robot_controller_msgs/include/ros_robot_controller_msgs/ros_robot_controller_msgs/msg/detail/buzzer_state__type_support.c
-- Up-to-date: /home/yc/Documents/ROS2/ros_robot_controller-ros2/install/ros_robot_controller_msgs/include/ros_robot_controller_msgs/ros_robot_controller_msgs/msg/detail/motor_state__type_support.c
-- Up-to-date: /home/yc/Documents/ROS2/ros_robot_controller-ros2/install/ros_robot_controller_msgs/include/ros_robot_controller_msgs/ros_robot_controller_msgs/msg/detail/sbus__type_support.c
-- Up-to-date: /home/yc/Documents/ROS2/ros_robot_controller-ros2/install/ros_robot_controller_msgs/include/ros_robot_controller_msgs/ros_robot_controller_msgs/msg/detail/sbus__rosidl_typesupport_introspection_c.h
-- Up-to-date: /home/yc/Documents/ROS2/ros_robot_controller-ros2/install/ros_robot_controller_msgs/include/ros_robot_controller_msgs/ros_robot_controller_msgs/msg/detail/set_bus_servo_state__type_support.c
-- Up-to-date: /home/yc/Documents/ROS2/ros_robot_controller-ros2/install/ros_robot_controller_msgs/include/ros_robot_controller_msgs/ros_robot_controller_msgs/msg/detail/motors_state__rosidl_typesupport_introspection_c.h
-- Up-to-date: /home/yc/Documents/ROS2/ros_robot_controller-ros2/install/ros_robot_controller_msgs/include/ros_robot_controller_msgs/ros_robot_controller_msgs/msg/detail/get_bus_servo_cmd__type_support.c
-- Up-to-date: /home/yc/Documents/ROS2/ros_robot_controller-ros2/install/ros_robot_controller_msgs/include/ros_robot_controller_msgs/ros_robot_controller_msgs/msg/detail/get_pwm_servo_cmd__type_support.c
-- Up-to-date: /home/yc/Documents/ROS2/ros_robot_controller-ros2/install/ros_robot_controller_msgs/include/ros_robot_controller_msgs/ros_robot_controller_msgs/msg/detail/motor_state__rosidl_typesupport_introspection_c.h
-- Up-to-date: /home/yc/Documents/ROS2/ros_robot_controller-ros2/install/ros_robot_controller_msgs/include/ros_robot_controller_msgs/ros_robot_controller_msgs/srv
-- Up-to-date: /home/yc/Documents/ROS2/ros_robot_controller-ros2/install/ros_robot_controller_msgs/include/ros_robot_controller_msgs/ros_robot_controller_msgs/srv/detail
-- Up-to-date: /home/yc/Documents/ROS2/ros_robot_controller-ros2/install/ros_robot_controller_msgs/include/ros_robot_controller_msgs/ros_robot_controller_msgs/srv/detail/get_pwm_servo_state__rosidl_typesupport_introspection_c.h
-- Up-to-date: /home/yc/Documents/ROS2/ros_robot_controller-ros2/install/ros_robot_controller_msgs/include/ros_robot_controller_msgs/ros_robot_controller_msgs/srv/detail/get_bus_servo_state__type_support.c
-- Up-to-date: /home/yc/Documents/ROS2/ros_robot_controller-ros2/install/ros_robot_controller_msgs/include/ros_robot_controller_msgs/ros_robot_controller_msgs/srv/detail/get_pwm_servo_state__type_support.c
-- Up-to-date: /home/yc/Documents/ROS2/ros_robot_controller-ros2/install/ros_robot_controller_msgs/include/ros_robot_controller_msgs/ros_robot_controller_msgs/srv/detail/get_bus_servo_state__rosidl_typesupport_introspection_c.h
-- Up-to-date: /home/yc/Documents/ROS2/ros_robot_controller-ros2/install/ros_robot_controller_msgs/lib/libros_robot_controller_msgs__rosidl_typesupport_introspection_c.so
-- Up-to-date: /home/yc/Documents/ROS2/ros_robot_controller-ros2/install/ros_robot_controller_msgs/lib/libros_robot_controller_msgs__rosidl_typesupport_c.so
-- Up-to-date: /home/yc/Documents/ROS2/ros_robot_controller-ros2/install/ros_robot_controller_msgs/include/ros_robot_controller_msgs/ros_robot_controller_msgs
-- Up-to-date: /home/yc/Documents/ROS2/ros_robot_controller-ros2/install/ros_robot_controller_msgs/include/ros_robot_controller_msgs/ros_robot_controller_msgs/msg
-- Up-to-date: /home/yc/Documents/ROS2/ros_robot_controller-ros2/install/ros_robot_controller_msgs/include/ros_robot_controller_msgs/ros_robot_controller_msgs/msg/detail
-- Up-to-date: /home/yc/Documents/ROS2/ros_robot_controller-ros2/install/ros_robot_controller_msgs/include/ros_robot_controller_msgs/ros_robot_controller_msgs/msg/detail/set_pwm_servo_state__type_support.cpp
-- Up-to-date: /home/yc/Documents/ROS2/ros_robot_controller-ros2/install/ros_robot_controller_msgs/include/ros_robot_controller_msgs/ros_robot_controller_msgs/msg/detail/set_bus_servo_state__rosidl_typesupport_introspection_cpp.hpp
-- Up-to-date: /home/yc/Documents/ROS2/ros_robot_controller-ros2/install/ros_robot_controller_msgs/include/ros_robot_controller_msgs/ros_robot_controller_msgs/msg/detail/buzzer_state__type_support.cpp
-- Up-to-date: /home/yc/Documents/ROS2/ros_robot_controller-ros2/install/ros_robot_controller_msgs/include/ros_robot_controller_msgs/ros_robot_controller_msgs/msg/detail/get_bus_servo_cmd__type_support.cpp
-- Up-to-date: /home/yc/Documents/ROS2/ros_robot_controller-ros2/install/ros_robot_controller_msgs/include/ros_robot_controller_msgs/ros_robot_controller_msgs/msg/detail/get_bus_servo_cmd__rosidl_typesupport_introspection_cpp.hpp
-- Up-to-date: /home/yc/Documents/ROS2/ros_robot_controller-ros2/install/ros_robot_controller_msgs/include/ros_robot_controller_msgs/ros_robot_controller_msgs/msg/detail/led_state__type_support.cpp
-- Up-to-date: /home/yc/Documents/ROS2/ros_robot_controller-ros2/install/ros_robot_controller_msgs/include/ros_robot_controller_msgs/ros_robot_controller_msgs/msg/detail/motors_state__rosidl_typesupport_introspection_cpp.hpp
-- Up-to-date: /home/yc/Documents/ROS2/ros_robot_controller-ros2/install/ros_robot_controller_msgs/include/ros_robot_controller_msgs/ros_robot_controller_msgs/msg/detail/sbus__rosidl_typesupport_introspection_cpp.hpp
-- Up-to-date: /home/yc/Documents/ROS2/ros_robot_controller-ros2/install/ros_robot_controller_msgs/include/ros_robot_controller_msgs/ros_robot_controller_msgs/msg/detail/button_state__rosidl_typesupport_introspection_cpp.hpp
-- Up-to-date: /home/yc/Documents/ROS2/ros_robot_controller-ros2/install/ros_robot_controller_msgs/include/ros_robot_controller_msgs/ros_robot_controller_msgs/msg/detail/bus_servo_state__type_support.cpp
-- Up-to-date: /home/yc/Documents/ROS2/ros_robot_controller-ros2/install/ros_robot_controller_msgs/include/ros_robot_controller_msgs/ros_robot_controller_msgs/msg/detail/button_state__type_support.cpp
-- Up-to-date: /home/yc/Documents/ROS2/ros_robot_controller-ros2/install/ros_robot_controller_msgs/include/ros_robot_controller_msgs/ros_robot_controller_msgs/msg/detail/get_pwm_servo_cmd__rosidl_typesupport_introspection_cpp.hpp
-- Up-to-date: /home/yc/Documents/ROS2/ros_robot_controller-ros2/install/ros_robot_controller_msgs/include/ros_robot_controller_msgs/ros_robot_controller_msgs/msg/detail/pwm_servo_state__rosidl_typesupport_introspection_cpp.hpp
-- Up-to-date: /home/yc/Documents/ROS2/ros_robot_controller-ros2/install/ros_robot_controller_msgs/include/ros_robot_controller_msgs/ros_robot_controller_msgs/msg/detail/motors_state__type_support.cpp
-- Up-to-date: /home/yc/Documents/ROS2/ros_robot_controller-ros2/install/ros_robot_controller_msgs/include/ros_robot_controller_msgs/ros_robot_controller_msgs/msg/detail/pwm_servo_state__type_support.cpp
-- Up-to-date: /home/yc/Documents/ROS2/ros_robot_controller-ros2/install/ros_robot_controller_msgs/include/ros_robot_controller_msgs/ros_robot_controller_msgs/msg/detail/motor_state__type_support.cpp
-- Up-to-date: /home/yc/Documents/ROS2/ros_robot_controller-ros2/install/ros_robot_controller_msgs/include/ros_robot_controller_msgs/ros_robot_controller_msgs/msg/detail/set_bus_servo_state__type_support.cpp
-- Up-to-date: /home/yc/Documents/ROS2/ros_robot_controller-ros2/install/ros_robot_controller_msgs/include/ros_robot_controller_msgs/ros_robot_controller_msgs/msg/detail/motor_state__rosidl_typesupport_introspection_cpp.hpp
-- Up-to-date: /home/yc/Documents/ROS2/ros_robot_controller-ros2/install/ros_robot_controller_msgs/include/ros_robot_controller_msgs/ros_robot_controller_msgs/msg/detail/led_state__rosidl_typesupport_introspection_cpp.hpp
-- Up-to-date: /home/yc/Documents/ROS2/ros_robot_controller-ros2/install/ros_robot_controller_msgs/include/ros_robot_controller_msgs/ros_robot_controller_msgs/msg/detail/bus_servo_state__rosidl_typesupport_introspection_cpp.hpp
-- Up-to-date: /home/yc/Documents/ROS2/ros_robot_controller-ros2/install/ros_robot_controller_msgs/include/ros_robot_controller_msgs/ros_robot_controller_msgs/msg/detail/get_pwm_servo_cmd__type_support.cpp
-- Up-to-date: /home/yc/Documents/ROS2/ros_robot_controller-ros2/install/ros_robot_controller_msgs/include/ros_robot_controller_msgs/ros_robot_controller_msgs/msg/detail/sbus__type_support.cpp
-- Up-to-date: /home/yc/Documents/ROS2/ros_robot_controller-ros2/install/ros_robot_controller_msgs/include/ros_robot_controller_msgs/ros_robot_controller_msgs/msg/detail/buzzer_state__rosidl_typesupport_introspection_cpp.hpp
-- Up-to-date: /home/yc/Documents/ROS2/ros_robot_controller-ros2/install/ros_robot_controller_msgs/include/ros_robot_controller_msgs/ros_robot_controller_msgs/msg/detail/set_pwm_servo_state__rosidl_typesupport_introspection_cpp.hpp
-- Up-to-date: /home/yc/Documents/ROS2/ros_robot_controller-ros2/install/ros_robot_controller_msgs/include/ros_robot_controller_msgs/ros_robot_controller_msgs/srv
-- Up-to-date: /home/yc/Documents/ROS2/ros_robot_controller-ros2/install/ros_robot_controller_msgs/include/ros_robot_controller_msgs/ros_robot_controller_msgs/srv/detail
-- Up-to-date: /home/yc/Documents/ROS2/ros_robot_controller-ros2/install/ros_robot_controller_msgs/include/ros_robot_controller_msgs/ros_robot_controller_msgs/srv/detail/get_pwm_servo_state__type_support.cpp
-- Up-to-date: /home/yc/Documents/ROS2/ros_robot_controller-ros2/install/ros_robot_controller_msgs/include/ros_robot_controller_msgs/ros_robot_controller_msgs/srv/detail/get_bus_servo_state__rosidl_typesupport_introspection_cpp.hpp
-- Up-to-date: /home/yc/Documents/ROS2/ros_robot_controller-ros2/install/ros_robot_controller_msgs/include/ros_robot_controller_msgs/ros_robot_controller_msgs/srv/detail/get_pwm_servo_state__rosidl_typesupport_introspection_cpp.hpp
-- Up-to-date: /home/yc/Documents/ROS2/ros_robot_controller-ros2/install/ros_robot_controller_msgs/include/ros_robot_controller_msgs/ros_robot_controller_msgs/srv/detail/get_bus_servo_state__type_support.cpp
-- Up-to-date: /home/yc/Documents/ROS2/ros_robot_controller-ros2/install/ros_robot_controller_msgs/lib/libros_robot_controller_msgs__rosidl_typesupport_introspection_cpp.so
-- Up-to-date: /home/yc/Documents/ROS2/ros_robot_controller-ros2/install/ros_robot_controller_msgs/lib/libros_robot_controller_msgs__rosidl_typesupport_cpp.so
-- Up-to-date: /home/yc/Documents/ROS2/ros_robot_controller-ros2/install/ros_robot_controller_msgs/share/ros_robot_controller_msgs/environment/pythonpath.sh
-- Up-to-date: /home/yc/Documents/ROS2/ros_robot_controller-ros2/install/ros_robot_controller_msgs/share/ros_robot_controller_msgs/environment/pythonpath.dsv
-- Up-to-date: /home/yc/Documents/ROS2/ros_robot_controller-ros2/install/ros_robot_controller_msgs/lib/python3.12/site-packages/ros_robot_controller_msgs-0.0.0-py3.12.egg-info
-- Installing: /home/yc/Documents/ROS2/ros_robot_controller-ros2/install/ros_robot_controller_msgs/lib/python3.12/site-packages/ros_robot_controller_msgs-0.0.0-py3.12.egg-info/PKG-INFO
-- Installing: /home/yc/Documents/ROS2/ros_robot_controller-ros2/install/ros_robot_controller_msgs/lib/python3.12/site-packages/ros_robot_controller_msgs-0.0.0-py3.12.egg-info/SOURCES.txt
-- Installing: /home/yc/Documents/ROS2/ros_robot_controller-ros2/install/ros_robot_controller_msgs/lib/python3.12/site-packages/ros_robot_controller_msgs-0.0.0-py3.12.egg-info/top_level.txt
-- Installing: /home/yc/Documents/ROS2/ros_robot_controller-ros2/install/ros_robot_controller_msgs/lib/python3.12/site-packages/ros_robot_controller_msgs-0.0.0-py3.12.egg-info/dependency_links.txt
-- Up-to-date: /home/yc/Documents/ROS2/ros_robot_controller-ros2/install/ros_robot_controller_msgs/lib/python3.12/site-packages/ros_robot_controller_msgs
-- Up-to-date: /home/yc/Documents/ROS2/ros_robot_controller-ros2/install/ros_robot_controller_msgs/lib/python3.12/site-packages/ros_robot_controller_msgs/ros_robot_controller_msgs_s__rosidl_typesupport_fastrtps_c.so
-- Up-to-date: /home/yc/Documents/ROS2/ros_robot_controller-ros2/install/ros_robot_controller_msgs/lib/python3.12/site-packages/ros_robot_controller_msgs/_ros_robot_controller_msgs_s.ep.rosidl_typesupport_introspection_c.c
-- Up-to-date: /home/yc/Documents/ROS2/ros_robot_controller-ros2/install/ros_robot_controller_msgs/lib/python3.12/site-packages/ros_robot_controller_msgs/msg
-- Up-to-date: /home/yc/Documents/ROS2/ros_robot_controller-ros2/install/ros_robot_controller_msgs/lib/python3.12/site-packages/ros_robot_controller_msgs/msg/_pwm_servo_state_s.c
-- Up-to-date: /home/yc/Documents/ROS2/ros_robot_controller-ros2/install/ros_robot_controller_msgs/lib/python3.12/site-packages/ros_robot_controller_msgs/msg/_bus_servo_state_s.c
-- Up-to-date: /home/yc/Documents/ROS2/ros_robot_controller-ros2/install/ros_robot_controller_msgs/lib/python3.12/site-packages/ros_robot_controller_msgs/msg/_set_bus_servo_state.py
-- Up-to-date: /home/yc/Documents/ROS2/ros_robot_controller-ros2/install/ros_robot_controller_msgs/lib/python3.12/site-packages/ros_robot_controller_msgs/msg/_led_state_s.c
-- Up-to-date: /home/yc/Documents/ROS2/ros_robot_controller-ros2/install/ros_robot_controller_msgs/lib/python3.12/site-packages/ros_robot_controller_msgs/msg/_get_pwm_servo_cmd_s.c
-- Up-to-date: /home/yc/Documents/ROS2/ros_robot_controller-ros2/install/ros_robot_controller_msgs/lib/python3.12/site-packages/ros_robot_controller_msgs/msg/_set_pwm_servo_state.py
-- Up-to-date: /home/yc/Documents/ROS2/ros_robot_controller-ros2/install/ros_robot_controller_msgs/lib/python3.12/site-packages/ros_robot_controller_msgs/msg/_get_pwm_servo_cmd.py
-- Up-to-date: /home/yc/Documents/ROS2/ros_robot_controller-ros2/install/ros_robot_controller_msgs/lib/python3.12/site-packages/ros_robot_controller_msgs/msg/_set_pwm_servo_state_s.c
-- Up-to-date: /home/yc/Documents/ROS2/ros_robot_controller-ros2/install/ros_robot_controller_msgs/lib/python3.12/site-packages/ros_robot_controller_msgs/msg/_buzzer_state.py
-- Up-to-date: /home/yc/Documents/ROS2/ros_robot_controller-ros2/install/ros_robot_controller_msgs/lib/python3.12/site-packages/ros_robot_controller_msgs/msg/_button_state_s.c
-- Up-to-date: /home/yc/Documents/ROS2/ros_robot_controller-ros2/install/ros_robot_controller_msgs/lib/python3.12/site-packages/ros_robot_controller_msgs/msg/_get_bus_servo_cmd.py
-- Up-to-date: /home/yc/Documents/ROS2/ros_robot_controller-ros2/install/ros_robot_controller_msgs/lib/python3.12/site-packages/ros_robot_controller_msgs/msg/_motors_state.py
-- Up-to-date: /home/yc/Documents/ROS2/ros_robot_controller-ros2/install/ros_robot_controller_msgs/lib/python3.12/site-packages/ros_robot_controller_msgs/msg/_motors_state_s.c
-- Up-to-date: /home/yc/Documents/ROS2/ros_robot_controller-ros2/install/ros_robot_controller_msgs/lib/python3.12/site-packages/ros_robot_controller_msgs/msg/_bus_servo_state.py
-- Up-to-date: /home/yc/Documents/ROS2/ros_robot_controller-ros2/install/ros_robot_controller_msgs/lib/python3.12/site-packages/ros_robot_controller_msgs/msg/_led_state.py
-- Up-to-date: /home/yc/Documents/ROS2/ros_robot_controller-ros2/install/ros_robot_controller_msgs/lib/python3.12/site-packages/ros_robot_controller_msgs/msg/_pwm_servo_state.py
-- Up-to-date: /home/yc/Documents/ROS2/ros_robot_controller-ros2/install/ros_robot_controller_msgs/lib/python3.12/site-packages/ros_robot_controller_msgs/msg/_motor_state.py
-- Up-to-date: /home/yc/Documents/ROS2/ros_robot_controller-ros2/install/ros_robot_controller_msgs/lib/python3.12/site-packages/ros_robot_controller_msgs/msg/__init__.py
-- Up-to-date: /home/yc/Documents/ROS2/ros_robot_controller-ros2/install/ros_robot_controller_msgs/lib/python3.12/site-packages/ros_robot_controller_msgs/msg/_button_state.py
-- Up-to-date: /home/yc/Documents/ROS2/ros_robot_controller-ros2/install/ros_robot_controller_msgs/lib/python3.12/site-packages/ros_robot_controller_msgs/msg/_get_bus_servo_cmd_s.c
-- Up-to-date: /home/yc/Documents/ROS2/ros_robot_controller-ros2/install/ros_robot_controller_msgs/lib/python3.12/site-packages/ros_robot_controller_msgs/msg/_sbus.py
-- Up-to-date: /home/yc/Documents/ROS2/ros_robot_controller-ros2/install/ros_robot_controller_msgs/lib/python3.12/site-packages/ros_robot_controller_msgs/msg/_buzzer_state_s.c
-- Up-to-date: /home/yc/Documents/ROS2/ros_robot_controller-ros2/install/ros_robot_controller_msgs/lib/python3.12/site-packages/ros_robot_controller_msgs/msg/_set_bus_servo_state_s.c
-- Up-to-date: /home/yc/Documents/ROS2/ros_robot_controller-ros2/install/ros_robot_controller_msgs/lib/python3.12/site-packages/ros_robot_controller_msgs/msg/_sbus_s.c
-- Up-to-date: /home/yc/Documents/ROS2/ros_robot_controller-ros2/install/ros_robot_controller_msgs/lib/python3.12/site-packages/ros_robot_controller_msgs/msg/_motor_state_s.c
-- Up-to-date: /home/yc/Documents/ROS2/ros_robot_controller-ros2/install/ros_robot_controller_msgs/lib/python3.12/site-packages/ros_robot_controller_msgs/_ros_robot_controller_msgs_s.ep.rosidl_typesupport_fastrtps_c.c
-- Up-to-date: /home/yc/Documents/ROS2/ros_robot_controller-ros2/install/ros_robot_controller_msgs/lib/python3.12/site-packages/ros_robot_controller_msgs/ros_robot_controller_msgs_s__rosidl_typesupport_introspection_c.so
-- Up-to-date: /home/yc/Documents/ROS2/ros_robot_controller-ros2/install/ros_robot_controller_msgs/lib/python3.12/site-packages/ros_robot_controller_msgs/_ros_robot_controller_msgs_s.ep.rosidl_typesupport_c.c
-- Up-to-date: /home/yc/Documents/ROS2/ros_robot_controller-ros2/install/ros_robot_controller_msgs/lib/python3.12/site-packages/ros_robot_controller_msgs/ros_robot_controller_msgs_s__rosidl_typesupport_c.so
-- Up-to-date: /home/yc/Documents/ROS2/ros_robot_controller-ros2/install/ros_robot_controller_msgs/lib/python3.12/site-packages/ros_robot_controller_msgs/__init__.py
-- Up-to-date: /home/yc/Documents/ROS2/ros_robot_controller-ros2/install/ros_robot_controller_msgs/lib/python3.12/site-packages/ros_robot_controller_msgs/srv
-- Up-to-date: /home/yc/Documents/ROS2/ros_robot_controller-ros2/install/ros_robot_controller_msgs/lib/python3.12/site-packages/ros_robot_controller_msgs/srv/_get_pwm_servo_state_s.c
-- Up-to-date: /home/yc/Documents/ROS2/ros_robot_controller-ros2/install/ros_robot_controller_msgs/lib/python3.12/site-packages/ros_robot_controller_msgs/srv/_get_pwm_servo_state.py
-- Up-to-date: /home/yc/Documents/ROS2/ros_robot_controller-ros2/install/ros_robot_controller_msgs/lib/python3.12/site-packages/ros_robot_controller_msgs/srv/_get_bus_servo_state.py
-- Up-to-date: /home/yc/Documents/ROS2/ros_robot_controller-ros2/install/ros_robot_controller_msgs/lib/python3.12/site-packages/ros_robot_controller_msgs/srv/_get_bus_servo_state_s.c
-- Up-to-date: /home/yc/Documents/ROS2/ros_robot_controller-ros2/install/ros_robot_controller_msgs/lib/python3.12/site-packages/ros_robot_controller_msgs/srv/__init__.py
Listing '/home/yc/Documents/ROS2/ros_robot_controller-ros2/install/ros_robot_controller_msgs/lib/python3.12/site-packages/ros_robot_controller_msgs'...
Listing '/home/yc/Documents/ROS2/ros_robot_controller-ros2/install/ros_robot_controller_msgs/lib/python3.12/site-packages/ros_robot_controller_msgs/msg'...
Listing '/home/yc/Documents/ROS2/ros_robot_controller-ros2/install/ros_robot_controller_msgs/lib/python3.12/site-packages/ros_robot_controller_msgs/srv'...
-- Up-to-date: /home/yc/Documents/ROS2/ros_robot_controller-ros2/install/ros_robot_controller_msgs/lib/python3.12/site-packages/ros_robot_controller_msgs/ros_robot_controller_msgs_s__rosidl_typesupport_fastrtps_c.so
-- Up-to-date: /home/yc/Documents/ROS2/ros_robot_controller-ros2/install/ros_robot_controller_msgs/lib/python3.12/site-packages/ros_robot_controller_msgs/ros_robot_controller_msgs_s__rosidl_typesupport_introspection_c.so
-- Up-to-date: /home/yc/Documents/ROS2/ros_robot_controller-ros2/install/ros_robot_controller_msgs/lib/python3.12/site-packages/ros_robot_controller_msgs/ros_robot_controller_msgs_s__rosidl_typesupport_c.so
-- Up-to-date: /home/yc/Documents/ROS2/ros_robot_controller-ros2/install/ros_robot_controller_msgs/lib/libros_robot_controller_msgs__rosidl_generator_py.so
-- Up-to-date: /home/yc/Documents/ROS2/ros_robot_controller-ros2/install/ros_robot_controller_msgs/share/ros_robot_controller_msgs/msg/BusServoState.idl
-- Up-to-date: /home/yc/Documents/ROS2/ros_robot_controller-ros2/install/ros_robot_controller_msgs/share/ros_robot_controller_msgs/msg/ButtonState.idl
-- Up-to-date: /home/yc/Documents/ROS2/ros_robot_controller-ros2/install/ros_robot_controller_msgs/share/ros_robot_controller_msgs/msg/BuzzerState.idl
-- Up-to-date: /home/yc/Documents/ROS2/ros_robot_controller-ros2/install/ros_robot_controller_msgs/share/ros_robot_controller_msgs/msg/LedState.idl
-- Up-to-date: /home/yc/Documents/ROS2/ros_robot_controller-ros2/install/ros_robot_controller_msgs/share/ros_robot_controller_msgs/msg/MotorState.idl
-- Up-to-date: /home/yc/Documents/ROS2/ros_robot_controller-ros2/install/ros_robot_controller_msgs/share/ros_robot_controller_msgs/msg/MotorsState.idl
-- Up-to-date: /home/yc/Documents/ROS2/ros_robot_controller-ros2/install/ros_robot_controller_msgs/share/ros_robot_controller_msgs/msg/PWMServoState.idl
-- Up-to-date: /home/yc/Documents/ROS2/ros_robot_controller-ros2/install/ros_robot_controller_msgs/share/ros_robot_controller_msgs/msg/Sbus.idl
-- Up-to-date: /home/yc/Documents/ROS2/ros_robot_controller-ros2/install/ros_robot_controller_msgs/share/ros_robot_controller_msgs/msg/SetBusServoState.idl
-- Up-to-date: /home/yc/Documents/ROS2/ros_robot_controller-ros2/install/ros_robot_controller_msgs/share/ros_robot_controller_msgs/msg/SetPWMServoState.idl
-- Up-to-date: /home/yc/Documents/ROS2/ros_robot_controller-ros2/install/ros_robot_controller_msgs/share/ros_robot_controller_msgs/msg/GetBusServoCmd.idl
-- Up-to-date: /home/yc/Documents/ROS2/ros_robot_controller-ros2/install/ros_robot_controller_msgs/share/ros_robot_controller_msgs/msg/GetPWMServoCmd.idl
-- Up-to-date: /home/yc/Documents/ROS2/ros_robot_controller-ros2/install/ros_robot_controller_msgs/share/ros_robot_controller_msgs/srv/GetBusServoState.idl
-- Up-to-date: /home/yc/Documents/ROS2/ros_robot_controller-ros2/install/ros_robot_controller_msgs/share/ros_robot_controller_msgs/srv/GetPWMServoState.idl
-- Up-to-date: /home/yc/Documents/ROS2/ros_robot_controller-ros2/install/ros_robot_controller_msgs/share/ros_robot_controller_msgs/msg/BusServoState.msg
-- Up-to-date: /home/yc/Documents/ROS2/ros_robot_controller-ros2/install/ros_robot_controller_msgs/share/ros_robot_controller_msgs/msg/ButtonState.msg
-- Up-to-date: /home/yc/Documents/ROS2/ros_robot_controller-ros2/install/ros_robot_controller_msgs/share/ros_robot_controller_msgs/msg/BuzzerState.msg
-- Up-to-date: /home/yc/Documents/ROS2/ros_robot_controller-ros2/install/ros_robot_controller_msgs/share/ros_robot_controller_msgs/msg/LedState.msg
-- Up-to-date: /home/yc/Documents/ROS2/ros_robot_controller-ros2/install/ros_robot_controller_msgs/share/ros_robot_controller_msgs/msg/MotorState.msg
-- Up-to-date: /home/yc/Documents/ROS2/ros_robot_controller-ros2/install/ros_robot_controller_msgs/share/ros_robot_controller_msgs/msg/MotorsState.msg
-- Up-to-date: /home/yc/Documents/ROS2/ros_robot_controller-ros2/install/ros_robot_controller_msgs/share/ros_robot_controller_msgs/msg/PWMServoState.msg
-- Up-to-date: /home/yc/Documents/ROS2/ros_robot_controller-ros2/install/ros_robot_controller_msgs/share/ros_robot_controller_msgs/msg/Sbus.msg
-- Up-to-date: /home/yc/Documents/ROS2/ros_robot_controller-ros2/install/ros_robot_controller_msgs/share/ros_robot_controller_msgs/msg/SetBusServoState.msg
-- Up-to-date: /home/yc/Documents/ROS2/ros_robot_controller-ros2/install/ros_robot_controller_msgs/share/ros_robot_controller_msgs/msg/SetPWMServoState.msg
-- Up-to-date: /home/yc/Documents/ROS2/ros_robot_controller-ros2/install/ros_robot_controller_msgs/share/ros_robot_controller_msgs/msg/GetBusServoCmd.msg
-- Up-to-date: /home/yc/Documents/ROS2/ros_robot_controller-ros2/install/ros_robot_controller_msgs/share/ros_robot_controller_msgs/msg/GetPWMServoCmd.msg
-- Up-to-date: /home/yc/Documents/ROS2/ros_robot_controller-ros2/install/ros_robot_controller_msgs/share/ros_robot_controller_msgs/srv/GetBusServoState.srv
-- Up-to-date: /home/yc/Documents/ROS2/ros_robot_controller-ros2/install/ros_robot_controller_msgs/share/ros_robot_controller_msgs/srv/GetPWMServoState.srv
-- Up-to-date: /home/yc/Documents/ROS2/ros_robot_controller-ros2/install/ros_robot_controller_msgs/share/ament_index/resource_index/package_run_dependencies/ros_robot_controller_msgs
-- Up-to-date: /home/yc/Documents/ROS2/ros_robot_controller-ros2/install/ros_robot_controller_msgs/share/ament_index/resource_index/parent_prefix_path/ros_robot_controller_msgs
-- Up-to-date: /home/yc/Documents/ROS2/ros_robot_controller-ros2/install/ros_robot_controller_msgs/share/ros_robot_controller_msgs/environment/ament_prefix_path.sh
-- Up-to-date: /home/yc/Documents/ROS2/ros_robot_controller-ros2/install/ros_robot_controller_msgs/share/ros_robot_controller_msgs/environment/ament_prefix_path.dsv
-- Up-to-date: /home/yc/Documents/ROS2/ros_robot_controller-ros2/install/ros_robot_controller_msgs/share/ros_robot_controller_msgs/environment/path.sh
-- Up-to-date: /home/yc/Documents/ROS2/ros_robot_controller-ros2/install/ros_robot_controller_msgs/share/ros_robot_controller_msgs/environment/path.dsv
-- Up-to-date: /home/yc/Documents/ROS2/ros_robot_controller-ros2/install/ros_robot_controller_msgs/share/ros_robot_controller_msgs/local_setup.bash
-- Up-to-date: /home/yc/Documents/ROS2/ros_robot_controller-ros2/install/ros_robot_controller_msgs/share/ros_robot_controller_msgs/local_setup.sh
-- Up-to-date: /home/yc/Documents/ROS2/ros_robot_controller-ros2/install/ros_robot_controller_msgs/share/ros_robot_controller_msgs/local_setup.zsh
-- Up-to-date: /home/yc/Documents/ROS2/ros_robot_controller-ros2/install/ros_robot_controller_msgs/share/ros_robot_controller_msgs/local_setup.dsv
-- Installing: /home/yc/Documents/ROS2/ros_robot_controller-ros2/install/ros_robot_controller_msgs/share/ros_robot_controller_msgs/package.dsv
-- Up-to-date: /home/yc/Documents/ROS2/ros_robot_controller-ros2/install/ros_robot_controller_msgs/share/ament_index/resource_index/packages/ros_robot_controller_msgs
-- Up-to-date: /home/yc/Documents/ROS2/ros_robot_controller-ros2/install/ros_robot_controller_msgs/share/ros_robot_controller_msgs/cmake/export_ros_robot_controller_msgs__rosidl_generator_cExport.cmake
-- Up-to-date: /home/yc/Documents/ROS2/ros_robot_controller-ros2/install/ros_robot_controller_msgs/share/ros_robot_controller_msgs/cmake/export_ros_robot_controller_msgs__rosidl_generator_cExport-noconfig.cmake
-- Up-to-date: /home/yc/Documents/ROS2/ros_robot_controller-ros2/install/ros_robot_controller_msgs/share/ros_robot_controller_msgs/cmake/export_ros_robot_controller_msgs__rosidl_typesupport_fastrtps_cExport.cmake
-- Up-to-date: /home/yc/Documents/ROS2/ros_robot_controller-ros2/install/ros_robot_controller_msgs/share/ros_robot_controller_msgs/cmake/export_ros_robot_controller_msgs__rosidl_typesupport_fastrtps_cExport-noconfig.cmake
-- Up-to-date: /home/yc/Documents/ROS2/ros_robot_controller-ros2/install/ros_robot_controller_msgs/share/ros_robot_controller_msgs/cmake/export_ros_robot_controller_msgs__rosidl_generator_cppExport.cmake
-- Up-to-date: /home/yc/Documents/ROS2/ros_robot_controller-ros2/install/ros_robot_controller_msgs/share/ros_robot_controller_msgs/cmake/export_ros_robot_controller_msgs__rosidl_typesupport_fastrtps_cppExport.cmake
-- Up-to-date: /home/yc/Documents/ROS2/ros_robot_controller-ros2/install/ros_robot_controller_msgs/share/ros_robot_controller_msgs/cmake/export_ros_robot_controller_msgs__rosidl_typesupport_fastrtps_cppExport-noconfig.cmake
-- Up-to-date: /home/yc/Documents/ROS2/ros_robot_controller-ros2/install/ros_robot_controller_msgs/share/ros_robot_controller_msgs/cmake/ros_robot_controller_msgs__rosidl_typesupport_introspection_cExport.cmake
-- Up-to-date: /home/yc/Documents/ROS2/ros_robot_controller-ros2/install/ros_robot_controller_msgs/share/ros_robot_controller_msgs/cmake/ros_robot_controller_msgs__rosidl_typesupport_introspection_cExport-noconfig.cmake
-- Up-to-date: /home/yc/Documents/ROS2/ros_robot_controller-ros2/install/ros_robot_controller_msgs/share/ros_robot_controller_msgs/cmake/ros_robot_controller_msgs__rosidl_typesupport_cExport.cmake
-- Up-to-date: /home/yc/Documents/ROS2/ros_robot_controller-ros2/install/ros_robot_controller_msgs/share/ros_robot_controller_msgs/cmake/ros_robot_controller_msgs__rosidl_typesupport_cExport-noconfig.cmake
-- Up-to-date: /home/yc/Documents/ROS2/ros_robot_controller-ros2/install/ros_robot_controller_msgs/share/ros_robot_controller_msgs/cmake/ros_robot_controller_msgs__rosidl_typesupport_introspection_cppExport.cmake
-- Up-to-date: /home/yc/Documents/ROS2/ros_robot_controller-ros2/install/ros_robot_controller_msgs/share/ros_robot_controller_msgs/cmake/ros_robot_controller_msgs__rosidl_typesupport_introspection_cppExport-noconfig.cmake
-- Up-to-date: /home/yc/Documents/ROS2/ros_robot_controller-ros2/install/ros_robot_controller_msgs/share/ros_robot_controller_msgs/cmake/ros_robot_controller_msgs__rosidl_typesupport_cppExport.cmake
-- Up-to-date: /home/yc/Documents/ROS2/ros_robot_controller-ros2/install/ros_robot_controller_msgs/share/ros_robot_controller_msgs/cmake/ros_robot_controller_msgs__rosidl_typesupport_cppExport-noconfig.cmake
-- Up-to-date: /home/yc/Documents/ROS2/ros_robot_controller-ros2/install/ros_robot_controller_msgs/share/ros_robot_controller_msgs/cmake/export_ros_robot_controller_msgs__rosidl_generator_pyExport.cmake
-- Up-to-date: /home/yc/Documents/ROS2/ros_robot_controller-ros2/install/ros_robot_controller_msgs/share/ros_robot_controller_msgs/cmake/export_ros_robot_controller_msgs__rosidl_generator_pyExport-noconfig.cmake
-- Up-to-date: /home/yc/Documents/ROS2/ros_robot_controller-ros2/install/ros_robot_controller_msgs/share/ros_robot_controller_msgs/cmake/rosidl_cmake-extras.cmake
-- Up-to-date: /home/yc/Documents/ROS2/ros_robot_controller-ros2/install/ros_robot_controller_msgs/share/ros_robot_controller_msgs/cmake/ament_cmake_export_dependencies-extras.cmake
-- Up-to-date: /home/yc/Documents/ROS2/ros_robot_controller-ros2/install/ros_robot_controller_msgs/share/ros_robot_controller_msgs/cmake/ament_cmake_export_include_directories-extras.cmake
-- Up-to-date: /home/yc/Documents/ROS2/ros_robot_controller-ros2/install/ros_robot_controller_msgs/share/ros_robot_controller_msgs/cmake/ament_cmake_export_libraries-extras.cmake
-- Up-to-date: /home/yc/Documents/ROS2/ros_robot_controller-ros2/install/ros_robot_controller_msgs/share/ros_robot_controller_msgs/cmake/ament_cmake_export_targets-extras.cmake
-- Up-to-date: /home/yc/Documents/ROS2/ros_robot_controller-ros2/install/ros_robot_controller_msgs/share/ros_robot_controller_msgs/cmake/rosidl_cmake_export_typesupport_targets-extras.cmake
-- Up-to-date: /home/yc/Documents/ROS2/ros_robot_controller-ros2/install/ros_robot_controller_msgs/share/ros_robot_controller_msgs/cmake/rosidl_cmake_export_typesupport_libraries-extras.cmake
-- Up-to-date: /home/yc/Documents/ROS2/ros_robot_controller-ros2/install/ros_robot_controller_msgs/share/ros_robot_controller_msgs/cmake/ros_robot_controller_msgsConfig.cmake
-- Up-to-date: /home/yc/Documents/ROS2/ros_robot_controller-ros2/install/ros_robot_controller_msgs/share/ros_robot_controller_msgs/cmake/ros_robot_controller_msgsConfig-version.cmake
-- Up-to-date: /home/yc/Documents/ROS2/ros_robot_controller-ros2/install/ros_robot_controller_msgs/share/ros_robot_controller_msgs/package.xml
