[0.011s] Invoking command in '/home/yc/Documents/ROS2/ros_robot_controller-ros2/build/ros_robot_controller_msgs': CMAKE_PREFIX_PATH=${CMAKE_PREFIX_PATH}:/opt/ros/jazzy DEBUGINFOD_URLS=https://debuginfod.ubuntu.com /usr/bin/cmake --build /home/yc/Documents/ROS2/ros_robot_controller-ros2/build/ros_robot_controller_msgs -- -j16 -l16
[0.096s] [  0%] Built target ros_robot_controller_msgs__rosidl_generator_type_description
[0.112s] [  0%] Built target ament_cmake_python_copy_ros_robot_controller_msgs
[0.122s] [  0%] Built target ros_robot_controller_msgs__cpp
[0.131s] [ 27%] Built target ros_robot_controller_msgs__rosidl_generator_c
[0.161s] [ 47%] Built target ros_robot_controller_msgs__rosidl_typesupport_c
[0.162s] [ 47%] Built target ros_robot_controller_msgs__rosidl_typesupport_introspection_c
[0.162s] [ 57%] Built target ros_robot_controller_msgs__rosidl_typesupport_cpp
[0.165s] [ 67%] Built target ros_robot_controller_msgs__rosidl_typesupport_fastrtps_c
[0.166s] [ 77%] Built target ros_robot_controller_msgs__rosidl_typesupport_introspection_cpp
[0.171s] [ 86%] Built target ros_robot_controller_msgs__rosidl_typesupport_fastrtps_cpp
[0.195s] [ 86%] Built target ros_robot_controller_msgs
[0.229s] [ 87%] Built target ros_robot_controller_msgs__py
[0.272s] [ 96%] Built target ros_robot_controller_msgs__rosidl_generator_py
[0.298s] [ 98%] Built target ros_robot_controller_msgs_s__rosidl_typesupport_introspection_c
[0.299s] [ 99%] Built target ros_robot_controller_msgs_s__rosidl_typesupport_fastrtps_c
[0.299s] [100%] Built target ros_robot_controller_msgs_s__rosidl_typesupport_c
[0.319s] running egg_info
[0.337s] writing ros_robot_controller_msgs.egg-info/PKG-INFO
[0.337s] writing dependency_links to ros_robot_controller_msgs.egg-info/dependency_links.txt
[0.337s] writing top-level names to ros_robot_controller_msgs.egg-info/top_level.txt
[0.386s] reading manifest file 'ros_robot_controller_msgs.egg-info/SOURCES.txt'
[0.387s] writing manifest file 'ros_robot_controller_msgs.egg-info/SOURCES.txt'
[0.427s] [100%] Built target ament_cmake_python_build_ros_robot_controller_msgs_egg
[0.444s] Invoked command in '/home/yc/Documents/ROS2/ros_robot_controller-ros2/build/ros_robot_controller_msgs' returned '0': CMAKE_PREFIX_PATH=${CMAKE_PREFIX_PATH}:/opt/ros/jazzy DEBUGINFOD_URLS=https://debuginfod.ubuntu.com /usr/bin/cmake --build /home/yc/Documents/ROS2/ros_robot_controller-ros2/build/ros_robot_controller_msgs -- -j16 -l16
[0.464s] Invoking command in '/home/yc/Documents/ROS2/ros_robot_controller-ros2/build/ros_robot_controller_msgs': CMAKE_PREFIX_PATH=${CMAKE_PREFIX_PATH}:/opt/ros/jazzy DEBUGINFOD_URLS=https://debuginfod.ubuntu.com /usr/bin/cmake --install /home/yc/Documents/ROS2/ros_robot_controller-ros2/build/ros_robot_controller_msgs
[0.473s] -- Install configuration: ""
[0.473s] -- Up-to-date: /home/yc/Documents/ROS2/ros_robot_controller-ros2/install/ros_robot_controller_msgs/share/ament_index/resource_index/rosidl_interfaces/ros_robot_controller_msgs
[0.473s] -- Up-to-date: /home/yc/Documents/ROS2/ros_robot_controller-ros2/install/ros_robot_controller_msgs/share/ros_robot_controller_msgs/msg/BusServoState.json
[0.474s] -- Up-to-date: /home/yc/Documents/ROS2/ros_robot_controller-ros2/install/ros_robot_controller_msgs/share/ros_robot_controller_msgs/msg/ButtonState.json
[0.474s] -- Up-to-date: /home/yc/Documents/ROS2/ros_robot_controller-ros2/install/ros_robot_controller_msgs/share/ros_robot_controller_msgs/msg/BuzzerState.json
[0.474s] -- Up-to-date: /home/yc/Documents/ROS2/ros_robot_controller-ros2/install/ros_robot_controller_msgs/share/ros_robot_controller_msgs/msg/LedState.json
[0.474s] -- Up-to-date: /home/yc/Documents/ROS2/ros_robot_controller-ros2/install/ros_robot_controller_msgs/share/ros_robot_controller_msgs/msg/MotorState.json
[0.475s] -- Up-to-date: /home/yc/Documents/ROS2/ros_robot_controller-ros2/install/ros_robot_controller_msgs/share/ros_robot_controller_msgs/msg/MotorsState.json
[0.475s] -- Up-to-date: /home/yc/Documents/ROS2/ros_robot_controller-ros2/install/ros_robot_controller_msgs/share/ros_robot_controller_msgs/msg/PWMServoState.json
[0.475s] -- Up-to-date: /home/yc/Documents/ROS2/ros_robot_controller-ros2/install/ros_robot_controller_msgs/share/ros_robot_controller_msgs/msg/Sbus.json
[0.475s] -- Up-to-date: /home/yc/Documents/ROS2/ros_robot_controller-ros2/install/ros_robot_controller_msgs/share/ros_robot_controller_msgs/msg/SetBusServoState.json
[0.475s] -- Up-to-date: /home/yc/Documents/ROS2/ros_robot_controller-ros2/install/ros_robot_controller_msgs/share/ros_robot_controller_msgs/msg/SetPWMServoState.json
[0.475s] -- Up-to-date: /home/yc/Documents/ROS2/ros_robot_controller-ros2/install/ros_robot_controller_msgs/share/ros_robot_controller_msgs/msg/GetBusServoCmd.json
[0.475s] -- Up-to-date: /home/yc/Documents/ROS2/ros_robot_controller-ros2/install/ros_robot_controller_msgs/share/ros_robot_controller_msgs/msg/GetPWMServoCmd.json
[0.476s] -- Up-to-date: /home/yc/Documents/ROS2/ros_robot_controller-ros2/install/ros_robot_controller_msgs/share/ros_robot_controller_msgs/srv/GetBusServoState.json
[0.476s] -- Up-to-date: /home/yc/Documents/ROS2/ros_robot_controller-ros2/install/ros_robot_controller_msgs/share/ros_robot_controller_msgs/srv/GetPWMServoState.json
[0.476s] -- Up-to-date: /home/yc/Documents/ROS2/ros_robot_controller-ros2/install/ros_robot_controller_msgs/include/ros_robot_controller_msgs/ros_robot_controller_msgs
[0.476s] -- Up-to-date: /home/yc/Documents/ROS2/ros_robot_controller-ros2/install/ros_robot_controller_msgs/include/ros_robot_controller_msgs/ros_robot_controller_msgs/msg
[0.476s] -- Up-to-date: /home/yc/Documents/ROS2/ros_robot_controller-ros2/install/ros_robot_controller_msgs/include/ros_robot_controller_msgs/ros_robot_controller_msgs/msg/set_bus_servo_state.h
[0.476s] -- Up-to-date: /home/yc/Documents/ROS2/ros_robot_controller-ros2/install/ros_robot_controller_msgs/include/ros_robot_controller_msgs/ros_robot_controller_msgs/msg/get_bus_servo_cmd.h
[0.477s] -- Up-to-date: /home/yc/Documents/ROS2/ros_robot_controller-ros2/install/ros_robot_controller_msgs/include/ros_robot_controller_msgs/ros_robot_controller_msgs/msg/rosidl_generator_c__visibility_control.h
[0.477s] -- Up-to-date: /home/yc/Documents/ROS2/ros_robot_controller-ros2/install/ros_robot_controller_msgs/include/ros_robot_controller_msgs/ros_robot_controller_msgs/msg/motors_state.h
[0.477s] -- Up-to-date: /home/yc/Documents/ROS2/ros_robot_controller-ros2/install/ros_robot_controller_msgs/include/ros_robot_controller_msgs/ros_robot_controller_msgs/msg/bus_servo_state.h
[0.477s] -- Up-to-date: /home/yc/Documents/ROS2/ros_robot_controller-ros2/install/ros_robot_controller_msgs/include/ros_robot_controller_msgs/ros_robot_controller_msgs/msg/sbus.h
[0.477s] -- Up-to-date: /home/yc/Documents/ROS2/ros_robot_controller-ros2/install/ros_robot_controller_msgs/include/ros_robot_controller_msgs/ros_robot_controller_msgs/msg/buzzer_state.h
[0.477s] -- Up-to-date: /home/yc/Documents/ROS2/ros_robot_controller-ros2/install/ros_robot_controller_msgs/include/ros_robot_controller_msgs/ros_robot_controller_msgs/msg/detail
[0.477s] -- Up-to-date: /home/yc/Documents/ROS2/ros_robot_controller-ros2/install/ros_robot_controller_msgs/include/ros_robot_controller_msgs/ros_robot_controller_msgs/msg/detail/buzzer_state__functions.h
[0.478s] -- Up-to-date: /home/yc/Documents/ROS2/ros_robot_controller-ros2/install/ros_robot_controller_msgs/include/ros_robot_controller_msgs/ros_robot_controller_msgs/msg/detail/buzzer_state__description.c
[0.478s] -- Up-to-date: /home/yc/Documents/ROS2/ros_robot_controller-ros2/install/ros_robot_controller_msgs/include/ros_robot_controller_msgs/ros_robot_controller_msgs/msg/detail/led_state__type_support.h
[0.478s] -- Up-to-date: /home/yc/Documents/ROS2/ros_robot_controller-ros2/install/ros_robot_controller_msgs/include/ros_robot_controller_msgs/ros_robot_controller_msgs/msg/detail/button_state__struct.h
[0.478s] -- Up-to-date: /home/yc/Documents/ROS2/ros_robot_controller-ros2/install/ros_robot_controller_msgs/include/ros_robot_controller_msgs/ros_robot_controller_msgs/msg/detail/motors_state__description.c
[0.478s] -- Up-to-date: /home/yc/Documents/ROS2/ros_robot_controller-ros2/install/ros_robot_controller_msgs/include/ros_robot_controller_msgs/ros_robot_controller_msgs/msg/detail/set_bus_servo_state__functions.h
[0.478s] -- Up-to-date: /home/yc/Documents/ROS2/ros_robot_controller-ros2/install/ros_robot_controller_msgs/include/ros_robot_controller_msgs/ros_robot_controller_msgs/msg/detail/motors_state__struct.h
[0.479s] -- Up-to-date: /home/yc/Documents/ROS2/ros_robot_controller-ros2/install/ros_robot_controller_msgs/include/ros_robot_controller_msgs/ros_robot_controller_msgs/msg/detail/set_pwm_servo_state__struct.h
[0.479s] -- Up-to-date: /home/yc/Documents/ROS2/ros_robot_controller-ros2/install/ros_robot_controller_msgs/include/ros_robot_controller_msgs/ros_robot_controller_msgs/msg/detail/led_state__type_support.c
[0.479s] -- Up-to-date: /home/yc/Documents/ROS2/ros_robot_controller-ros2/install/ros_robot_controller_msgs/include/ros_robot_controller_msgs/ros_robot_controller_msgs/msg/detail/set_pwm_servo_state__type_support.h
[0.479s] -- Up-to-date: /home/yc/Documents/ROS2/ros_robot_controller-ros2/install/ros_robot_controller_msgs/include/ros_robot_controller_msgs/ros_robot_controller_msgs/msg/detail/led_state__struct.h
[0.479s] -- Up-to-date: /home/yc/Documents/ROS2/ros_robot_controller-ros2/install/ros_robot_controller_msgs/include/ros_robot_controller_msgs/ros_robot_controller_msgs/msg/detail/button_state__functions.h
[0.479s] -- Up-to-date: /home/yc/Documents/ROS2/ros_robot_controller-ros2/install/ros_robot_controller_msgs/include/ros_robot_controller_msgs/ros_robot_controller_msgs/msg/detail/buzzer_state__type_support.h
[0.480s] -- Up-to-date: /home/yc/Documents/ROS2/ros_robot_controller-ros2/install/ros_robot_controller_msgs/include/ros_robot_controller_msgs/ros_robot_controller_msgs/msg/detail/bus_servo_state__struct.h
[0.480s] -- Up-to-date: /home/yc/Documents/ROS2/ros_robot_controller-ros2/install/ros_robot_controller_msgs/include/ros_robot_controller_msgs/ros_robot_controller_msgs/msg/detail/sbus__description.c
[0.480s] -- Up-to-date: /home/yc/Documents/ROS2/ros_robot_controller-ros2/install/ros_robot_controller_msgs/include/ros_robot_controller_msgs/ros_robot_controller_msgs/msg/detail/bus_servo_state__type_support.c
[0.480s] -- Up-to-date: /home/yc/Documents/ROS2/ros_robot_controller-ros2/install/ros_robot_controller_msgs/include/ros_robot_controller_msgs/ros_robot_controller_msgs/msg/detail/sbus__functions.c
[0.480s] -- Up-to-date: /home/yc/Documents/ROS2/ros_robot_controller-ros2/install/ros_robot_controller_msgs/include/ros_robot_controller_msgs/ros_robot_controller_msgs/msg/detail/buzzer_state__struct.h
[0.480s] -- Up-to-date: /home/yc/Documents/ROS2/ros_robot_controller-ros2/install/ros_robot_controller_msgs/include/ros_robot_controller_msgs/ros_robot_controller_msgs/msg/detail/motor_state__type_support.h
[0.480s] -- Up-to-date: /home/yc/Documents/ROS2/ros_robot_controller-ros2/install/ros_robot_controller_msgs/include/ros_robot_controller_msgs/ros_robot_controller_msgs/msg/detail/pwm_servo_state__type_support.c
[0.481s] -- Up-to-date: /home/yc/Documents/ROS2/ros_robot_controller-ros2/install/ros_robot_controller_msgs/include/ros_robot_controller_msgs/ros_robot_controller_msgs/msg/detail/button_state__description.c
[0.481s] -- Up-to-date: /home/yc/Documents/ROS2/ros_robot_controller-ros2/install/ros_robot_controller_msgs/include/ros_robot_controller_msgs/ros_robot_controller_msgs/msg/detail/motors_state__functions.c
[0.481s] -- Up-to-date: /home/yc/Documents/ROS2/ros_robot_controller-ros2/install/ros_robot_controller_msgs/include/ros_robot_controller_msgs/ros_robot_controller_msgs/msg/detail/led_state__functions.c
[0.481s] -- Up-to-date: /home/yc/Documents/ROS2/ros_robot_controller-ros2/install/ros_robot_controller_msgs/include/ros_robot_controller_msgs/ros_robot_controller_msgs/msg/detail/sbus__struct.h
[0.481s] -- Up-to-date: /home/yc/Documents/ROS2/ros_robot_controller-ros2/install/ros_robot_controller_msgs/include/ros_robot_controller_msgs/ros_robot_controller_msgs/msg/detail/set_pwm_servo_state__type_support.c
[0.481s] -- Up-to-date: /home/yc/Documents/ROS2/ros_robot_controller-ros2/install/ros_robot_controller_msgs/include/ros_robot_controller_msgs/ros_robot_controller_msgs/msg/detail/set_pwm_servo_state__functions.c
[0.482s] -- Up-to-date: /home/yc/Documents/ROS2/ros_robot_controller-ros2/install/ros_robot_controller_msgs/include/ros_robot_controller_msgs/ros_robot_controller_msgs/msg/detail/pwm_servo_state__struct.h
[0.482s] -- Up-to-date: /home/yc/Documents/ROS2/ros_robot_controller-ros2/install/ros_robot_controller_msgs/include/ros_robot_controller_msgs/ros_robot_controller_msgs/msg/detail/sbus__functions.h
[0.482s] -- Up-to-date: /home/yc/Documents/ROS2/ros_robot_controller-ros2/install/ros_robot_controller_msgs/include/ros_robot_controller_msgs/ros_robot_controller_msgs/msg/detail/get_pwm_servo_cmd__description.c
[0.482s] -- Up-to-date: /home/yc/Documents/ROS2/ros_robot_controller-ros2/install/ros_robot_controller_msgs/include/ros_robot_controller_msgs/ros_robot_controller_msgs/msg/detail/motors_state__functions.h
[0.482s] -- Up-to-date: /home/yc/Documents/ROS2/ros_robot_controller-ros2/install/ros_robot_controller_msgs/include/ros_robot_controller_msgs/ros_robot_controller_msgs/msg/detail/buzzer_state__functions.c
[0.482s] -- Up-to-date: /home/yc/Documents/ROS2/ros_robot_controller-ros2/install/ros_robot_controller_msgs/include/ros_robot_controller_msgs/ros_robot_controller_msgs/msg/detail/pwm_servo_state__description.c
[0.482s] -- Up-to-date: /home/yc/Documents/ROS2/ros_robot_controller-ros2/install/ros_robot_controller_msgs/include/ros_robot_controller_msgs/ros_robot_controller_msgs/msg/detail/led_state__functions.h
[0.483s] -- Up-to-date: /home/yc/Documents/ROS2/ros_robot_controller-ros2/install/ros_robot_controller_msgs/include/ros_robot_controller_msgs/ros_robot_controller_msgs/msg/detail/set_bus_servo_state__description.c
[0.483s] -- Up-to-date: /home/yc/Documents/ROS2/ros_robot_controller-ros2/install/ros_robot_controller_msgs/include/ros_robot_controller_msgs/ros_robot_controller_msgs/msg/detail/motors_state__type_support.c
[0.483s] -- Up-to-date: /home/yc/Documents/ROS2/ros_robot_controller-ros2/install/ros_robot_controller_msgs/include/ros_robot_controller_msgs/ros_robot_controller_msgs/msg/detail/set_pwm_servo_state__description.c
[0.483s] -- Up-to-date: /home/yc/Documents/ROS2/ros_robot_controller-ros2/install/ros_robot_controller_msgs/include/ros_robot_controller_msgs/ros_robot_controller_msgs/msg/detail/set_bus_servo_state__functions.c
[0.483s] -- Up-to-date: /home/yc/Documents/ROS2/ros_robot_controller-ros2/install/ros_robot_controller_msgs/include/ros_robot_controller_msgs/ros_robot_controller_msgs/msg/detail/get_bus_servo_cmd__struct.h
[0.483s] -- Up-to-date: /home/yc/Documents/ROS2/ros_robot_controller-ros2/install/ros_robot_controller_msgs/include/ros_robot_controller_msgs/ros_robot_controller_msgs/msg/detail/set_pwm_servo_state__functions.h
[0.484s] -- Up-to-date: /home/yc/Documents/ROS2/ros_robot_controller-ros2/install/ros_robot_controller_msgs/include/ros_robot_controller_msgs/ros_robot_controller_msgs/msg/detail/bus_servo_state__type_support.h
[0.484s] -- Up-to-date: /home/yc/Documents/ROS2/ros_robot_controller-ros2/install/ros_robot_controller_msgs/include/ros_robot_controller_msgs/ros_robot_controller_msgs/msg/detail/get_pwm_servo_cmd__functions.h
[0.484s] -- Up-to-date: /home/yc/Documents/ROS2/ros_robot_controller-ros2/install/ros_robot_controller_msgs/include/ros_robot_controller_msgs/ros_robot_controller_msgs/msg/detail/set_bus_servo_state__type_support.h
[0.484s] -- Up-to-date: /home/yc/Documents/ROS2/ros_robot_controller-ros2/install/ros_robot_controller_msgs/include/ros_robot_controller_msgs/ros_robot_controller_msgs/msg/detail/button_state__type_support.c
[0.484s] -- Up-to-date: /home/yc/Documents/ROS2/ros_robot_controller-ros2/install/ros_robot_controller_msgs/include/ros_robot_controller_msgs/ros_robot_controller_msgs/msg/detail/motor_state__description.c
[0.484s] -- Up-to-date: /home/yc/Documents/ROS2/ros_robot_controller-ros2/install/ros_robot_controller_msgs/include/ros_robot_controller_msgs/ros_robot_controller_msgs/msg/detail/bus_servo_state__description.c
[0.484s] -- Up-to-date: /home/yc/Documents/ROS2/ros_robot_controller-ros2/install/ros_robot_controller_msgs/include/ros_robot_controller_msgs/ros_robot_controller_msgs/msg/detail/buzzer_state__type_support.c
[0.485s] -- Up-to-date: /home/yc/Documents/ROS2/ros_robot_controller-ros2/install/ros_robot_controller_msgs/include/ros_robot_controller_msgs/ros_robot_controller_msgs/msg/detail/get_pwm_servo_cmd__struct.h
[0.485s] -- Up-to-date: /home/yc/Documents/ROS2/ros_robot_controller-ros2/install/ros_robot_controller_msgs/include/ros_robot_controller_msgs/ros_robot_controller_msgs/msg/detail/sbus__type_support.h
[0.485s] -- Up-to-date: /home/yc/Documents/ROS2/ros_robot_controller-ros2/install/ros_robot_controller_msgs/include/ros_robot_controller_msgs/ros_robot_controller_msgs/msg/detail/motor_state__functions.c
[0.485s] -- Up-to-date: /home/yc/Documents/ROS2/ros_robot_controller-ros2/install/ros_robot_controller_msgs/include/ros_robot_controller_msgs/ros_robot_controller_msgs/msg/detail/motor_state__type_support.c
[0.485s] -- Up-to-date: /home/yc/Documents/ROS2/ros_robot_controller-ros2/install/ros_robot_controller_msgs/include/ros_robot_controller_msgs/ros_robot_controller_msgs/msg/detail/get_bus_servo_cmd__functions.h
[0.485s] -- Up-to-date: /home/yc/Documents/ROS2/ros_robot_controller-ros2/install/ros_robot_controller_msgs/include/ros_robot_controller_msgs/ros_robot_controller_msgs/msg/detail/motor_state__struct.h
[0.485s] -- Up-to-date: /home/yc/Documents/ROS2/ros_robot_controller-ros2/install/ros_robot_controller_msgs/include/ros_robot_controller_msgs/ros_robot_controller_msgs/msg/detail/sbus__type_support.c
[0.486s] -- Up-to-date: /home/yc/Documents/ROS2/ros_robot_controller-ros2/install/ros_robot_controller_msgs/include/ros_robot_controller_msgs/ros_robot_controller_msgs/msg/detail/motor_state__functions.h
[0.486s] -- Up-to-date: /home/yc/Documents/ROS2/ros_robot_controller-ros2/install/ros_robot_controller_msgs/include/ros_robot_controller_msgs/ros_robot_controller_msgs/msg/detail/button_state__type_support.h
[0.486s] -- Up-to-date: /home/yc/Documents/ROS2/ros_robot_controller-ros2/install/ros_robot_controller_msgs/include/ros_robot_controller_msgs/ros_robot_controller_msgs/msg/detail/get_pwm_servo_cmd__type_support.h
[0.486s] -- Up-to-date: /home/yc/Documents/ROS2/ros_robot_controller-ros2/install/ros_robot_controller_msgs/include/ros_robot_controller_msgs/ros_robot_controller_msgs/msg/detail/get_bus_servo_cmd__description.c
[0.486s] -- Up-to-date: /home/yc/Documents/ROS2/ros_robot_controller-ros2/install/ros_robot_controller_msgs/include/ros_robot_controller_msgs/ros_robot_controller_msgs/msg/detail/led_state__description.c
[0.486s] -- Up-to-date: /home/yc/Documents/ROS2/ros_robot_controller-ros2/install/ros_robot_controller_msgs/include/ros_robot_controller_msgs/ros_robot_controller_msgs/msg/detail/pwm_servo_state__type_support.h
[0.487s] -- Up-to-date: /home/yc/Documents/ROS2/ros_robot_controller-ros2/install/ros_robot_controller_msgs/include/ros_robot_controller_msgs/ros_robot_controller_msgs/msg/detail/button_state__functions.c
[0.487s] -- Up-to-date: /home/yc/Documents/ROS2/ros_robot_controller-ros2/install/ros_robot_controller_msgs/include/ros_robot_controller_msgs/ros_robot_controller_msgs/msg/detail/get_bus_servo_cmd__functions.c
[0.487s] -- Up-to-date: /home/yc/Documents/ROS2/ros_robot_controller-ros2/install/ros_robot_controller_msgs/include/ros_robot_controller_msgs/ros_robot_controller_msgs/msg/detail/get_pwm_servo_cmd__functions.c
[0.487s] -- Up-to-date: /home/yc/Documents/ROS2/ros_robot_controller-ros2/install/ros_robot_controller_msgs/include/ros_robot_controller_msgs/ros_robot_controller_msgs/msg/detail/pwm_servo_state__functions.h
[0.487s] -- Up-to-date: /home/yc/Documents/ROS2/ros_robot_controller-ros2/install/ros_robot_controller_msgs/include/ros_robot_controller_msgs/ros_robot_controller_msgs/msg/detail/bus_servo_state__functions.h
[0.487s] -- Up-to-date: /home/yc/Documents/ROS2/ros_robot_controller-ros2/install/ros_robot_controller_msgs/include/ros_robot_controller_msgs/ros_robot_controller_msgs/msg/detail/set_bus_servo_state__type_support.c
[0.487s] -- Up-to-date: /home/yc/Documents/ROS2/ros_robot_controller-ros2/install/ros_robot_controller_msgs/include/ros_robot_controller_msgs/ros_robot_controller_msgs/msg/detail/get_bus_servo_cmd__type_support.h
[0.488s] -- Up-to-date: /home/yc/Documents/ROS2/ros_robot_controller-ros2/install/ros_robot_controller_msgs/include/ros_robot_controller_msgs/ros_robot_controller_msgs/msg/detail/pwm_servo_state__functions.c
[0.488s] -- Up-to-date: /home/yc/Documents/ROS2/ros_robot_controller-ros2/install/ros_robot_controller_msgs/include/ros_robot_controller_msgs/ros_robot_controller_msgs/msg/detail/bus_servo_state__functions.c
[0.488s] -- Up-to-date: /home/yc/Documents/ROS2/ros_robot_controller-ros2/install/ros_robot_controller_msgs/include/ros_robot_controller_msgs/ros_robot_controller_msgs/msg/detail/get_bus_servo_cmd__type_support.c
[0.488s] -- Up-to-date: /home/yc/Documents/ROS2/ros_robot_controller-ros2/install/ros_robot_controller_msgs/include/ros_robot_controller_msgs/ros_robot_controller_msgs/msg/detail/motors_state__type_support.h
[0.488s] -- Up-to-date: /home/yc/Documents/ROS2/ros_robot_controller-ros2/install/ros_robot_controller_msgs/include/ros_robot_controller_msgs/ros_robot_controller_msgs/msg/detail/set_bus_servo_state__struct.h
[0.488s] -- Up-to-date: /home/yc/Documents/ROS2/ros_robot_controller-ros2/install/ros_robot_controller_msgs/include/ros_robot_controller_msgs/ros_robot_controller_msgs/msg/detail/get_pwm_servo_cmd__type_support.c
[0.489s] -- Up-to-date: /home/yc/Documents/ROS2/ros_robot_controller-ros2/install/ros_robot_controller_msgs/include/ros_robot_controller_msgs/ros_robot_controller_msgs/msg/pwm_servo_state.h
[0.489s] -- Up-to-date: /home/yc/Documents/ROS2/ros_robot_controller-ros2/install/ros_robot_controller_msgs/include/ros_robot_controller_msgs/ros_robot_controller_msgs/msg/motor_state.h
[0.489s] -- Up-to-date: /home/yc/Documents/ROS2/ros_robot_controller-ros2/install/ros_robot_controller_msgs/include/ros_robot_controller_msgs/ros_robot_controller_msgs/msg/get_pwm_servo_cmd.h
[0.489s] -- Up-to-date: /home/yc/Documents/ROS2/ros_robot_controller-ros2/install/ros_robot_controller_msgs/include/ros_robot_controller_msgs/ros_robot_controller_msgs/msg/button_state.h
[0.489s] -- Up-to-date: /home/yc/Documents/ROS2/ros_robot_controller-ros2/install/ros_robot_controller_msgs/include/ros_robot_controller_msgs/ros_robot_controller_msgs/msg/led_state.h
[0.489s] -- Up-to-date: /home/yc/Documents/ROS2/ros_robot_controller-ros2/install/ros_robot_controller_msgs/include/ros_robot_controller_msgs/ros_robot_controller_msgs/msg/set_pwm_servo_state.h
[0.490s] -- Up-to-date: /home/yc/Documents/ROS2/ros_robot_controller-ros2/install/ros_robot_controller_msgs/include/ros_robot_controller_msgs/ros_robot_controller_msgs/srv
[0.490s] -- Up-to-date: /home/yc/Documents/ROS2/ros_robot_controller-ros2/install/ros_robot_controller_msgs/include/ros_robot_controller_msgs/ros_robot_controller_msgs/srv/get_bus_servo_state.h
[0.490s] -- Up-to-date: /home/yc/Documents/ROS2/ros_robot_controller-ros2/install/ros_robot_controller_msgs/include/ros_robot_controller_msgs/ros_robot_controller_msgs/srv/get_pwm_servo_state.h
[0.490s] -- Up-to-date: /home/yc/Documents/ROS2/ros_robot_controller-ros2/install/ros_robot_controller_msgs/include/ros_robot_controller_msgs/ros_robot_controller_msgs/srv/detail
[0.490s] -- Up-to-date: /home/yc/Documents/ROS2/ros_robot_controller-ros2/install/ros_robot_controller_msgs/include/ros_robot_controller_msgs/ros_robot_controller_msgs/srv/detail/get_pwm_servo_state__struct.h
[0.490s] -- Up-to-date: /home/yc/Documents/ROS2/ros_robot_controller-ros2/install/ros_robot_controller_msgs/include/ros_robot_controller_msgs/ros_robot_controller_msgs/srv/detail/get_bus_servo_state__type_support.h
[0.490s] -- Up-to-date: /home/yc/Documents/ROS2/ros_robot_controller-ros2/install/ros_robot_controller_msgs/include/ros_robot_controller_msgs/ros_robot_controller_msgs/srv/detail/get_bus_servo_state__functions.c
[0.491s] -- Up-to-date: /home/yc/Documents/ROS2/ros_robot_controller-ros2/install/ros_robot_controller_msgs/include/ros_robot_controller_msgs/ros_robot_controller_msgs/srv/detail/get_bus_servo_state__struct.h
[0.491s] -- Up-to-date: /home/yc/Documents/ROS2/ros_robot_controller-ros2/install/ros_robot_controller_msgs/include/ros_robot_controller_msgs/ros_robot_controller_msgs/srv/detail/get_pwm_servo_state__description.c
[0.491s] -- Up-to-date: /home/yc/Documents/ROS2/ros_robot_controller-ros2/install/ros_robot_controller_msgs/include/ros_robot_controller_msgs/ros_robot_controller_msgs/srv/detail/get_bus_servo_state__type_support.c
[0.491s] -- Up-to-date: /home/yc/Documents/ROS2/ros_robot_controller-ros2/install/ros_robot_controller_msgs/include/ros_robot_controller_msgs/ros_robot_controller_msgs/srv/detail/get_pwm_servo_state__type_support.h
[0.491s] -- Up-to-date: /home/yc/Documents/ROS2/ros_robot_controller-ros2/install/ros_robot_controller_msgs/include/ros_robot_controller_msgs/ros_robot_controller_msgs/srv/detail/get_pwm_servo_state__type_support.c
[0.491s] -- Up-to-date: /home/yc/Documents/ROS2/ros_robot_controller-ros2/install/ros_robot_controller_msgs/include/ros_robot_controller_msgs/ros_robot_controller_msgs/srv/detail/get_pwm_servo_state__functions.h
[0.491s] -- Up-to-date: /home/yc/Documents/ROS2/ros_robot_controller-ros2/install/ros_robot_controller_msgs/include/ros_robot_controller_msgs/ros_robot_controller_msgs/srv/detail/get_bus_servo_state__description.c
[0.492s] -- Up-to-date: /home/yc/Documents/ROS2/ros_robot_controller-ros2/install/ros_robot_controller_msgs/include/ros_robot_controller_msgs/ros_robot_controller_msgs/srv/detail/get_pwm_servo_state__functions.c
[0.492s] -- Up-to-date: /home/yc/Documents/ROS2/ros_robot_controller-ros2/install/ros_robot_controller_msgs/include/ros_robot_controller_msgs/ros_robot_controller_msgs/srv/detail/get_bus_servo_state__functions.h
[0.492s] -- Up-to-date: /home/yc/Documents/ROS2/ros_robot_controller-ros2/install/ros_robot_controller_msgs/share/ros_robot_controller_msgs/environment/library_path.sh
[0.492s] -- Up-to-date: /home/yc/Documents/ROS2/ros_robot_controller-ros2/install/ros_robot_controller_msgs/share/ros_robot_controller_msgs/environment/library_path.dsv
[0.492s] -- Up-to-date: /home/yc/Documents/ROS2/ros_robot_controller-ros2/install/ros_robot_controller_msgs/lib/libros_robot_controller_msgs__rosidl_generator_c.so
[0.492s] -- Up-to-date: /home/yc/Documents/ROS2/ros_robot_controller-ros2/install/ros_robot_controller_msgs/include/ros_robot_controller_msgs/ros_robot_controller_msgs
[0.493s] -- Up-to-date: /home/yc/Documents/ROS2/ros_robot_controller-ros2/install/ros_robot_controller_msgs/include/ros_robot_controller_msgs/ros_robot_controller_msgs/msg
[0.493s] -- Up-to-date: /home/yc/Documents/ROS2/ros_robot_controller-ros2/install/ros_robot_controller_msgs/include/ros_robot_controller_msgs/ros_robot_controller_msgs/msg/rosidl_typesupport_fastrtps_c__visibility_control.h
[0.493s] -- Up-to-date: /home/yc/Documents/ROS2/ros_robot_controller-ros2/install/ros_robot_controller_msgs/include/ros_robot_controller_msgs/ros_robot_controller_msgs/msg/detail
[0.493s] -- Up-to-date: /home/yc/Documents/ROS2/ros_robot_controller-ros2/install/ros_robot_controller_msgs/include/ros_robot_controller_msgs/ros_robot_controller_msgs/msg/detail/button_state__rosidl_typesupport_fastrtps_c.h
[0.493s] -- Up-to-date: /home/yc/Documents/ROS2/ros_robot_controller-ros2/install/ros_robot_controller_msgs/include/ros_robot_controller_msgs/ros_robot_controller_msgs/msg/detail/pwm_servo_state__rosidl_typesupport_fastrtps_c.h
[0.494s] -- Up-to-date: /home/yc/Documents/ROS2/ros_robot_controller-ros2/install/ros_robot_controller_msgs/include/ros_robot_controller_msgs/ros_robot_controller_msgs/msg/detail/set_pwm_servo_state__rosidl_typesupport_fastrtps_c.h
[0.494s] -- Up-to-date: /home/yc/Documents/ROS2/ros_robot_controller-ros2/install/ros_robot_controller_msgs/include/ros_robot_controller_msgs/ros_robot_controller_msgs/msg/detail/get_bus_servo_cmd__rosidl_typesupport_fastrtps_c.h
[0.494s] -- Up-to-date: /home/yc/Documents/ROS2/ros_robot_controller-ros2/install/ros_robot_controller_msgs/include/ros_robot_controller_msgs/ros_robot_controller_msgs/msg/detail/sbus__rosidl_typesupport_fastrtps_c.h
[0.494s] -- Up-to-date: /home/yc/Documents/ROS2/ros_robot_controller-ros2/install/ros_robot_controller_msgs/include/ros_robot_controller_msgs/ros_robot_controller_msgs/msg/detail/motor_state__rosidl_typesupport_fastrtps_c.h
[0.494s] -- Up-to-date: /home/yc/Documents/ROS2/ros_robot_controller-ros2/install/ros_robot_controller_msgs/include/ros_robot_controller_msgs/ros_robot_controller_msgs/msg/detail/led_state__rosidl_typesupport_fastrtps_c.h
[0.495s] -- Up-to-date: /home/yc/Documents/ROS2/ros_robot_controller-ros2/install/ros_robot_controller_msgs/include/ros_robot_controller_msgs/ros_robot_controller_msgs/msg/detail/bus_servo_state__rosidl_typesupport_fastrtps_c.h
[0.495s] -- Up-to-date: /home/yc/Documents/ROS2/ros_robot_controller-ros2/install/ros_robot_controller_msgs/include/ros_robot_controller_msgs/ros_robot_controller_msgs/msg/detail/set_bus_servo_state__rosidl_typesupport_fastrtps_c.h
[0.495s] -- Up-to-date: /home/yc/Documents/ROS2/ros_robot_controller-ros2/install/ros_robot_controller_msgs/include/ros_robot_controller_msgs/ros_robot_controller_msgs/msg/detail/buzzer_state__rosidl_typesupport_fastrtps_c.h
[0.495s] -- Up-to-date: /home/yc/Documents/ROS2/ros_robot_controller-ros2/install/ros_robot_controller_msgs/include/ros_robot_controller_msgs/ros_robot_controller_msgs/msg/detail/motors_state__rosidl_typesupport_fastrtps_c.h
[0.495s] -- Up-to-date: /home/yc/Documents/ROS2/ros_robot_controller-ros2/install/ros_robot_controller_msgs/include/ros_robot_controller_msgs/ros_robot_controller_msgs/msg/detail/get_pwm_servo_cmd__rosidl_typesupport_fastrtps_c.h
[0.496s] -- Up-to-date: /home/yc/Documents/ROS2/ros_robot_controller-ros2/install/ros_robot_controller_msgs/include/ros_robot_controller_msgs/ros_robot_controller_msgs/srv
[0.496s] -- Up-to-date: /home/yc/Documents/ROS2/ros_robot_controller-ros2/install/ros_robot_controller_msgs/include/ros_robot_controller_msgs/ros_robot_controller_msgs/srv/detail
[0.496s] -- Up-to-date: /home/yc/Documents/ROS2/ros_robot_controller-ros2/install/ros_robot_controller_msgs/include/ros_robot_controller_msgs/ros_robot_controller_msgs/srv/detail/get_pwm_servo_state__rosidl_typesupport_fastrtps_c.h
[0.496s] -- Up-to-date: /home/yc/Documents/ROS2/ros_robot_controller-ros2/install/ros_robot_controller_msgs/include/ros_robot_controller_msgs/ros_robot_controller_msgs/srv/detail/get_bus_servo_state__rosidl_typesupport_fastrtps_c.h
[0.496s] -- Up-to-date: /home/yc/Documents/ROS2/ros_robot_controller-ros2/install/ros_robot_controller_msgs/lib/libros_robot_controller_msgs__rosidl_typesupport_fastrtps_c.so
[0.497s] -- Up-to-date: /home/yc/Documents/ROS2/ros_robot_controller-ros2/install/ros_robot_controller_msgs/include/ros_robot_controller_msgs/ros_robot_controller_msgs
[0.497s] -- Up-to-date: /home/yc/Documents/ROS2/ros_robot_controller-ros2/install/ros_robot_controller_msgs/include/ros_robot_controller_msgs/ros_robot_controller_msgs/msg
[0.497s] -- Up-to-date: /home/yc/Documents/ROS2/ros_robot_controller-ros2/install/ros_robot_controller_msgs/include/ros_robot_controller_msgs/ros_robot_controller_msgs/msg/sbus.hpp
[0.497s] -- Up-to-date: /home/yc/Documents/ROS2/ros_robot_controller-ros2/install/ros_robot_controller_msgs/include/ros_robot_controller_msgs/ros_robot_controller_msgs/msg/led_state.hpp
[0.498s] -- Up-to-date: /home/yc/Documents/ROS2/ros_robot_controller-ros2/install/ros_robot_controller_msgs/include/ros_robot_controller_msgs/ros_robot_controller_msgs/msg/button_state.hpp
[0.498s] -- Up-to-date: /home/yc/Documents/ROS2/ros_robot_controller-ros2/install/ros_robot_controller_msgs/include/ros_robot_controller_msgs/ros_robot_controller_msgs/msg/motor_state.hpp
[0.498s] -- Up-to-date: /home/yc/Documents/ROS2/ros_robot_controller-ros2/install/ros_robot_controller_msgs/include/ros_robot_controller_msgs/ros_robot_controller_msgs/msg/pwm_servo_state.hpp
[0.498s] -- Up-to-date: /home/yc/Documents/ROS2/ros_robot_controller-ros2/install/ros_robot_controller_msgs/include/ros_robot_controller_msgs/ros_robot_controller_msgs/msg/buzzer_state.hpp
[0.498s] -- Up-to-date: /home/yc/Documents/ROS2/ros_robot_controller-ros2/install/ros_robot_controller_msgs/include/ros_robot_controller_msgs/ros_robot_controller_msgs/msg/motors_state.hpp
[0.499s] -- Up-to-date: /home/yc/Documents/ROS2/ros_robot_controller-ros2/install/ros_robot_controller_msgs/include/ros_robot_controller_msgs/ros_robot_controller_msgs/msg/set_bus_servo_state.hpp
[0.499s] -- Up-to-date: /home/yc/Documents/ROS2/ros_robot_controller-ros2/install/ros_robot_controller_msgs/include/ros_robot_controller_msgs/ros_robot_controller_msgs/msg/get_pwm_servo_cmd.hpp
[0.499s] -- Up-to-date: /home/yc/Documents/ROS2/ros_robot_controller-ros2/install/ros_robot_controller_msgs/include/ros_robot_controller_msgs/ros_robot_controller_msgs/msg/rosidl_generator_cpp__visibility_control.hpp
[0.500s] -- Up-to-date: /home/yc/Documents/ROS2/ros_robot_controller-ros2/install/ros_robot_controller_msgs/include/ros_robot_controller_msgs/ros_robot_controller_msgs/msg/detail
[0.500s] -- Up-to-date: /home/yc/Documents/ROS2/ros_robot_controller-ros2/install/ros_robot_controller_msgs/include/ros_robot_controller_msgs/ros_robot_controller_msgs/msg/detail/get_bus_servo_cmd__type_support.hpp
[0.500s] -- Up-to-date: /home/yc/Documents/ROS2/ros_robot_controller-ros2/install/ros_robot_controller_msgs/include/ros_robot_controller_msgs/ros_robot_controller_msgs/msg/detail/set_bus_servo_state__traits.hpp
[0.500s] -- Up-to-date: /home/yc/Documents/ROS2/ros_robot_controller-ros2/install/ros_robot_controller_msgs/include/ros_robot_controller_msgs/ros_robot_controller_msgs/msg/detail/pwm_servo_state__traits.hpp
[0.500s] -- Up-to-date: /home/yc/Documents/ROS2/ros_robot_controller-ros2/install/ros_robot_controller_msgs/include/ros_robot_controller_msgs/ros_robot_controller_msgs/msg/detail/led_state__builder.hpp
[0.501s] -- Up-to-date: /home/yc/Documents/ROS2/ros_robot_controller-ros2/install/ros_robot_controller_msgs/include/ros_robot_controller_msgs/ros_robot_controller_msgs/msg/detail/buzzer_state__builder.hpp
[0.501s] -- Up-to-date: /home/yc/Documents/ROS2/ros_robot_controller-ros2/install/ros_robot_controller_msgs/include/ros_robot_controller_msgs/ros_robot_controller_msgs/msg/detail/sbus__builder.hpp
[0.501s] -- Up-to-date: /home/yc/Documents/ROS2/ros_robot_controller-ros2/install/ros_robot_controller_msgs/include/ros_robot_controller_msgs/ros_robot_controller_msgs/msg/detail/buzzer_state__type_support.hpp
[0.501s] -- Up-to-date: /home/yc/Documents/ROS2/ros_robot_controller-ros2/install/ros_robot_controller_msgs/include/ros_robot_controller_msgs/ros_robot_controller_msgs/msg/detail/motor_state__type_support.hpp
[0.501s] -- Up-to-date: /home/yc/Documents/ROS2/ros_robot_controller-ros2/install/ros_robot_controller_msgs/include/ros_robot_controller_msgs/ros_robot_controller_msgs/msg/detail/set_bus_servo_state__type_support.hpp
[0.502s] -- Up-to-date: /home/yc/Documents/ROS2/ros_robot_controller-ros2/install/ros_robot_controller_msgs/include/ros_robot_controller_msgs/ros_robot_controller_msgs/msg/detail/sbus__traits.hpp
[0.502s] -- Up-to-date: /home/yc/Documents/ROS2/ros_robot_controller-ros2/install/ros_robot_controller_msgs/include/ros_robot_controller_msgs/ros_robot_controller_msgs/msg/detail/motor_state__struct.hpp
[0.502s] -- Up-to-date: /home/yc/Documents/ROS2/ros_robot_controller-ros2/install/ros_robot_controller_msgs/include/ros_robot_controller_msgs/ros_robot_controller_msgs/msg/detail/pwm_servo_state__type_support.hpp
[0.502s] -- Up-to-date: /home/yc/Documents/ROS2/ros_robot_controller-ros2/install/ros_robot_controller_msgs/include/ros_robot_controller_msgs/ros_robot_controller_msgs/msg/detail/led_state__traits.hpp
[0.502s] -- Up-to-date: /home/yc/Documents/ROS2/ros_robot_controller-ros2/install/ros_robot_controller_msgs/include/ros_robot_controller_msgs/ros_robot_controller_msgs/msg/detail/button_state__traits.hpp
[0.503s] -- Up-to-date: /home/yc/Documents/ROS2/ros_robot_controller-ros2/install/ros_robot_controller_msgs/include/ros_robot_controller_msgs/ros_robot_controller_msgs/msg/detail/pwm_servo_state__struct.hpp
[0.503s] -- Up-to-date: /home/yc/Documents/ROS2/ros_robot_controller-ros2/install/ros_robot_controller_msgs/include/ros_robot_controller_msgs/ros_robot_controller_msgs/msg/detail/motor_state__builder.hpp
[0.503s] -- Up-to-date: /home/yc/Documents/ROS2/ros_robot_controller-ros2/install/ros_robot_controller_msgs/include/ros_robot_controller_msgs/ros_robot_controller_msgs/msg/detail/get_bus_servo_cmd__builder.hpp
[0.503s] -- Up-to-date: /home/yc/Documents/ROS2/ros_robot_controller-ros2/install/ros_robot_controller_msgs/include/ros_robot_controller_msgs/ros_robot_controller_msgs/msg/detail/set_pwm_servo_state__struct.hpp
[0.503s] -- Up-to-date: /home/yc/Documents/ROS2/ros_robot_controller-ros2/install/ros_robot_controller_msgs/include/ros_robot_controller_msgs/ros_robot_controller_msgs/msg/detail/set_pwm_servo_state__traits.hpp
[0.504s] -- Up-to-date: /home/yc/Documents/ROS2/ros_robot_controller-ros2/install/ros_robot_controller_msgs/include/ros_robot_controller_msgs/ros_robot_controller_msgs/msg/detail/motors_state__struct.hpp
[0.504s] -- Up-to-date: /home/yc/Documents/ROS2/ros_robot_controller-ros2/install/ros_robot_controller_msgs/include/ros_robot_controller_msgs/ros_robot_controller_msgs/msg/detail/bus_servo_state__traits.hpp
[0.504s] -- Up-to-date: /home/yc/Documents/ROS2/ros_robot_controller-ros2/install/ros_robot_controller_msgs/include/ros_robot_controller_msgs/ros_robot_controller_msgs/msg/detail/set_pwm_servo_state__type_support.hpp
[0.504s] -- Up-to-date: /home/yc/Documents/ROS2/ros_robot_controller-ros2/install/ros_robot_controller_msgs/include/ros_robot_controller_msgs/ros_robot_controller_msgs/msg/detail/motor_state__traits.hpp
[0.505s] -- Up-to-date: /home/yc/Documents/ROS2/ros_robot_controller-ros2/install/ros_robot_controller_msgs/include/ros_robot_controller_msgs/ros_robot_controller_msgs/msg/detail/set_pwm_servo_state__builder.hpp
[0.505s] -- Up-to-date: /home/yc/Documents/ROS2/ros_robot_controller-ros2/install/ros_robot_controller_msgs/include/ros_robot_controller_msgs/ros_robot_controller_msgs/msg/detail/get_pwm_servo_cmd__struct.hpp
[0.505s] -- Up-to-date: /home/yc/Documents/ROS2/ros_robot_controller-ros2/install/ros_robot_controller_msgs/include/ros_robot_controller_msgs/ros_robot_controller_msgs/msg/detail/led_state__type_support.hpp
[0.505s] -- Up-to-date: /home/yc/Documents/ROS2/ros_robot_controller-ros2/install/ros_robot_controller_msgs/include/ros_robot_controller_msgs/ros_robot_controller_msgs/msg/detail/button_state__struct.hpp
[0.505s] -- Up-to-date: /home/yc/Documents/ROS2/ros_robot_controller-ros2/install/ros_robot_controller_msgs/include/ros_robot_controller_msgs/ros_robot_controller_msgs/msg/detail/motors_state__type_support.hpp
[0.506s] -- Up-to-date: /home/yc/Documents/ROS2/ros_robot_controller-ros2/install/ros_robot_controller_msgs/include/ros_robot_controller_msgs/ros_robot_controller_msgs/msg/detail/motors_state__traits.hpp
[0.506s] -- Up-to-date: /home/yc/Documents/ROS2/ros_robot_controller-ros2/install/ros_robot_controller_msgs/include/ros_robot_controller_msgs/ros_robot_controller_msgs/msg/detail/get_bus_servo_cmd__struct.hpp
[0.506s] -- Up-to-date: /home/yc/Documents/ROS2/ros_robot_controller-ros2/install/ros_robot_controller_msgs/include/ros_robot_controller_msgs/ros_robot_controller_msgs/msg/detail/button_state__builder.hpp
[0.506s] -- Up-to-date: /home/yc/Documents/ROS2/ros_robot_controller-ros2/install/ros_robot_controller_msgs/include/ros_robot_controller_msgs/ros_robot_controller_msgs/msg/detail/bus_servo_state__builder.hpp
[0.506s] -- Up-to-date: /home/yc/Documents/ROS2/ros_robot_controller-ros2/install/ros_robot_controller_msgs/include/ros_robot_controller_msgs/ros_robot_controller_msgs/msg/detail/pwm_servo_state__builder.hpp
[0.507s] -- Up-to-date: /home/yc/Documents/ROS2/ros_robot_controller-ros2/install/ros_robot_controller_msgs/include/ros_robot_controller_msgs/ros_robot_controller_msgs/msg/detail/button_state__type_support.hpp
[0.507s] -- Up-to-date: /home/yc/Documents/ROS2/ros_robot_controller-ros2/install/ros_robot_controller_msgs/include/ros_robot_controller_msgs/ros_robot_controller_msgs/msg/detail/get_pwm_servo_cmd__builder.hpp
[0.507s] -- Up-to-date: /home/yc/Documents/ROS2/ros_robot_controller-ros2/install/ros_robot_controller_msgs/include/ros_robot_controller_msgs/ros_robot_controller_msgs/msg/detail/set_bus_servo_state__struct.hpp
[0.507s] -- Up-to-date: /home/yc/Documents/ROS2/ros_robot_controller-ros2/install/ros_robot_controller_msgs/include/ros_robot_controller_msgs/ros_robot_controller_msgs/msg/detail/set_bus_servo_state__builder.hpp
[0.508s] -- Up-to-date: /home/yc/Documents/ROS2/ros_robot_controller-ros2/install/ros_robot_controller_msgs/include/ros_robot_controller_msgs/ros_robot_controller_msgs/msg/detail/bus_servo_state__struct.hpp
[0.508s] -- Up-to-date: /home/yc/Documents/ROS2/ros_robot_controller-ros2/install/ros_robot_controller_msgs/include/ros_robot_controller_msgs/ros_robot_controller_msgs/msg/detail/get_pwm_servo_cmd__traits.hpp
[0.508s] -- Up-to-date: /home/yc/Documents/ROS2/ros_robot_controller-ros2/install/ros_robot_controller_msgs/include/ros_robot_controller_msgs/ros_robot_controller_msgs/msg/detail/bus_servo_state__type_support.hpp
[0.508s] -- Up-to-date: /home/yc/Documents/ROS2/ros_robot_controller-ros2/install/ros_robot_controller_msgs/include/ros_robot_controller_msgs/ros_robot_controller_msgs/msg/detail/get_bus_servo_cmd__traits.hpp
[0.508s] -- Up-to-date: /home/yc/Documents/ROS2/ros_robot_controller-ros2/install/ros_robot_controller_msgs/include/ros_robot_controller_msgs/ros_robot_controller_msgs/msg/detail/sbus__type_support.hpp
[0.509s] -- Up-to-date: /home/yc/Documents/ROS2/ros_robot_controller-ros2/install/ros_robot_controller_msgs/include/ros_robot_controller_msgs/ros_robot_controller_msgs/msg/detail/led_state__struct.hpp
[0.509s] -- Up-to-date: /home/yc/Documents/ROS2/ros_robot_controller-ros2/install/ros_robot_controller_msgs/include/ros_robot_controller_msgs/ros_robot_controller_msgs/msg/detail/get_pwm_servo_cmd__type_support.hpp
[0.509s] -- Up-to-date: /home/yc/Documents/ROS2/ros_robot_controller-ros2/install/ros_robot_controller_msgs/include/ros_robot_controller_msgs/ros_robot_controller_msgs/msg/detail/sbus__struct.hpp
[0.509s] -- Up-to-date: /home/yc/Documents/ROS2/ros_robot_controller-ros2/install/ros_robot_controller_msgs/include/ros_robot_controller_msgs/ros_robot_controller_msgs/msg/detail/motors_state__builder.hpp
[0.509s] -- Up-to-date: /home/yc/Documents/ROS2/ros_robot_controller-ros2/install/ros_robot_controller_msgs/include/ros_robot_controller_msgs/ros_robot_controller_msgs/msg/detail/buzzer_state__traits.hpp
[0.510s] -- Up-to-date: /home/yc/Documents/ROS2/ros_robot_controller-ros2/install/ros_robot_controller_msgs/include/ros_robot_controller_msgs/ros_robot_controller_msgs/msg/detail/buzzer_state__struct.hpp
[0.510s] -- Up-to-date: /home/yc/Documents/ROS2/ros_robot_controller-ros2/install/ros_robot_controller_msgs/include/ros_robot_controller_msgs/ros_robot_controller_msgs/msg/get_bus_servo_cmd.hpp
[0.510s] -- Up-to-date: /home/yc/Documents/ROS2/ros_robot_controller-ros2/install/ros_robot_controller_msgs/include/ros_robot_controller_msgs/ros_robot_controller_msgs/msg/set_pwm_servo_state.hpp
[0.510s] -- Up-to-date: /home/yc/Documents/ROS2/ros_robot_controller-ros2/install/ros_robot_controller_msgs/include/ros_robot_controller_msgs/ros_robot_controller_msgs/msg/bus_servo_state.hpp
[0.511s] -- Up-to-date: /home/yc/Documents/ROS2/ros_robot_controller-ros2/install/ros_robot_controller_msgs/include/ros_robot_controller_msgs/ros_robot_controller_msgs/srv
[0.511s] -- Up-to-date: /home/yc/Documents/ROS2/ros_robot_controller-ros2/install/ros_robot_controller_msgs/include/ros_robot_controller_msgs/ros_robot_controller_msgs/srv/get_pwm_servo_state.hpp
[0.511s] -- Up-to-date: /home/yc/Documents/ROS2/ros_robot_controller-ros2/install/ros_robot_controller_msgs/include/ros_robot_controller_msgs/ros_robot_controller_msgs/srv/get_bus_servo_state.hpp
[0.511s] -- Up-to-date: /home/yc/Documents/ROS2/ros_robot_controller-ros2/install/ros_robot_controller_msgs/include/ros_robot_controller_msgs/ros_robot_controller_msgs/srv/detail
[0.511s] -- Up-to-date: /home/yc/Documents/ROS2/ros_robot_controller-ros2/install/ros_robot_controller_msgs/include/ros_robot_controller_msgs/ros_robot_controller_msgs/srv/detail/get_bus_servo_state__type_support.hpp
[0.512s] -- Up-to-date: /home/yc/Documents/ROS2/ros_robot_controller-ros2/install/ros_robot_controller_msgs/include/ros_robot_controller_msgs/ros_robot_controller_msgs/srv/detail/get_pwm_servo_state__type_support.hpp
[0.512s] -- Up-to-date: /home/yc/Documents/ROS2/ros_robot_controller-ros2/install/ros_robot_controller_msgs/include/ros_robot_controller_msgs/ros_robot_controller_msgs/srv/detail/get_bus_servo_state__traits.hpp
[0.512s] -- Up-to-date: /home/yc/Documents/ROS2/ros_robot_controller-ros2/install/ros_robot_controller_msgs/include/ros_robot_controller_msgs/ros_robot_controller_msgs/srv/detail/get_pwm_servo_state__struct.hpp
[0.512s] -- Up-to-date: /home/yc/Documents/ROS2/ros_robot_controller-ros2/install/ros_robot_controller_msgs/include/ros_robot_controller_msgs/ros_robot_controller_msgs/srv/detail/get_bus_servo_state__struct.hpp
[0.512s] -- Up-to-date: /home/yc/Documents/ROS2/ros_robot_controller-ros2/install/ros_robot_controller_msgs/include/ros_robot_controller_msgs/ros_robot_controller_msgs/srv/detail/get_pwm_servo_state__builder.hpp
[0.513s] -- Up-to-date: /home/yc/Documents/ROS2/ros_robot_controller-ros2/install/ros_robot_controller_msgs/include/ros_robot_controller_msgs/ros_robot_controller_msgs/srv/detail/get_bus_servo_state__builder.hpp
[0.513s] -- Up-to-date: /home/yc/Documents/ROS2/ros_robot_controller-ros2/install/ros_robot_controller_msgs/include/ros_robot_controller_msgs/ros_robot_controller_msgs/srv/detail/get_pwm_servo_state__traits.hpp
[0.513s] -- Up-to-date: /home/yc/Documents/ROS2/ros_robot_controller-ros2/install/ros_robot_controller_msgs/include/ros_robot_controller_msgs/ros_robot_controller_msgs
[0.513s] -- Up-to-date: /home/yc/Documents/ROS2/ros_robot_controller-ros2/install/ros_robot_controller_msgs/include/ros_robot_controller_msgs/ros_robot_controller_msgs/msg
[0.513s] -- Up-to-date: /home/yc/Documents/ROS2/ros_robot_controller-ros2/install/ros_robot_controller_msgs/include/ros_robot_controller_msgs/ros_robot_controller_msgs/msg/rosidl_typesupport_fastrtps_cpp__visibility_control.h
[0.514s] -- Up-to-date: /home/yc/Documents/ROS2/ros_robot_controller-ros2/install/ros_robot_controller_msgs/include/ros_robot_controller_msgs/ros_robot_controller_msgs/msg/detail
[0.514s] -- Up-to-date: /home/yc/Documents/ROS2/ros_robot_controller-ros2/install/ros_robot_controller_msgs/include/ros_robot_controller_msgs/ros_robot_controller_msgs/msg/detail/motor_state__rosidl_typesupport_fastrtps_cpp.hpp
[0.514s] -- Up-to-date: /home/yc/Documents/ROS2/ros_robot_controller-ros2/install/ros_robot_controller_msgs/include/ros_robot_controller_msgs/ros_robot_controller_msgs/msg/detail/set_bus_servo_state__rosidl_typesupport_fastrtps_cpp.hpp
[0.514s] -- Up-to-date: /home/yc/Documents/ROS2/ros_robot_controller-ros2/install/ros_robot_controller_msgs/include/ros_robot_controller_msgs/ros_robot_controller_msgs/msg/detail/set_pwm_servo_state__rosidl_typesupport_fastrtps_cpp.hpp
[0.515s] -- Up-to-date: /home/yc/Documents/ROS2/ros_robot_controller-ros2/install/ros_robot_controller_msgs/include/ros_robot_controller_msgs/ros_robot_controller_msgs/msg/detail/led_state__rosidl_typesupport_fastrtps_cpp.hpp
[0.515s] -- Up-to-date: /home/yc/Documents/ROS2/ros_robot_controller-ros2/install/ros_robot_controller_msgs/include/ros_robot_controller_msgs/ros_robot_controller_msgs/msg/detail/get_bus_servo_cmd__rosidl_typesupport_fastrtps_cpp.hpp
[0.515s] -- Up-to-date: /home/yc/Documents/ROS2/ros_robot_controller-ros2/install/ros_robot_controller_msgs/include/ros_robot_controller_msgs/ros_robot_controller_msgs/msg/detail/button_state__rosidl_typesupport_fastrtps_cpp.hpp
[0.515s] -- Up-to-date: /home/yc/Documents/ROS2/ros_robot_controller-ros2/install/ros_robot_controller_msgs/include/ros_robot_controller_msgs/ros_robot_controller_msgs/msg/detail/get_pwm_servo_cmd__rosidl_typesupport_fastrtps_cpp.hpp
[0.515s] -- Up-to-date: /home/yc/Documents/ROS2/ros_robot_controller-ros2/install/ros_robot_controller_msgs/include/ros_robot_controller_msgs/ros_robot_controller_msgs/msg/detail/sbus__rosidl_typesupport_fastrtps_cpp.hpp
[0.516s] -- Up-to-date: /home/yc/Documents/ROS2/ros_robot_controller-ros2/install/ros_robot_controller_msgs/include/ros_robot_controller_msgs/ros_robot_controller_msgs/msg/detail/pwm_servo_state__rosidl_typesupport_fastrtps_cpp.hpp
[0.516s] -- Up-to-date: /home/yc/Documents/ROS2/ros_robot_controller-ros2/install/ros_robot_controller_msgs/include/ros_robot_controller_msgs/ros_robot_controller_msgs/msg/detail/buzzer_state__rosidl_typesupport_fastrtps_cpp.hpp
[0.516s] -- Up-to-date: /home/yc/Documents/ROS2/ros_robot_controller-ros2/install/ros_robot_controller_msgs/include/ros_robot_controller_msgs/ros_robot_controller_msgs/msg/detail/dds_fastrtps
[0.516s] -- Up-to-date: /home/yc/Documents/ROS2/ros_robot_controller-ros2/install/ros_robot_controller_msgs/include/ros_robot_controller_msgs/ros_robot_controller_msgs/msg/detail/motors_state__rosidl_typesupport_fastrtps_cpp.hpp
[0.517s] -- Up-to-date: /home/yc/Documents/ROS2/ros_robot_controller-ros2/install/ros_robot_controller_msgs/include/ros_robot_controller_msgs/ros_robot_controller_msgs/msg/detail/bus_servo_state__rosidl_typesupport_fastrtps_cpp.hpp
[0.517s] -- Up-to-date: /home/yc/Documents/ROS2/ros_robot_controller-ros2/install/ros_robot_controller_msgs/include/ros_robot_controller_msgs/ros_robot_controller_msgs/srv
[0.517s] -- Up-to-date: /home/yc/Documents/ROS2/ros_robot_controller-ros2/install/ros_robot_controller_msgs/include/ros_robot_controller_msgs/ros_robot_controller_msgs/srv/detail
[0.518s] -- Up-to-date: /home/yc/Documents/ROS2/ros_robot_controller-ros2/install/ros_robot_controller_msgs/include/ros_robot_controller_msgs/ros_robot_controller_msgs/srv/detail/get_bus_servo_state__rosidl_typesupport_fastrtps_cpp.hpp
[0.518s] -- Up-to-date: /home/yc/Documents/ROS2/ros_robot_controller-ros2/install/ros_robot_controller_msgs/include/ros_robot_controller_msgs/ros_robot_controller_msgs/srv/detail/get_pwm_servo_state__rosidl_typesupport_fastrtps_cpp.hpp
[0.518s] -- Up-to-date: /home/yc/Documents/ROS2/ros_robot_controller-ros2/install/ros_robot_controller_msgs/include/ros_robot_controller_msgs/ros_robot_controller_msgs/srv/detail/dds_fastrtps
[0.518s] -- Up-to-date: /home/yc/Documents/ROS2/ros_robot_controller-ros2/install/ros_robot_controller_msgs/lib/libros_robot_controller_msgs__rosidl_typesupport_fastrtps_cpp.so
[0.518s] -- Up-to-date: /home/yc/Documents/ROS2/ros_robot_controller-ros2/install/ros_robot_controller_msgs/include/ros_robot_controller_msgs/ros_robot_controller_msgs
[0.519s] -- Up-to-date: /home/yc/Documents/ROS2/ros_robot_controller-ros2/install/ros_robot_controller_msgs/include/ros_robot_controller_msgs/ros_robot_controller_msgs/msg
[0.519s] -- Up-to-date: /home/yc/Documents/ROS2/ros_robot_controller-ros2/install/ros_robot_controller_msgs/include/ros_robot_controller_msgs/ros_robot_controller_msgs/msg/rosidl_typesupport_introspection_c__visibility_control.h
[0.519s] -- Up-to-date: /home/yc/Documents/ROS2/ros_robot_controller-ros2/install/ros_robot_controller_msgs/include/ros_robot_controller_msgs/ros_robot_controller_msgs/msg/detail
[0.519s] -- Up-to-date: /home/yc/Documents/ROS2/ros_robot_controller-ros2/install/ros_robot_controller_msgs/include/ros_robot_controller_msgs/ros_robot_controller_msgs/msg/detail/bus_servo_state__rosidl_typesupport_introspection_c.h
[0.519s] -- Up-to-date: /home/yc/Documents/ROS2/ros_robot_controller-ros2/install/ros_robot_controller_msgs/include/ros_robot_controller_msgs/ros_robot_controller_msgs/msg/detail/get_bus_servo_cmd__rosidl_typesupport_introspection_c.h
[0.520s] -- Up-to-date: /home/yc/Documents/ROS2/ros_robot_controller-ros2/install/ros_robot_controller_msgs/include/ros_robot_controller_msgs/ros_robot_controller_msgs/msg/detail/led_state__type_support.c
[0.520s] -- Up-to-date: /home/yc/Documents/ROS2/ros_robot_controller-ros2/install/ros_robot_controller_msgs/include/ros_robot_controller_msgs/ros_robot_controller_msgs/msg/detail/get_pwm_servo_cmd__rosidl_typesupport_introspection_c.h
[0.520s] -- Up-to-date: /home/yc/Documents/ROS2/ros_robot_controller-ros2/install/ros_robot_controller_msgs/include/ros_robot_controller_msgs/ros_robot_controller_msgs/msg/detail/led_state__rosidl_typesupport_introspection_c.h
[0.520s] -- Up-to-date: /home/yc/Documents/ROS2/ros_robot_controller-ros2/install/ros_robot_controller_msgs/include/ros_robot_controller_msgs/ros_robot_controller_msgs/msg/detail/bus_servo_state__type_support.c
[0.520s] -- Up-to-date: /home/yc/Documents/ROS2/ros_robot_controller-ros2/install/ros_robot_controller_msgs/include/ros_robot_controller_msgs/ros_robot_controller_msgs/msg/detail/pwm_servo_state__rosidl_typesupport_introspection_c.h
[0.521s] -- Up-to-date: /home/yc/Documents/ROS2/ros_robot_controller-ros2/install/ros_robot_controller_msgs/include/ros_robot_controller_msgs/ros_robot_controller_msgs/msg/detail/pwm_servo_state__type_support.c
[0.521s] -- Up-to-date: /home/yc/Documents/ROS2/ros_robot_controller-ros2/install/ros_robot_controller_msgs/include/ros_robot_controller_msgs/ros_robot_controller_msgs/msg/detail/set_pwm_servo_state__rosidl_typesupport_introspection_c.h
[0.521s] -- Up-to-date: /home/yc/Documents/ROS2/ros_robot_controller-ros2/install/ros_robot_controller_msgs/include/ros_robot_controller_msgs/ros_robot_controller_msgs/msg/detail/set_pwm_servo_state__type_support.c
[0.521s] -- Up-to-date: /home/yc/Documents/ROS2/ros_robot_controller-ros2/install/ros_robot_controller_msgs/include/ros_robot_controller_msgs/ros_robot_controller_msgs/msg/detail/button_state__rosidl_typesupport_introspection_c.h
[0.521s] -- Up-to-date: /home/yc/Documents/ROS2/ros_robot_controller-ros2/install/ros_robot_controller_msgs/include/ros_robot_controller_msgs/ros_robot_controller_msgs/msg/detail/set_bus_servo_state__rosidl_typesupport_introspection_c.h
[0.522s] -- Up-to-date: /home/yc/Documents/ROS2/ros_robot_controller-ros2/install/ros_robot_controller_msgs/include/ros_robot_controller_msgs/ros_robot_controller_msgs/msg/detail/buzzer_state__rosidl_typesupport_introspection_c.h
[0.522s] -- Up-to-date: /home/yc/Documents/ROS2/ros_robot_controller-ros2/install/ros_robot_controller_msgs/include/ros_robot_controller_msgs/ros_robot_controller_msgs/msg/detail/motors_state__type_support.c
[0.522s] -- Up-to-date: /home/yc/Documents/ROS2/ros_robot_controller-ros2/install/ros_robot_controller_msgs/include/ros_robot_controller_msgs/ros_robot_controller_msgs/msg/detail/button_state__type_support.c
[0.522s] -- Up-to-date: /home/yc/Documents/ROS2/ros_robot_controller-ros2/install/ros_robot_controller_msgs/include/ros_robot_controller_msgs/ros_robot_controller_msgs/msg/detail/buzzer_state__type_support.c
[0.522s] -- Up-to-date: /home/yc/Documents/ROS2/ros_robot_controller-ros2/install/ros_robot_controller_msgs/include/ros_robot_controller_msgs/ros_robot_controller_msgs/msg/detail/motor_state__type_support.c
[0.522s] -- Up-to-date: /home/yc/Documents/ROS2/ros_robot_controller-ros2/install/ros_robot_controller_msgs/include/ros_robot_controller_msgs/ros_robot_controller_msgs/msg/detail/sbus__type_support.c
[0.523s] -- Up-to-date: /home/yc/Documents/ROS2/ros_robot_controller-ros2/install/ros_robot_controller_msgs/include/ros_robot_controller_msgs/ros_robot_controller_msgs/msg/detail/sbus__rosidl_typesupport_introspection_c.h
[0.523s] -- Up-to-date: /home/yc/Documents/ROS2/ros_robot_controller-ros2/install/ros_robot_controller_msgs/include/ros_robot_controller_msgs/ros_robot_controller_msgs/msg/detail/set_bus_servo_state__type_support.c
[0.523s] -- Up-to-date: /home/yc/Documents/ROS2/ros_robot_controller-ros2/install/ros_robot_controller_msgs/include/ros_robot_controller_msgs/ros_robot_controller_msgs/msg/detail/motors_state__rosidl_typesupport_introspection_c.h
[0.523s] -- Up-to-date: /home/yc/Documents/ROS2/ros_robot_controller-ros2/install/ros_robot_controller_msgs/include/ros_robot_controller_msgs/ros_robot_controller_msgs/msg/detail/get_bus_servo_cmd__type_support.c
[0.523s] -- Up-to-date: /home/yc/Documents/ROS2/ros_robot_controller-ros2/install/ros_robot_controller_msgs/include/ros_robot_controller_msgs/ros_robot_controller_msgs/msg/detail/get_pwm_servo_cmd__type_support.c
[0.523s] -- Up-to-date: /home/yc/Documents/ROS2/ros_robot_controller-ros2/install/ros_robot_controller_msgs/include/ros_robot_controller_msgs/ros_robot_controller_msgs/msg/detail/motor_state__rosidl_typesupport_introspection_c.h
[0.523s] -- Up-to-date: /home/yc/Documents/ROS2/ros_robot_controller-ros2/install/ros_robot_controller_msgs/include/ros_robot_controller_msgs/ros_robot_controller_msgs/srv
[0.523s] -- Up-to-date: /home/yc/Documents/ROS2/ros_robot_controller-ros2/install/ros_robot_controller_msgs/include/ros_robot_controller_msgs/ros_robot_controller_msgs/srv/detail
[0.523s] -- Up-to-date: /home/yc/Documents/ROS2/ros_robot_controller-ros2/install/ros_robot_controller_msgs/include/ros_robot_controller_msgs/ros_robot_controller_msgs/srv/detail/get_pwm_servo_state__rosidl_typesupport_introspection_c.h
[0.524s] -- Up-to-date: /home/yc/Documents/ROS2/ros_robot_controller-ros2/install/ros_robot_controller_msgs/include/ros_robot_controller_msgs/ros_robot_controller_msgs/srv/detail/get_bus_servo_state__type_support.c
[0.524s] -- Up-to-date: /home/yc/Documents/ROS2/ros_robot_controller-ros2/install/ros_robot_controller_msgs/include/ros_robot_controller_msgs/ros_robot_controller_msgs/srv/detail/get_pwm_servo_state__type_support.c
[0.524s] -- Up-to-date: /home/yc/Documents/ROS2/ros_robot_controller-ros2/install/ros_robot_controller_msgs/include/ros_robot_controller_msgs/ros_robot_controller_msgs/srv/detail/get_bus_servo_state__rosidl_typesupport_introspection_c.h
[0.524s] -- Up-to-date: /home/yc/Documents/ROS2/ros_robot_controller-ros2/install/ros_robot_controller_msgs/lib/libros_robot_controller_msgs__rosidl_typesupport_introspection_c.so
[0.524s] -- Up-to-date: /home/yc/Documents/ROS2/ros_robot_controller-ros2/install/ros_robot_controller_msgs/lib/libros_robot_controller_msgs__rosidl_typesupport_c.so
[0.524s] -- Up-to-date: /home/yc/Documents/ROS2/ros_robot_controller-ros2/install/ros_robot_controller_msgs/include/ros_robot_controller_msgs/ros_robot_controller_msgs
[0.524s] -- Up-to-date: /home/yc/Documents/ROS2/ros_robot_controller-ros2/install/ros_robot_controller_msgs/include/ros_robot_controller_msgs/ros_robot_controller_msgs/msg
[0.524s] -- Up-to-date: /home/yc/Documents/ROS2/ros_robot_controller-ros2/install/ros_robot_controller_msgs/include/ros_robot_controller_msgs/ros_robot_controller_msgs/msg/detail
[0.524s] -- Up-to-date: /home/yc/Documents/ROS2/ros_robot_controller-ros2/install/ros_robot_controller_msgs/include/ros_robot_controller_msgs/ros_robot_controller_msgs/msg/detail/set_pwm_servo_state__type_support.cpp
[0.524s] -- Up-to-date: /home/yc/Documents/ROS2/ros_robot_controller-ros2/install/ros_robot_controller_msgs/include/ros_robot_controller_msgs/ros_robot_controller_msgs/msg/detail/set_bus_servo_state__rosidl_typesupport_introspection_cpp.hpp
[0.524s] -- Up-to-date: /home/yc/Documents/ROS2/ros_robot_controller-ros2/install/ros_robot_controller_msgs/include/ros_robot_controller_msgs/ros_robot_controller_msgs/msg/detail/buzzer_state__type_support.cpp
[0.524s] -- Up-to-date: /home/yc/Documents/ROS2/ros_robot_controller-ros2/install/ros_robot_controller_msgs/include/ros_robot_controller_msgs/ros_robot_controller_msgs/msg/detail/get_bus_servo_cmd__type_support.cpp
[0.524s] -- Up-to-date: /home/yc/Documents/ROS2/ros_robot_controller-ros2/install/ros_robot_controller_msgs/include/ros_robot_controller_msgs/ros_robot_controller_msgs/msg/detail/get_bus_servo_cmd__rosidl_typesupport_introspection_cpp.hpp
[0.524s] -- Up-to-date: /home/yc/Documents/ROS2/ros_robot_controller-ros2/install/ros_robot_controller_msgs/include/ros_robot_controller_msgs/ros_robot_controller_msgs/msg/detail/led_state__type_support.cpp
[0.524s] -- Up-to-date: /home/yc/Documents/ROS2/ros_robot_controller-ros2/install/ros_robot_controller_msgs/include/ros_robot_controller_msgs/ros_robot_controller_msgs/msg/detail/motors_state__rosidl_typesupport_introspection_cpp.hpp
[0.525s] -- Up-to-date: /home/yc/Documents/ROS2/ros_robot_controller-ros2/install/ros_robot_controller_msgs/include/ros_robot_controller_msgs/ros_robot_controller_msgs/msg/detail/sbus__rosidl_typesupport_introspection_cpp.hpp
[0.525s] -- Up-to-date: /home/yc/Documents/ROS2/ros_robot_controller-ros2/install/ros_robot_controller_msgs/include/ros_robot_controller_msgs/ros_robot_controller_msgs/msg/detail/button_state__rosidl_typesupport_introspection_cpp.hpp
[0.525s] -- Up-to-date: /home/yc/Documents/ROS2/ros_robot_controller-ros2/install/ros_robot_controller_msgs/include/ros_robot_controller_msgs/ros_robot_controller_msgs/msg/detail/bus_servo_state__type_support.cpp
[0.525s] -- Up-to-date: /home/yc/Documents/ROS2/ros_robot_controller-ros2/install/ros_robot_controller_msgs/include/ros_robot_controller_msgs/ros_robot_controller_msgs/msg/detail/button_state__type_support.cpp
[0.525s] -- Up-to-date: /home/yc/Documents/ROS2/ros_robot_controller-ros2/install/ros_robot_controller_msgs/include/ros_robot_controller_msgs/ros_robot_controller_msgs/msg/detail/get_pwm_servo_cmd__rosidl_typesupport_introspection_cpp.hpp
[0.525s] -- Up-to-date: /home/yc/Documents/ROS2/ros_robot_controller-ros2/install/ros_robot_controller_msgs/include/ros_robot_controller_msgs/ros_robot_controller_msgs/msg/detail/pwm_servo_state__rosidl_typesupport_introspection_cpp.hpp
[0.525s] -- Up-to-date: /home/yc/Documents/ROS2/ros_robot_controller-ros2/install/ros_robot_controller_msgs/include/ros_robot_controller_msgs/ros_robot_controller_msgs/msg/detail/motors_state__type_support.cpp
[0.525s] -- Up-to-date: /home/yc/Documents/ROS2/ros_robot_controller-ros2/install/ros_robot_controller_msgs/include/ros_robot_controller_msgs/ros_robot_controller_msgs/msg/detail/pwm_servo_state__type_support.cpp
[0.525s] -- Up-to-date: /home/yc/Documents/ROS2/ros_robot_controller-ros2/install/ros_robot_controller_msgs/include/ros_robot_controller_msgs/ros_robot_controller_msgs/msg/detail/motor_state__type_support.cpp
[0.525s] -- Up-to-date: /home/yc/Documents/ROS2/ros_robot_controller-ros2/install/ros_robot_controller_msgs/include/ros_robot_controller_msgs/ros_robot_controller_msgs/msg/detail/set_bus_servo_state__type_support.cpp
[0.525s] -- Up-to-date: /home/yc/Documents/ROS2/ros_robot_controller-ros2/install/ros_robot_controller_msgs/include/ros_robot_controller_msgs/ros_robot_controller_msgs/msg/detail/motor_state__rosidl_typesupport_introspection_cpp.hpp
[0.525s] -- Up-to-date: /home/yc/Documents/ROS2/ros_robot_controller-ros2/install/ros_robot_controller_msgs/include/ros_robot_controller_msgs/ros_robot_controller_msgs/msg/detail/led_state__rosidl_typesupport_introspection_cpp.hpp
[0.525s] -- Up-to-date: /home/yc/Documents/ROS2/ros_robot_controller-ros2/install/ros_robot_controller_msgs/include/ros_robot_controller_msgs/ros_robot_controller_msgs/msg/detail/bus_servo_state__rosidl_typesupport_introspection_cpp.hpp
[0.525s] -- Up-to-date: /home/yc/Documents/ROS2/ros_robot_controller-ros2/install/ros_robot_controller_msgs/include/ros_robot_controller_msgs/ros_robot_controller_msgs/msg/detail/get_pwm_servo_cmd__type_support.cpp
[0.525s] -- Up-to-date: /home/yc/Documents/ROS2/ros_robot_controller-ros2/install/ros_robot_controller_msgs/include/ros_robot_controller_msgs/ros_robot_controller_msgs/msg/detail/sbus__type_support.cpp
[0.525s] -- Up-to-date: /home/yc/Documents/ROS2/ros_robot_controller-ros2/install/ros_robot_controller_msgs/include/ros_robot_controller_msgs/ros_robot_controller_msgs/msg/detail/buzzer_state__rosidl_typesupport_introspection_cpp.hpp
[0.526s] -- Up-to-date: /home/yc/Documents/ROS2/ros_robot_controller-ros2/install/ros_robot_controller_msgs/include/ros_robot_controller_msgs/ros_robot_controller_msgs/msg/detail/set_pwm_servo_state__rosidl_typesupport_introspection_cpp.hpp
[0.526s] -- Up-to-date: /home/yc/Documents/ROS2/ros_robot_controller-ros2/install/ros_robot_controller_msgs/include/ros_robot_controller_msgs/ros_robot_controller_msgs/srv
[0.526s] -- Up-to-date: /home/yc/Documents/ROS2/ros_robot_controller-ros2/install/ros_robot_controller_msgs/include/ros_robot_controller_msgs/ros_robot_controller_msgs/srv/detail
[0.526s] -- Up-to-date: /home/yc/Documents/ROS2/ros_robot_controller-ros2/install/ros_robot_controller_msgs/include/ros_robot_controller_msgs/ros_robot_controller_msgs/srv/detail/get_pwm_servo_state__type_support.cpp
[0.526s] -- Up-to-date: /home/yc/Documents/ROS2/ros_robot_controller-ros2/install/ros_robot_controller_msgs/include/ros_robot_controller_msgs/ros_robot_controller_msgs/srv/detail/get_bus_servo_state__rosidl_typesupport_introspection_cpp.hpp
[0.526s] -- Up-to-date: /home/yc/Documents/ROS2/ros_robot_controller-ros2/install/ros_robot_controller_msgs/include/ros_robot_controller_msgs/ros_robot_controller_msgs/srv/detail/get_pwm_servo_state__rosidl_typesupport_introspection_cpp.hpp
[0.526s] -- Up-to-date: /home/yc/Documents/ROS2/ros_robot_controller-ros2/install/ros_robot_controller_msgs/include/ros_robot_controller_msgs/ros_robot_controller_msgs/srv/detail/get_bus_servo_state__type_support.cpp
[0.526s] -- Up-to-date: /home/yc/Documents/ROS2/ros_robot_controller-ros2/install/ros_robot_controller_msgs/lib/libros_robot_controller_msgs__rosidl_typesupport_introspection_cpp.so
[0.526s] -- Up-to-date: /home/yc/Documents/ROS2/ros_robot_controller-ros2/install/ros_robot_controller_msgs/lib/libros_robot_controller_msgs__rosidl_typesupport_cpp.so
[0.526s] -- Up-to-date: /home/yc/Documents/ROS2/ros_robot_controller-ros2/install/ros_robot_controller_msgs/share/ros_robot_controller_msgs/environment/pythonpath.sh
[0.526s] -- Up-to-date: /home/yc/Documents/ROS2/ros_robot_controller-ros2/install/ros_robot_controller_msgs/share/ros_robot_controller_msgs/environment/pythonpath.dsv
[0.526s] -- Up-to-date: /home/yc/Documents/ROS2/ros_robot_controller-ros2/install/ros_robot_controller_msgs/lib/python3.12/site-packages/ros_robot_controller_msgs-0.0.0-py3.12.egg-info
[0.526s] -- Installing: /home/yc/Documents/ROS2/ros_robot_controller-ros2/install/ros_robot_controller_msgs/lib/python3.12/site-packages/ros_robot_controller_msgs-0.0.0-py3.12.egg-info/PKG-INFO
[0.526s] -- Installing: /home/yc/Documents/ROS2/ros_robot_controller-ros2/install/ros_robot_controller_msgs/lib/python3.12/site-packages/ros_robot_controller_msgs-0.0.0-py3.12.egg-info/SOURCES.txt
[0.526s] -- Installing: /home/yc/Documents/ROS2/ros_robot_controller-ros2/install/ros_robot_controller_msgs/lib/python3.12/site-packages/ros_robot_controller_msgs-0.0.0-py3.12.egg-info/top_level.txt
[0.527s] -- Installing: /home/yc/Documents/ROS2/ros_robot_controller-ros2/install/ros_robot_controller_msgs/lib/python3.12/site-packages/ros_robot_controller_msgs-0.0.0-py3.12.egg-info/dependency_links.txt
[0.527s] -- Up-to-date: /home/yc/Documents/ROS2/ros_robot_controller-ros2/install/ros_robot_controller_msgs/lib/python3.12/site-packages/ros_robot_controller_msgs
[0.527s] -- Up-to-date: /home/yc/Documents/ROS2/ros_robot_controller-ros2/install/ros_robot_controller_msgs/lib/python3.12/site-packages/ros_robot_controller_msgs/ros_robot_controller_msgs_s__rosidl_typesupport_fastrtps_c.so
[0.527s] -- Up-to-date: /home/yc/Documents/ROS2/ros_robot_controller-ros2/install/ros_robot_controller_msgs/lib/python3.12/site-packages/ros_robot_controller_msgs/_ros_robot_controller_msgs_s.ep.rosidl_typesupport_introspection_c.c
[0.527s] -- Up-to-date: /home/yc/Documents/ROS2/ros_robot_controller-ros2/install/ros_robot_controller_msgs/lib/python3.12/site-packages/ros_robot_controller_msgs/msg
[0.527s] -- Up-to-date: /home/yc/Documents/ROS2/ros_robot_controller-ros2/install/ros_robot_controller_msgs/lib/python3.12/site-packages/ros_robot_controller_msgs/msg/_pwm_servo_state_s.c
[0.527s] -- Up-to-date: /home/yc/Documents/ROS2/ros_robot_controller-ros2/install/ros_robot_controller_msgs/lib/python3.12/site-packages/ros_robot_controller_msgs/msg/_bus_servo_state_s.c
[0.527s] -- Up-to-date: /home/yc/Documents/ROS2/ros_robot_controller-ros2/install/ros_robot_controller_msgs/lib/python3.12/site-packages/ros_robot_controller_msgs/msg/_set_bus_servo_state.py
[0.527s] -- Up-to-date: /home/yc/Documents/ROS2/ros_robot_controller-ros2/install/ros_robot_controller_msgs/lib/python3.12/site-packages/ros_robot_controller_msgs/msg/_led_state_s.c
[0.527s] -- Up-to-date: /home/yc/Documents/ROS2/ros_robot_controller-ros2/install/ros_robot_controller_msgs/lib/python3.12/site-packages/ros_robot_controller_msgs/msg/_get_pwm_servo_cmd_s.c
[0.527s] -- Up-to-date: /home/yc/Documents/ROS2/ros_robot_controller-ros2/install/ros_robot_controller_msgs/lib/python3.12/site-packages/ros_robot_controller_msgs/msg/_set_pwm_servo_state.py
[0.527s] -- Up-to-date: /home/yc/Documents/ROS2/ros_robot_controller-ros2/install/ros_robot_controller_msgs/lib/python3.12/site-packages/ros_robot_controller_msgs/msg/_get_pwm_servo_cmd.py
[0.527s] -- Up-to-date: /home/yc/Documents/ROS2/ros_robot_controller-ros2/install/ros_robot_controller_msgs/lib/python3.12/site-packages/ros_robot_controller_msgs/msg/_set_pwm_servo_state_s.c
[0.527s] -- Up-to-date: /home/yc/Documents/ROS2/ros_robot_controller-ros2/install/ros_robot_controller_msgs/lib/python3.12/site-packages/ros_robot_controller_msgs/msg/_buzzer_state.py
[0.527s] -- Up-to-date: /home/yc/Documents/ROS2/ros_robot_controller-ros2/install/ros_robot_controller_msgs/lib/python3.12/site-packages/ros_robot_controller_msgs/msg/_button_state_s.c
[0.528s] -- Up-to-date: /home/yc/Documents/ROS2/ros_robot_controller-ros2/install/ros_robot_controller_msgs/lib/python3.12/site-packages/ros_robot_controller_msgs/msg/_get_bus_servo_cmd.py
[0.528s] -- Up-to-date: /home/yc/Documents/ROS2/ros_robot_controller-ros2/install/ros_robot_controller_msgs/lib/python3.12/site-packages/ros_robot_controller_msgs/msg/_motors_state.py
[0.528s] -- Up-to-date: /home/yc/Documents/ROS2/ros_robot_controller-ros2/install/ros_robot_controller_msgs/lib/python3.12/site-packages/ros_robot_controller_msgs/msg/_motors_state_s.c
[0.528s] -- Up-to-date: /home/yc/Documents/ROS2/ros_robot_controller-ros2/install/ros_robot_controller_msgs/lib/python3.12/site-packages/ros_robot_controller_msgs/msg/_bus_servo_state.py
[0.528s] -- Up-to-date: /home/yc/Documents/ROS2/ros_robot_controller-ros2/install/ros_robot_controller_msgs/lib/python3.12/site-packages/ros_robot_controller_msgs/msg/_led_state.py
[0.528s] -- Up-to-date: /home/yc/Documents/ROS2/ros_robot_controller-ros2/install/ros_robot_controller_msgs/lib/python3.12/site-packages/ros_robot_controller_msgs/msg/_pwm_servo_state.py
[0.528s] -- Up-to-date: /home/yc/Documents/ROS2/ros_robot_controller-ros2/install/ros_robot_controller_msgs/lib/python3.12/site-packages/ros_robot_controller_msgs/msg/_motor_state.py
[0.528s] -- Up-to-date: /home/yc/Documents/ROS2/ros_robot_controller-ros2/install/ros_robot_controller_msgs/lib/python3.12/site-packages/ros_robot_controller_msgs/msg/__init__.py
[0.528s] -- Up-to-date: /home/yc/Documents/ROS2/ros_robot_controller-ros2/install/ros_robot_controller_msgs/lib/python3.12/site-packages/ros_robot_controller_msgs/msg/_button_state.py
[0.528s] -- Up-to-date: /home/yc/Documents/ROS2/ros_robot_controller-ros2/install/ros_robot_controller_msgs/lib/python3.12/site-packages/ros_robot_controller_msgs/msg/_get_bus_servo_cmd_s.c
[0.528s] -- Up-to-date: /home/yc/Documents/ROS2/ros_robot_controller-ros2/install/ros_robot_controller_msgs/lib/python3.12/site-packages/ros_robot_controller_msgs/msg/_sbus.py
[0.528s] -- Up-to-date: /home/yc/Documents/ROS2/ros_robot_controller-ros2/install/ros_robot_controller_msgs/lib/python3.12/site-packages/ros_robot_controller_msgs/msg/_buzzer_state_s.c
[0.528s] -- Up-to-date: /home/yc/Documents/ROS2/ros_robot_controller-ros2/install/ros_robot_controller_msgs/lib/python3.12/site-packages/ros_robot_controller_msgs/msg/_set_bus_servo_state_s.c
[0.528s] -- Up-to-date: /home/yc/Documents/ROS2/ros_robot_controller-ros2/install/ros_robot_controller_msgs/lib/python3.12/site-packages/ros_robot_controller_msgs/msg/_sbus_s.c
[0.528s] -- Up-to-date: /home/yc/Documents/ROS2/ros_robot_controller-ros2/install/ros_robot_controller_msgs/lib/python3.12/site-packages/ros_robot_controller_msgs/msg/_motor_state_s.c
[0.528s] -- Up-to-date: /home/yc/Documents/ROS2/ros_robot_controller-ros2/install/ros_robot_controller_msgs/lib/python3.12/site-packages/ros_robot_controller_msgs/_ros_robot_controller_msgs_s.ep.rosidl_typesupport_fastrtps_c.c
[0.529s] -- Up-to-date: /home/yc/Documents/ROS2/ros_robot_controller-ros2/install/ros_robot_controller_msgs/lib/python3.12/site-packages/ros_robot_controller_msgs/ros_robot_controller_msgs_s__rosidl_typesupport_introspection_c.so
[0.529s] -- Up-to-date: /home/yc/Documents/ROS2/ros_robot_controller-ros2/install/ros_robot_controller_msgs/lib/python3.12/site-packages/ros_robot_controller_msgs/_ros_robot_controller_msgs_s.ep.rosidl_typesupport_c.c
[0.529s] -- Up-to-date: /home/yc/Documents/ROS2/ros_robot_controller-ros2/install/ros_robot_controller_msgs/lib/python3.12/site-packages/ros_robot_controller_msgs/ros_robot_controller_msgs_s__rosidl_typesupport_c.so
[0.529s] -- Up-to-date: /home/yc/Documents/ROS2/ros_robot_controller-ros2/install/ros_robot_controller_msgs/lib/python3.12/site-packages/ros_robot_controller_msgs/__init__.py
[0.529s] -- Up-to-date: /home/yc/Documents/ROS2/ros_robot_controller-ros2/install/ros_robot_controller_msgs/lib/python3.12/site-packages/ros_robot_controller_msgs/srv
[0.529s] -- Up-to-date: /home/yc/Documents/ROS2/ros_robot_controller-ros2/install/ros_robot_controller_msgs/lib/python3.12/site-packages/ros_robot_controller_msgs/srv/_get_pwm_servo_state_s.c
[0.529s] -- Up-to-date: /home/yc/Documents/ROS2/ros_robot_controller-ros2/install/ros_robot_controller_msgs/lib/python3.12/site-packages/ros_robot_controller_msgs/srv/_get_pwm_servo_state.py
[0.529s] -- Up-to-date: /home/yc/Documents/ROS2/ros_robot_controller-ros2/install/ros_robot_controller_msgs/lib/python3.12/site-packages/ros_robot_controller_msgs/srv/_get_bus_servo_state.py
[0.529s] -- Up-to-date: /home/yc/Documents/ROS2/ros_robot_controller-ros2/install/ros_robot_controller_msgs/lib/python3.12/site-packages/ros_robot_controller_msgs/srv/_get_bus_servo_state_s.c
[0.529s] -- Up-to-date: /home/yc/Documents/ROS2/ros_robot_controller-ros2/install/ros_robot_controller_msgs/lib/python3.12/site-packages/ros_robot_controller_msgs/srv/__init__.py
[0.532s] Listing '/home/yc/Documents/ROS2/ros_robot_controller-ros2/install/ros_robot_controller_msgs/lib/python3.12/site-packages/ros_robot_controller_msgs'...
[0.532s] Listing '/home/yc/Documents/ROS2/ros_robot_controller-ros2/install/ros_robot_controller_msgs/lib/python3.12/site-packages/ros_robot_controller_msgs/msg'...
[0.532s] Listing '/home/yc/Documents/ROS2/ros_robot_controller-ros2/install/ros_robot_controller_msgs/lib/python3.12/site-packages/ros_robot_controller_msgs/srv'...
[0.538s] -- Up-to-date: /home/yc/Documents/ROS2/ros_robot_controller-ros2/install/ros_robot_controller_msgs/lib/python3.12/site-packages/ros_robot_controller_msgs/ros_robot_controller_msgs_s__rosidl_typesupport_fastrtps_c.so
[0.539s] -- Up-to-date: /home/yc/Documents/ROS2/ros_robot_controller-ros2/install/ros_robot_controller_msgs/lib/python3.12/site-packages/ros_robot_controller_msgs/ros_robot_controller_msgs_s__rosidl_typesupport_introspection_c.so
[0.539s] -- Up-to-date: /home/yc/Documents/ROS2/ros_robot_controller-ros2/install/ros_robot_controller_msgs/lib/python3.12/site-packages/ros_robot_controller_msgs/ros_robot_controller_msgs_s__rosidl_typesupport_c.so
[0.540s] -- Up-to-date: /home/yc/Documents/ROS2/ros_robot_controller-ros2/install/ros_robot_controller_msgs/lib/libros_robot_controller_msgs__rosidl_generator_py.so
[0.540s] -- Up-to-date: /home/yc/Documents/ROS2/ros_robot_controller-ros2/install/ros_robot_controller_msgs/share/ros_robot_controller_msgs/msg/BusServoState.idl
[0.540s] -- Up-to-date: /home/yc/Documents/ROS2/ros_robot_controller-ros2/install/ros_robot_controller_msgs/share/ros_robot_controller_msgs/msg/ButtonState.idl
[0.540s] -- Up-to-date: /home/yc/Documents/ROS2/ros_robot_controller-ros2/install/ros_robot_controller_msgs/share/ros_robot_controller_msgs/msg/BuzzerState.idl
[0.540s] -- Up-to-date: /home/yc/Documents/ROS2/ros_robot_controller-ros2/install/ros_robot_controller_msgs/share/ros_robot_controller_msgs/msg/LedState.idl
[0.541s] -- Up-to-date: /home/yc/Documents/ROS2/ros_robot_controller-ros2/install/ros_robot_controller_msgs/share/ros_robot_controller_msgs/msg/MotorState.idl
[0.541s] -- Up-to-date: /home/yc/Documents/ROS2/ros_robot_controller-ros2/install/ros_robot_controller_msgs/share/ros_robot_controller_msgs/msg/MotorsState.idl
[0.541s] -- Up-to-date: /home/yc/Documents/ROS2/ros_robot_controller-ros2/install/ros_robot_controller_msgs/share/ros_robot_controller_msgs/msg/PWMServoState.idl
[0.541s] -- Up-to-date: /home/yc/Documents/ROS2/ros_robot_controller-ros2/install/ros_robot_controller_msgs/share/ros_robot_controller_msgs/msg/Sbus.idl
[0.541s] -- Up-to-date: /home/yc/Documents/ROS2/ros_robot_controller-ros2/install/ros_robot_controller_msgs/share/ros_robot_controller_msgs/msg/SetBusServoState.idl
[0.541s] -- Up-to-date: /home/yc/Documents/ROS2/ros_robot_controller-ros2/install/ros_robot_controller_msgs/share/ros_robot_controller_msgs/msg/SetPWMServoState.idl
[0.541s] -- Up-to-date: /home/yc/Documents/ROS2/ros_robot_controller-ros2/install/ros_robot_controller_msgs/share/ros_robot_controller_msgs/msg/GetBusServoCmd.idl
[0.541s] -- Up-to-date: /home/yc/Documents/ROS2/ros_robot_controller-ros2/install/ros_robot_controller_msgs/share/ros_robot_controller_msgs/msg/GetPWMServoCmd.idl
[0.541s] -- Up-to-date: /home/yc/Documents/ROS2/ros_robot_controller-ros2/install/ros_robot_controller_msgs/share/ros_robot_controller_msgs/srv/GetBusServoState.idl
[0.541s] -- Up-to-date: /home/yc/Documents/ROS2/ros_robot_controller-ros2/install/ros_robot_controller_msgs/share/ros_robot_controller_msgs/srv/GetPWMServoState.idl
[0.541s] -- Up-to-date: /home/yc/Documents/ROS2/ros_robot_controller-ros2/install/ros_robot_controller_msgs/share/ros_robot_controller_msgs/msg/BusServoState.msg
[0.542s] -- Up-to-date: /home/yc/Documents/ROS2/ros_robot_controller-ros2/install/ros_robot_controller_msgs/share/ros_robot_controller_msgs/msg/ButtonState.msg
[0.542s] -- Up-to-date: /home/yc/Documents/ROS2/ros_robot_controller-ros2/install/ros_robot_controller_msgs/share/ros_robot_controller_msgs/msg/BuzzerState.msg
[0.542s] -- Up-to-date: /home/yc/Documents/ROS2/ros_robot_controller-ros2/install/ros_robot_controller_msgs/share/ros_robot_controller_msgs/msg/LedState.msg
[0.542s] -- Up-to-date: /home/yc/Documents/ROS2/ros_robot_controller-ros2/install/ros_robot_controller_msgs/share/ros_robot_controller_msgs/msg/MotorState.msg
[0.542s] -- Up-to-date: /home/yc/Documents/ROS2/ros_robot_controller-ros2/install/ros_robot_controller_msgs/share/ros_robot_controller_msgs/msg/MotorsState.msg
[0.542s] -- Up-to-date: /home/yc/Documents/ROS2/ros_robot_controller-ros2/install/ros_robot_controller_msgs/share/ros_robot_controller_msgs/msg/PWMServoState.msg
[0.542s] -- Up-to-date: /home/yc/Documents/ROS2/ros_robot_controller-ros2/install/ros_robot_controller_msgs/share/ros_robot_controller_msgs/msg/Sbus.msg
[0.542s] -- Up-to-date: /home/yc/Documents/ROS2/ros_robot_controller-ros2/install/ros_robot_controller_msgs/share/ros_robot_controller_msgs/msg/SetBusServoState.msg
[0.543s] -- Up-to-date: /home/yc/Documents/ROS2/ros_robot_controller-ros2/install/ros_robot_controller_msgs/share/ros_robot_controller_msgs/msg/SetPWMServoState.msg
[0.543s] -- Up-to-date: /home/yc/Documents/ROS2/ros_robot_controller-ros2/install/ros_robot_controller_msgs/share/ros_robot_controller_msgs/msg/GetBusServoCmd.msg
[0.543s] -- Up-to-date: /home/yc/Documents/ROS2/ros_robot_controller-ros2/install/ros_robot_controller_msgs/share/ros_robot_controller_msgs/msg/GetPWMServoCmd.msg
[0.543s] -- Up-to-date: /home/yc/Documents/ROS2/ros_robot_controller-ros2/install/ros_robot_controller_msgs/share/ros_robot_controller_msgs/srv/GetBusServoState.srv
[0.543s] -- Up-to-date: /home/yc/Documents/ROS2/ros_robot_controller-ros2/install/ros_robot_controller_msgs/share/ros_robot_controller_msgs/srv/GetPWMServoState.srv
[0.543s] -- Up-to-date: /home/yc/Documents/ROS2/ros_robot_controller-ros2/install/ros_robot_controller_msgs/share/ament_index/resource_index/package_run_dependencies/ros_robot_controller_msgs
[0.543s] -- Up-to-date: /home/yc/Documents/ROS2/ros_robot_controller-ros2/install/ros_robot_controller_msgs/share/ament_index/resource_index/parent_prefix_path/ros_robot_controller_msgs
[0.543s] -- Up-to-date: /home/yc/Documents/ROS2/ros_robot_controller-ros2/install/ros_robot_controller_msgs/share/ros_robot_controller_msgs/environment/ament_prefix_path.sh
[0.543s] -- Up-to-date: /home/yc/Documents/ROS2/ros_robot_controller-ros2/install/ros_robot_controller_msgs/share/ros_robot_controller_msgs/environment/ament_prefix_path.dsv
[0.543s] -- Up-to-date: /home/yc/Documents/ROS2/ros_robot_controller-ros2/install/ros_robot_controller_msgs/share/ros_robot_controller_msgs/environment/path.sh
[0.544s] -- Up-to-date: /home/yc/Documents/ROS2/ros_robot_controller-ros2/install/ros_robot_controller_msgs/share/ros_robot_controller_msgs/environment/path.dsv
[0.544s] -- Up-to-date: /home/yc/Documents/ROS2/ros_robot_controller-ros2/install/ros_robot_controller_msgs/share/ros_robot_controller_msgs/local_setup.bash
[0.544s] -- Up-to-date: /home/yc/Documents/ROS2/ros_robot_controller-ros2/install/ros_robot_controller_msgs/share/ros_robot_controller_msgs/local_setup.sh
[0.544s] -- Up-to-date: /home/yc/Documents/ROS2/ros_robot_controller-ros2/install/ros_robot_controller_msgs/share/ros_robot_controller_msgs/local_setup.zsh
[0.544s] -- Up-to-date: /home/yc/Documents/ROS2/ros_robot_controller-ros2/install/ros_robot_controller_msgs/share/ros_robot_controller_msgs/local_setup.dsv
[0.544s] -- Installing: /home/yc/Documents/ROS2/ros_robot_controller-ros2/install/ros_robot_controller_msgs/share/ros_robot_controller_msgs/package.dsv
[0.544s] -- Up-to-date: /home/yc/Documents/ROS2/ros_robot_controller-ros2/install/ros_robot_controller_msgs/share/ament_index/resource_index/packages/ros_robot_controller_msgs
[0.544s] -- Up-to-date: /home/yc/Documents/ROS2/ros_robot_controller-ros2/install/ros_robot_controller_msgs/share/ros_robot_controller_msgs/cmake/export_ros_robot_controller_msgs__rosidl_generator_cExport.cmake
[0.545s] -- Up-to-date: /home/yc/Documents/ROS2/ros_robot_controller-ros2/install/ros_robot_controller_msgs/share/ros_robot_controller_msgs/cmake/export_ros_robot_controller_msgs__rosidl_generator_cExport-noconfig.cmake
[0.545s] -- Up-to-date: /home/yc/Documents/ROS2/ros_robot_controller-ros2/install/ros_robot_controller_msgs/share/ros_robot_controller_msgs/cmake/export_ros_robot_controller_msgs__rosidl_typesupport_fastrtps_cExport.cmake
[0.545s] -- Up-to-date: /home/yc/Documents/ROS2/ros_robot_controller-ros2/install/ros_robot_controller_msgs/share/ros_robot_controller_msgs/cmake/export_ros_robot_controller_msgs__rosidl_typesupport_fastrtps_cExport-noconfig.cmake
[0.545s] -- Up-to-date: /home/yc/Documents/ROS2/ros_robot_controller-ros2/install/ros_robot_controller_msgs/share/ros_robot_controller_msgs/cmake/export_ros_robot_controller_msgs__rosidl_generator_cppExport.cmake
[0.545s] -- Up-to-date: /home/yc/Documents/ROS2/ros_robot_controller-ros2/install/ros_robot_controller_msgs/share/ros_robot_controller_msgs/cmake/export_ros_robot_controller_msgs__rosidl_typesupport_fastrtps_cppExport.cmake
[0.545s] -- Up-to-date: /home/yc/Documents/ROS2/ros_robot_controller-ros2/install/ros_robot_controller_msgs/share/ros_robot_controller_msgs/cmake/export_ros_robot_controller_msgs__rosidl_typesupport_fastrtps_cppExport-noconfig.cmake
[0.546s] -- Up-to-date: /home/yc/Documents/ROS2/ros_robot_controller-ros2/install/ros_robot_controller_msgs/share/ros_robot_controller_msgs/cmake/ros_robot_controller_msgs__rosidl_typesupport_introspection_cExport.cmake
[0.546s] -- Up-to-date: /home/yc/Documents/ROS2/ros_robot_controller-ros2/install/ros_robot_controller_msgs/share/ros_robot_controller_msgs/cmake/ros_robot_controller_msgs__rosidl_typesupport_introspection_cExport-noconfig.cmake
[0.546s] -- Up-to-date: /home/yc/Documents/ROS2/ros_robot_controller-ros2/install/ros_robot_controller_msgs/share/ros_robot_controller_msgs/cmake/ros_robot_controller_msgs__rosidl_typesupport_cExport.cmake
[0.546s] -- Up-to-date: /home/yc/Documents/ROS2/ros_robot_controller-ros2/install/ros_robot_controller_msgs/share/ros_robot_controller_msgs/cmake/ros_robot_controller_msgs__rosidl_typesupport_cExport-noconfig.cmake
[0.547s] -- Up-to-date: /home/yc/Documents/ROS2/ros_robot_controller-ros2/install/ros_robot_controller_msgs/share/ros_robot_controller_msgs/cmake/ros_robot_controller_msgs__rosidl_typesupport_introspection_cppExport.cmake
[0.547s] -- Up-to-date: /home/yc/Documents/ROS2/ros_robot_controller-ros2/install/ros_robot_controller_msgs/share/ros_robot_controller_msgs/cmake/ros_robot_controller_msgs__rosidl_typesupport_introspection_cppExport-noconfig.cmake
[0.547s] -- Up-to-date: /home/yc/Documents/ROS2/ros_robot_controller-ros2/install/ros_robot_controller_msgs/share/ros_robot_controller_msgs/cmake/ros_robot_controller_msgs__rosidl_typesupport_cppExport.cmake
[0.547s] -- Up-to-date: /home/yc/Documents/ROS2/ros_robot_controller-ros2/install/ros_robot_controller_msgs/share/ros_robot_controller_msgs/cmake/ros_robot_controller_msgs__rosidl_typesupport_cppExport-noconfig.cmake
[0.548s] -- Up-to-date: /home/yc/Documents/ROS2/ros_robot_controller-ros2/install/ros_robot_controller_msgs/share/ros_robot_controller_msgs/cmake/export_ros_robot_controller_msgs__rosidl_generator_pyExport.cmake
[0.548s] -- Up-to-date: /home/yc/Documents/ROS2/ros_robot_controller-ros2/install/ros_robot_controller_msgs/share/ros_robot_controller_msgs/cmake/export_ros_robot_controller_msgs__rosidl_generator_pyExport-noconfig.cmake
[0.548s] -- Up-to-date: /home/yc/Documents/ROS2/ros_robot_controller-ros2/install/ros_robot_controller_msgs/share/ros_robot_controller_msgs/cmake/rosidl_cmake-extras.cmake
[0.548s] -- Up-to-date: /home/yc/Documents/ROS2/ros_robot_controller-ros2/install/ros_robot_controller_msgs/share/ros_robot_controller_msgs/cmake/ament_cmake_export_dependencies-extras.cmake
[0.548s] -- Up-to-date: /home/yc/Documents/ROS2/ros_robot_controller-ros2/install/ros_robot_controller_msgs/share/ros_robot_controller_msgs/cmake/ament_cmake_export_include_directories-extras.cmake
[0.548s] -- Up-to-date: /home/yc/Documents/ROS2/ros_robot_controller-ros2/install/ros_robot_controller_msgs/share/ros_robot_controller_msgs/cmake/ament_cmake_export_libraries-extras.cmake
[0.548s] -- Up-to-date: /home/yc/Documents/ROS2/ros_robot_controller-ros2/install/ros_robot_controller_msgs/share/ros_robot_controller_msgs/cmake/ament_cmake_export_targets-extras.cmake
[0.549s] -- Up-to-date: /home/yc/Documents/ROS2/ros_robot_controller-ros2/install/ros_robot_controller_msgs/share/ros_robot_controller_msgs/cmake/rosidl_cmake_export_typesupport_targets-extras.cmake
[0.549s] -- Up-to-date: /home/yc/Documents/ROS2/ros_robot_controller-ros2/install/ros_robot_controller_msgs/share/ros_robot_controller_msgs/cmake/rosidl_cmake_export_typesupport_libraries-extras.cmake
[0.549s] -- Up-to-date: /home/yc/Documents/ROS2/ros_robot_controller-ros2/install/ros_robot_controller_msgs/share/ros_robot_controller_msgs/cmake/ros_robot_controller_msgsConfig.cmake
[0.549s] -- Up-to-date: /home/yc/Documents/ROS2/ros_robot_controller-ros2/install/ros_robot_controller_msgs/share/ros_robot_controller_msgs/cmake/ros_robot_controller_msgsConfig-version.cmake
[0.549s] -- Up-to-date: /home/yc/Documents/ROS2/ros_robot_controller-ros2/install/ros_robot_controller_msgs/share/ros_robot_controller_msgs/package.xml
[0.552s] Invoked command in '/home/yc/Documents/ROS2/ros_robot_controller-ros2/build/ros_robot_controller_msgs' returned '0': CMAKE_PREFIX_PATH=${CMAKE_PREFIX_PATH}:/opt/ros/jazzy DEBUGINFOD_URLS=https://debuginfod.ubuntu.com /usr/bin/cmake --install /home/yc/Documents/ROS2/ros_robot_controller-ros2/build/ros_robot_controller_msgs
