[0.963s] Invoking command in '/home/yc/Documents/ROS2/ros_robot_controller-ros2/src/ros_robot_controller': AMENT_PREFIX_PATH=/home/yc/Documents/ROS2/ros_robot_controller-ros2/install/ros_robot_controller_msgs:${AMENT_PREFIX_PATH} CMAKE_PREFIX_PATH=/home/yc/Documents/ROS2/ros_robot_controller-ros2/install/ros_robot_controller_msgs:${CMAKE_PREFIX_PATH} DEBUGINFOD_URLS=https://debuginfod.ubuntu.com LD_LIBRARY_PATH=/home/yc/Documents/ROS2/ros_robot_controller-ros2/install/ros_robot_controller_msgs/lib:${LD_LIBRARY_PATH} PYTHONPATH=/home/yc/Documents/ROS2/ros_robot_controller-ros2/build/ros_robot_controller/prefix_override:/usr/lib/python3/dist-packages/colcon_core/task/python/colcon_distutils_commands:/home/yc/Documents/ROS2/ros_robot_controller-ros2/install/ros_robot_controller/lib/python3.12/site-packages:/home/yc/Documents/ROS2/ros_robot_controller-ros2/install/ros_robot_controller_msgs/lib/python3.12/site-packages:${PYTHONPATH} /usr/bin/python3 -W ignore:setup.py install is deprecated -W ignore:easy_install command is deprecated setup.py egg_info --egg-base ../../build/ros_robot_controller build --build-base /home/yc/Documents/ROS2/ros_robot_controller-ros2/build/ros_robot_controller/build install --record /home/yc/Documents/ROS2/ros_robot_controller-ros2/build/ros_robot_controller/install.log --single-version-externally-managed install_data
[1.201s] running egg_info
[1.218s] writing ../../build/ros_robot_controller/ros_robot_controller.egg-info/PKG-INFO
[1.218s] writing dependency_links to ../../build/ros_robot_controller/ros_robot_controller.egg-info/dependency_links.txt
[1.218s] writing entry points to ../../build/ros_robot_controller/ros_robot_controller.egg-info/entry_points.txt
[1.218s] writing requirements to ../../build/ros_robot_controller/ros_robot_controller.egg-info/requires.txt
[1.218s] writing top-level names to ../../build/ros_robot_controller/ros_robot_controller.egg-info/top_level.txt
[1.254s] reading manifest file '../../build/ros_robot_controller/ros_robot_controller.egg-info/SOURCES.txt'
[1.255s] writing manifest file '../../build/ros_robot_controller/ros_robot_controller.egg-info/SOURCES.txt'
[1.255s] running build
[1.255s] running build_py
[1.255s] copying ros_robot_controller/ros_robot_controller_node.py -> /home/yc/Documents/ROS2/ros_robot_controller-ros2/build/ros_robot_controller/build/lib/ros_robot_controller
[1.255s] running install
[1.261s] running install_lib
[1.279s] copying /home/yc/Documents/ROS2/ros_robot_controller-ros2/build/ros_robot_controller/build/lib/ros_robot_controller/ros_robot_controller_node.py -> /home/yc/Documents/ROS2/ros_robot_controller-ros2/install/ros_robot_controller/lib/python3.12/site-packages/ros_robot_controller
[1.279s] byte-compiling /home/yc/Documents/ROS2/ros_robot_controller-ros2/install/ros_robot_controller/lib/python3.12/site-packages/ros_robot_controller/ros_robot_controller_node.py to ros_robot_controller_node.cpython-312.pyc
[1.282s] running install_data
[1.282s] running install_egg_info
[1.299s] removing '/home/yc/Documents/ROS2/ros_robot_controller-ros2/install/ros_robot_controller/lib/python3.12/site-packages/ros_robot_controller-0.0.0-py3.12.egg-info' (and everything under it)
[1.300s] Copying ../../build/ros_robot_controller/ros_robot_controller.egg-info to /home/yc/Documents/ROS2/ros_robot_controller-ros2/install/ros_robot_controller/lib/python3.12/site-packages/ros_robot_controller-0.0.0-py3.12.egg-info
[1.301s] running install_scripts
[1.416s] Installing motor_publisher script to /home/yc/Documents/ROS2/ros_robot_controller-ros2/install/ros_robot_controller/lib/ros_robot_controller
[1.416s] Installing ros_robot_controller script to /home/yc/Documents/ROS2/ros_robot_controller-ros2/install/ros_robot_controller/lib/ros_robot_controller
[1.416s] writing list of installed files to '/home/yc/Documents/ROS2/ros_robot_controller-ros2/build/ros_robot_controller/install.log'
[1.477s] Invoked command in '/home/yc/Documents/ROS2/ros_robot_controller-ros2/src/ros_robot_controller' returned '0': AMENT_PREFIX_PATH=/home/yc/Documents/ROS2/ros_robot_controller-ros2/install/ros_robot_controller_msgs:${AMENT_PREFIX_PATH} CMAKE_PREFIX_PATH=/home/yc/Documents/ROS2/ros_robot_controller-ros2/install/ros_robot_controller_msgs:${CMAKE_PREFIX_PATH} DEBUGINFOD_URLS=https://debuginfod.ubuntu.com LD_LIBRARY_PATH=/home/yc/Documents/ROS2/ros_robot_controller-ros2/install/ros_robot_controller_msgs/lib:${LD_LIBRARY_PATH} PYTHONPATH=/home/yc/Documents/ROS2/ros_robot_controller-ros2/build/ros_robot_controller/prefix_override:/usr/lib/python3/dist-packages/colcon_core/task/python/colcon_distutils_commands:/home/yc/Documents/ROS2/ros_robot_controller-ros2/install/ros_robot_controller/lib/python3.12/site-packages:/home/yc/Documents/ROS2/ros_robot_controller-ros2/install/ros_robot_controller_msgs/lib/python3.12/site-packages:${PYTHONPATH} /usr/bin/python3 -W ignore:setup.py install is deprecated -W ignore:easy_install command is deprecated setup.py egg_info --egg-base ../../build/ros_robot_controller build --build-base /home/yc/Documents/ROS2/ros_robot_controller-ros2/build/ros_robot_controller/build install --record /home/yc/Documents/ROS2/ros_robot_controller-ros2/build/ros_robot_controller/install.log --single-version-externally-managed install_data
