running egg_info
writing ../../build/ros_robot_controller/ros_robot_controller.egg-info/PKG-INFO
writing dependency_links to ../../build/ros_robot_controller/ros_robot_controller.egg-info/dependency_links.txt
writing entry points to ../../build/ros_robot_controller/ros_robot_controller.egg-info/entry_points.txt
writing requirements to ../../build/ros_robot_controller/ros_robot_controller.egg-info/requires.txt
writing top-level names to ../../build/ros_robot_controller/ros_robot_controller.egg-info/top_level.txt
reading manifest file '../../build/ros_robot_controller/ros_robot_controller.egg-info/SOURCES.txt'
writing manifest file '../../build/ros_robot_controller/ros_robot_controller.egg-info/SOURCES.txt'
running build
running build_py
running install
running install_lib
running install_data
running install_egg_info
removing '/home/yc/Documents/ROS2/ros_robot_controller-ros2/install/ros_robot_controller/lib/python3.12/site-packages/ros_robot_controller-0.0.0-py3.12.egg-info' (and everything under it)
Copying ../../build/ros_robot_controller/ros_robot_controller.egg-info to /home/yc/Documents/ROS2/ros_robot_controller-ros2/install/ros_robot_controller/lib/python3.12/site-packages/ros_robot_controller-0.0.0-py3.12.egg-info
running install_scripts
Installing motor_publisher script to /home/yc/Documents/ROS2/ros_robot_controller-ros2/install/ros_robot_controller/lib/ros_robot_controller
Installing ros_robot_controller script to /home/yc/Documents/ROS2/ros_robot_controller-ros2/install/ros_robot_controller/lib/ros_robot_controller
writing list of installed files to '/home/yc/Documents/ROS2/ros_robot_controller-ros2/build/ros_robot_controller/install.log'
