running egg_info
writing ../../build/ros_control_station/ros_control_station.egg-info/PKG-INFO
writing dependency_links to ../../build/ros_control_station/ros_control_station.egg-info/dependency_links.txt
writing entry points to ../../build/ros_control_station/ros_control_station.egg-info/entry_points.txt
writing requirements to ../../build/ros_control_station/ros_control_station.egg-info/requires.txt
writing top-level names to ../../build/ros_control_station/ros_control_station.egg-info/top_level.txt
reading manifest file '../../build/ros_control_station/ros_control_station.egg-info/SOURCES.txt'
writing manifest file '../../build/ros_control_station/ros_control_station.egg-info/SOURCES.txt'
running build
running build_py
running install
running install_lib
running install_data
copying launch/test.launch.py -> /home/yc/Documents/ROS2/ros_robot_controller-ros2/install/ros_control_station/share/ros_control_station/launch
running install_egg_info
removing '/home/yc/Documents/ROS2/ros_robot_controller-ros2/install/ros_control_station/lib/python3.12/site-packages/ros_control_station-0.0.1-py3.12.egg-info' (and everything under it)
Copying ../../build/ros_control_station/ros_control_station.egg-info to /home/yc/Documents/ROS2/ros_robot_controller-ros2/install/ros_control_station/lib/python3.12/site-packages/ros_control_station-0.0.1-py3.12.egg-info
running install_scripts
Installing vehicle_control_station script to /home/yc/Documents/ROS2/ros_robot_controller-ros2/install/ros_control_station/lib/ros_control_station
Installing xbox_controller script to /home/yc/Documents/ROS2/ros_robot_controller-ros2/install/ros_control_station/lib/ros_control_station
writing list of installed files to '/home/yc/Documents/ROS2/ros_robot_controller-ros2/build/ros_control_station/install.log'
