[0.901s] Invoking command in '/home/yc/Documents/ROS2/ros_robot_controller-ros2/src/ros_control_station': DEBUGINFOD_URLS=https://debuginfod.ubuntu.com PYTHONPATH=/home/yc/Documents/ROS2/ros_robot_controller-ros2/build/ros_control_station/prefix_override:/usr/lib/python3/dist-packages/colcon_core/task/python/colcon_distutils_commands:/home/yc/Documents/ROS2/ros_robot_controller-ros2/install/ros_control_station/lib/python3.12/site-packages:/home/yc/Documents/ROS2/ros_robot_controller-ros2/install/ros_robot_controller_msgs/lib/python3.12/site-packages:/home/yc/Documents/ROS2/ros_robot_controller-ros2/install/ros_robot_controller/lib/python3.12/site-packages:/home/yc/Documents/ROS2/ros_robot_controller-ros2/install/ros_control_station/lib/python3.12/site-packages:/opt/ros/jazzy/lib/python3.12/site-packages /usr/bin/python3 -W ignore:setup.py install is deprecated -W ignore:easy_install command is deprecated setup.py egg_info --egg-base ../../build/ros_control_station build --build-base /home/yc/Documents/ROS2/ros_robot_controller-ros2/build/ros_control_station/build install --record /home/yc/Documents/ROS2/ros_robot_controller-ros2/build/ros_control_station/install.log --single-version-externally-managed install_data
[1.123s] running egg_info
[1.140s] writing ../../build/ros_control_station/ros_control_station.egg-info/PKG-INFO
[1.140s] writing dependency_links to ../../build/ros_control_station/ros_control_station.egg-info/dependency_links.txt
[1.140s] writing entry points to ../../build/ros_control_station/ros_control_station.egg-info/entry_points.txt
[1.140s] writing requirements to ../../build/ros_control_station/ros_control_station.egg-info/requires.txt
[1.141s] writing top-level names to ../../build/ros_control_station/ros_control_station.egg-info/top_level.txt
[1.173s] reading manifest file '../../build/ros_control_station/ros_control_station.egg-info/SOURCES.txt'
[1.174s] writing manifest file '../../build/ros_control_station/ros_control_station.egg-info/SOURCES.txt'
[1.174s] running build
[1.174s] running build_py
[1.174s] running install
[1.180s] running install_lib
[1.197s] running install_data
[1.197s] copying launch/test.launch.py -> /home/yc/Documents/ROS2/ros_robot_controller-ros2/install/ros_control_station/share/ros_control_station/launch
[1.197s] running install_egg_info
[1.214s] removing '/home/yc/Documents/ROS2/ros_robot_controller-ros2/install/ros_control_station/lib/python3.12/site-packages/ros_control_station-0.0.1-py3.12.egg-info' (and everything under it)
[1.214s] Copying ../../build/ros_control_station/ros_control_station.egg-info to /home/yc/Documents/ROS2/ros_robot_controller-ros2/install/ros_control_station/lib/python3.12/site-packages/ros_control_station-0.0.1-py3.12.egg-info
[1.215s] running install_scripts
[1.328s] Installing vehicle_control_station script to /home/yc/Documents/ROS2/ros_robot_controller-ros2/install/ros_control_station/lib/ros_control_station
[1.328s] Installing xbox_controller script to /home/yc/Documents/ROS2/ros_robot_controller-ros2/install/ros_control_station/lib/ros_control_station
[1.328s] writing list of installed files to '/home/yc/Documents/ROS2/ros_robot_controller-ros2/build/ros_control_station/install.log'
[1.365s] Invoked command in '/home/yc/Documents/ROS2/ros_robot_controller-ros2/src/ros_control_station' returned '0': DEBUGINFOD_URLS=https://debuginfod.ubuntu.com PYTHONPATH=/home/yc/Documents/ROS2/ros_robot_controller-ros2/build/ros_control_station/prefix_override:/usr/lib/python3/dist-packages/colcon_core/task/python/colcon_distutils_commands:/home/yc/Documents/ROS2/ros_robot_controller-ros2/install/ros_control_station/lib/python3.12/site-packages:/home/yc/Documents/ROS2/ros_robot_controller-ros2/install/ros_robot_controller_msgs/lib/python3.12/site-packages:/home/yc/Documents/ROS2/ros_robot_controller-ros2/install/ros_robot_controller/lib/python3.12/site-packages:/home/yc/Documents/ROS2/ros_robot_controller-ros2/install/ros_control_station/lib/python3.12/site-packages:/opt/ros/jazzy/lib/python3.12/site-packages /usr/bin/python3 -W ignore:setup.py install is deprecated -W ignore:easy_install command is deprecated setup.py egg_info --egg-base ../../build/ros_control_station build --build-base /home/yc/Documents/ROS2/ros_robot_controller-ros2/build/ros_control_station/build install --record /home/yc/Documents/ROS2/ros_robot_controller-ros2/build/ros_control_station/install.log --single-version-externally-managed install_data
